2022-02-24 12:13:51.139 INFO  [acme.Launcher@main] Starting Launcher using Java 1.8.0_281 on DESKTOP-CV0IB0H with PID 2836 (C:\Users\Pablo Marín Gómez\Desktop\Workspace-22.0\Frameworks\Acme-Framework-22.1\target\classes started by Pablo Mar¡n G¢mez in C:\Users\Pablo Marín Gómez\git\Acme-One) 
2022-02-24 12:13:51.141 DEBUG [acme.Launcher@main] Running with Spring Boot v2.4.2, Spring v5.3.3 
2022-02-24 12:13:51.142 INFO  [acme.Launcher@main] The following profiles are active: development,default 
2022-02-24 12:13:55.255 DEBUG [org.apache.jasper.servlet.JasperInitializer@main] Initializing Jasper for context [application] 
2022-02-24 12:14:02.991 DEBUG [org.apache.jasper.servlet.JspServlet@main] Scratch dir for the JSP engine is: [C:\Users\Pablo Marín Gómez\AppData\Local\Temp\tomcat.8080.433013543327928622\work\Tomcat\localhost\hello-world-22.1] 
2022-02-24 12:14:02.992 DEBUG [org.apache.jasper.servlet.JspServlet@main] IMPORTANT: Do not modify the generated servlets 
2022-02-24 12:14:03.010 INFO  [acme.Launcher@main] Started Launcher in 13.173 seconds (JVM running for 14.855) 
2022-02-24 12:14:03.019 DEBUG [acme.Launcher@main] Found classpath entry '/C:/Users/Pablo%20Mar%c3%adn%20G%c3%b3mez/git/Acme-One/target/test-classes/' 
2022-02-24 12:14:03.019 DEBUG [acme.Launcher@main] Found classpath entry '/C:/Users/Pablo%20Mar%c3%adn%20G%c3%b3mez/git/Acme-One/target/classes/' 
2022-02-24 12:14:03.019 DEBUG [acme.Launcher@main] Found classpath entry '/C:/Users/Pablo%20Mar%c3%adn%20G%c3%b3mez/Desktop/Workspace-22.0/Frameworks/Acme-Framework-22.1/target/classes/' 
2022-02-24 12:14:03.020 DEBUG [acme.Launcher@main] Found classpath entry '/C:/Users/Pablo%20Mar%c3%adn%20G%c3%b3mez/Desktop/Workspace-22.0/Frameworks/Acme-Framework-22.1/target/test-classes/' 
2022-02-24 12:14:03.020 DEBUG [acme.Launcher@main] Found classpath entry '/C:/Users/Pablo%20Mar%c3%adn%20G%c3%b3mez/.m2/repository/org/springframework/boot/spring-boot-starter-tomcat/2.4.2/spring-boot-starter-tomcat-2.4.2.jar' 
2022-02-24 12:14:03.025 DEBUG [acme.Launcher@main] Found classpath entry '/C:/Users/Pablo%20Mar%c3%adn%20G%c3%b3mez/.m2/repository/jakarta/annotation/jakarta.annotation-api/1.3.5/jakarta.annotation-api-1.3.5.jar' 
2022-02-24 12:14:03.026 DEBUG [acme.Launcher@main] Found classpath entry '/C:/Users/Pablo%20Mar%c3%adn%20G%c3%b3mez/.m2/repository/org/apache/tomcat/embed/tomcat-embed-core/9.0.41/tomcat-embed-core-9.0.41.jar' 
2022-02-24 12:14:03.027 DEBUG [acme.Launcher@main] Found classpath entry '/C:/Users/Pablo%20Mar%c3%adn%20G%c3%b3mez/.m2/repository/org/glassfish/jakarta.el/3.0.3/jakarta.el-3.0.3.jar' 
2022-02-24 12:14:03.027 DEBUG [acme.Launcher@main] Found classpath entry '/C:/Users/Pablo%20Mar%c3%adn%20G%c3%b3mez/.m2/repository/org/apache/tomcat/embed/tomcat-embed-websocket/9.0.41/tomcat-embed-websocket-9.0.41.jar' 
2022-02-24 12:14:03.030 DEBUG [acme.Launcher@main] Found classpath entry '/C:/Users/Pablo%20Mar%c3%adn%20G%c3%b3mez/.m2/repository/org/apache/tomcat/embed/tomcat-embed-jasper/9.0.41/tomcat-embed-jasper-9.0.41.jar' 
2022-02-24 12:14:03.031 DEBUG [acme.Launcher@main] Found classpath entry '/C:/Users/Pablo%20Mar%c3%adn%20G%c3%b3mez/.m2/repository/org/apache/tomcat/embed/tomcat-embed-el/9.0.41/tomcat-embed-el-9.0.41.jar' 
2022-02-24 12:14:03.031 DEBUG [acme.Launcher@main] Found classpath entry '/C:/Users/Pablo%20Mar%c3%adn%20G%c3%b3mez/.m2/repository/org/eclipse/jdt/ecj/3.18.0/ecj-3.18.0.jar' 
2022-02-24 12:14:03.032 DEBUG [acme.Launcher@main] Found classpath entry '/C:/Users/Pablo%20Mar%c3%adn%20G%c3%b3mez/.m2/repository/javax/servlet/jstl/1.2/jstl-1.2.jar' 
2022-02-24 12:14:03.032 DEBUG [acme.Launcher@main] Found classpath entry '/C:/Users/Pablo%20Mar%c3%adn%20G%c3%b3mez/.m2/repository/org/springframework/boot/spring-boot-starter-test/2.4.2/spring-boot-starter-test-2.4.2.jar' 
2022-02-24 12:14:03.032 DEBUG [acme.Launcher@main] Found classpath entry '/C:/Users/Pablo%20Mar%c3%adn%20G%c3%b3mez/.m2/repository/org/springframework/boot/spring-boot-starter/2.4.2/spring-boot-starter-2.4.2.jar' 
2022-02-24 12:14:03.032 DEBUG [acme.Launcher@main] Found classpath entry '/C:/Users/Pablo%20Mar%c3%adn%20G%c3%b3mez/.m2/repository/org/springframework/boot/spring-boot/2.4.2/spring-boot-2.4.2.jar' 
2022-02-24 12:14:03.032 DEBUG [acme.Launcher@main] Found classpath entry '/C:/Users/Pablo%20Mar%c3%adn%20G%c3%b3mez/.m2/repository/org/springframework/boot/spring-boot-autoconfigure/2.4.2/spring-boot-autoconfigure-2.4.2.jar' 
2022-02-24 12:14:03.032 DEBUG [acme.Launcher@main] Found classpath entry '/C:/Users/Pablo%20Mar%c3%adn%20G%c3%b3mez/.m2/repository/org/springframework/boot/spring-boot-starter-logging/2.4.2/spring-boot-starter-logging-2.4.2.jar' 
2022-02-24 12:14:03.032 DEBUG [acme.Launcher@main] Found classpath entry '/C:/Users/Pablo%20Mar%c3%adn%20G%c3%b3mez/.m2/repository/ch/qos/logback/logback-classic/1.2.3/logback-classic-1.2.3.jar' 
2022-02-24 12:14:03.032 DEBUG [acme.Launcher@main] Found classpath entry '/C:/Users/Pablo%20Mar%c3%adn%20G%c3%b3mez/.m2/repository/ch/qos/logback/logback-core/1.2.3/logback-core-1.2.3.jar' 
2022-02-24 12:14:03.032 DEBUG [acme.Launcher@main] Found classpath entry '/C:/Users/Pablo%20Mar%c3%adn%20G%c3%b3mez/.m2/repository/org/apache/logging/log4j/log4j-to-slf4j/2.13.3/log4j-to-slf4j-2.13.3.jar' 
2022-02-24 12:14:03.032 DEBUG [acme.Launcher@main] Found classpath entry '/C:/Users/Pablo%20Mar%c3%adn%20G%c3%b3mez/.m2/repository/org/apache/logging/log4j/log4j-api/2.13.3/log4j-api-2.13.3.jar' 
2022-02-24 12:14:03.032 DEBUG [acme.Launcher@main] Found classpath entry '/C:/Users/Pablo%20Mar%c3%adn%20G%c3%b3mez/.m2/repository/org/slf4j/jul-to-slf4j/1.7.30/jul-to-slf4j-1.7.30.jar' 
2022-02-24 12:14:03.032 DEBUG [acme.Launcher@main] Found classpath entry '/C:/Users/Pablo%20Mar%c3%adn%20G%c3%b3mez/.m2/repository/org/yaml/snakeyaml/1.27/snakeyaml-1.27.jar' 
2022-02-24 12:14:03.032 DEBUG [acme.Launcher@main] Found classpath entry '/C:/Users/Pablo%20Mar%c3%adn%20G%c3%b3mez/.m2/repository/org/springframework/boot/spring-boot-test/2.4.2/spring-boot-test-2.4.2.jar' 
2022-02-24 12:14:03.032 DEBUG [acme.Launcher@main] Found classpath entry '/C:/Users/Pablo%20Mar%c3%adn%20G%c3%b3mez/.m2/repository/org/springframework/boot/spring-boot-test-autoconfigure/2.4.2/spring-boot-test-autoconfigure-2.4.2.jar' 
2022-02-24 12:14:03.032 DEBUG [acme.Launcher@main] Found classpath entry '/C:/Users/Pablo%20Mar%c3%adn%20G%c3%b3mez/.m2/repository/com/jayway/jsonpath/json-path/2.4.0/json-path-2.4.0.jar' 
2022-02-24 12:14:03.032 DEBUG [acme.Launcher@main] Found classpath entry '/C:/Users/Pablo%20Mar%c3%adn%20G%c3%b3mez/.m2/repository/net/minidev/json-smart/2.3/json-smart-2.3.jar' 
2022-02-24 12:14:03.032 DEBUG [acme.Launcher@main] Found classpath entry '/C:/Users/Pablo%20Mar%c3%adn%20G%c3%b3mez/.m2/repository/net/minidev/accessors-smart/1.2/accessors-smart-1.2.jar' 
2022-02-24 12:14:03.032 DEBUG [acme.Launcher@main] Found classpath entry '/C:/Users/Pablo%20Mar%c3%adn%20G%c3%b3mez/.m2/repository/org/ow2/asm/asm/5.0.4/asm-5.0.4.jar' 
2022-02-24 12:14:03.032 DEBUG [acme.Launcher@main] Found classpath entry '/C:/Users/Pablo%20Mar%c3%adn%20G%c3%b3mez/.m2/repository/jakarta/xml/bind/jakarta.xml.bind-api/2.3.3/jakarta.xml.bind-api-2.3.3.jar' 
2022-02-24 12:14:03.032 DEBUG [acme.Launcher@main] Found classpath entry '/C:/Users/Pablo%20Mar%c3%adn%20G%c3%b3mez/.m2/repository/jakarta/activation/jakarta.activation-api/1.2.2/jakarta.activation-api-1.2.2.jar' 
2022-02-24 12:14:03.032 DEBUG [acme.Launcher@main] Found classpath entry '/C:/Users/Pablo%20Mar%c3%adn%20G%c3%b3mez/.m2/repository/org/assertj/assertj-core/3.18.1/assertj-core-3.18.1.jar' 
2022-02-24 12:14:03.032 DEBUG [acme.Launcher@main] Found classpath entry '/C:/Users/Pablo%20Mar%c3%adn%20G%c3%b3mez/.m2/repository/org/hamcrest/hamcrest/2.2/hamcrest-2.2.jar' 
2022-02-24 12:14:03.032 DEBUG [acme.Launcher@main] Found classpath entry '/C:/Users/Pablo%20Mar%c3%adn%20G%c3%b3mez/.m2/repository/org/junit/jupiter/junit-jupiter/5.7.0/junit-jupiter-5.7.0.jar' 
2022-02-24 12:14:03.032 DEBUG [acme.Launcher@main] Found classpath entry '/C:/Users/Pablo%20Mar%c3%adn%20G%c3%b3mez/.m2/repository/org/mockito/mockito-core/3.6.28/mockito-core-3.6.28.jar' 
2022-02-24 12:14:03.032 DEBUG [acme.Launcher@main] Found classpath entry '/C:/Users/Pablo%20Mar%c3%adn%20G%c3%b3mez/.m2/repository/net/bytebuddy/byte-buddy-agent/1.10.19/byte-buddy-agent-1.10.19.jar' 
2022-02-24 12:14:03.032 DEBUG [acme.Launcher@main] Found classpath entry '/C:/Users/Pablo%20Mar%c3%adn%20G%c3%b3mez/.m2/repository/org/objenesis/objenesis/3.1/objenesis-3.1.jar' 
2022-02-24 12:14:03.032 DEBUG [acme.Launcher@main] Found classpath entry '/C:/Users/Pablo%20Mar%c3%adn%20G%c3%b3mez/.m2/repository/org/mockito/mockito-junit-jupiter/3.6.28/mockito-junit-jupiter-3.6.28.jar' 
2022-02-24 12:14:03.032 DEBUG [acme.Launcher@main] Found classpath entry '/C:/Users/Pablo%20Mar%c3%adn%20G%c3%b3mez/.m2/repository/org/skyscreamer/jsonassert/1.5.0/jsonassert-1.5.0.jar' 
2022-02-24 12:14:03.032 DEBUG [acme.Launcher@main] Found classpath entry '/C:/Users/Pablo%20Mar%c3%adn%20G%c3%b3mez/.m2/repository/com/vaadin/external/google/android-json/0.0.20131108.vaadin1/android-json-0.0.20131108.vaadin1.jar' 
2022-02-24 12:14:03.032 DEBUG [acme.Launcher@main] Found classpath entry '/C:/Users/Pablo%20Mar%c3%adn%20G%c3%b3mez/.m2/repository/org/springframework/spring-core/5.3.3/spring-core-5.3.3.jar' 
2022-02-24 12:14:03.032 DEBUG [acme.Launcher@main] Found classpath entry '/C:/Users/Pablo%20Mar%c3%adn%20G%c3%b3mez/.m2/repository/org/springframework/spring-jcl/5.3.3/spring-jcl-5.3.3.jar' 
2022-02-24 12:14:03.032 DEBUG [acme.Launcher@main] Found classpath entry '/C:/Users/Pablo%20Mar%c3%adn%20G%c3%b3mez/.m2/repository/org/springframework/spring-test/5.3.3/spring-test-5.3.3.jar' 
2022-02-24 12:14:03.040 DEBUG [acme.Launcher@main] Found classpath entry '/C:/Users/Pablo%20Mar%c3%adn%20G%c3%b3mez/.m2/repository/org/xmlunit/xmlunit-core/2.7.0/xmlunit-core-2.7.0.jar' 
2022-02-24 12:14:03.040 DEBUG [acme.Launcher@main] Found classpath entry '/C:/Users/Pablo%20Mar%c3%adn%20G%c3%b3mez/.m2/repository/org/springframework/boot/spring-boot-starter-security/2.4.2/spring-boot-starter-security-2.4.2.jar' 
2022-02-24 12:14:03.040 DEBUG [acme.Launcher@main] Found classpath entry '/C:/Users/Pablo%20Mar%c3%adn%20G%c3%b3mez/.m2/repository/org/springframework/spring-aop/5.3.3/spring-aop-5.3.3.jar' 
2022-02-24 12:14:03.040 DEBUG [acme.Launcher@main] Found classpath entry '/C:/Users/Pablo%20Mar%c3%adn%20G%c3%b3mez/.m2/repository/org/springframework/security/spring-security-web/5.4.2/spring-security-web-5.4.2.jar' 
2022-02-24 12:14:03.040 DEBUG [acme.Launcher@main] Found classpath entry '/C:/Users/Pablo%20Mar%c3%adn%20G%c3%b3mez/.m2/repository/org/springframework/security/spring-security-core/5.4.2/spring-security-core-5.4.2.jar' 
2022-02-24 12:14:03.040 DEBUG [acme.Launcher@main] Found classpath entry '/C:/Users/Pablo%20Mar%c3%adn%20G%c3%b3mez/.m2/repository/org/springframework/spring-beans/5.3.3/spring-beans-5.3.3.jar' 
2022-02-24 12:14:03.040 DEBUG [acme.Launcher@main] Found classpath entry '/C:/Users/Pablo%20Mar%c3%adn%20G%c3%b3mez/.m2/repository/org/springframework/spring-context/5.3.3/spring-context-5.3.3.jar' 
2022-02-24 12:14:03.040 DEBUG [acme.Launcher@main] Found classpath entry '/C:/Users/Pablo%20Mar%c3%adn%20G%c3%b3mez/.m2/repository/org/springframework/spring-expression/5.3.3/spring-expression-5.3.3.jar' 
2022-02-24 12:14:03.040 DEBUG [acme.Launcher@main] Found classpath entry '/C:/Users/Pablo%20Mar%c3%adn%20G%c3%b3mez/.m2/repository/org/springframework/spring-web/5.3.3/spring-web-5.3.3.jar' 
2022-02-24 12:14:03.040 DEBUG [acme.Launcher@main] Found classpath entry '/C:/Users/Pablo%20Mar%c3%adn%20G%c3%b3mez/.m2/repository/org/springframework/security/spring-security-config/5.4.2/spring-security-config-5.4.2.jar' 
2022-02-24 12:14:03.042 DEBUG [acme.Launcher@main] Found classpath entry '/C:/Users/Pablo%20Mar%c3%adn%20G%c3%b3mez/.m2/repository/org/springframework/security/spring-security-taglibs/5.4.2/spring-security-taglibs-5.4.2.jar' 
2022-02-24 12:14:03.042 DEBUG [acme.Launcher@main] Found classpath entry '/C:/Users/Pablo%20Mar%c3%adn%20G%c3%b3mez/.m2/repository/org/springframework/security/spring-security-acl/5.4.2/spring-security-acl-5.4.2.jar' 
2022-02-24 12:14:03.042 DEBUG [acme.Launcher@main] Found classpath entry '/C:/Users/Pablo%20Mar%c3%adn%20G%c3%b3mez/.m2/repository/org/springframework/spring-jdbc/5.3.3/spring-jdbc-5.3.3.jar' 
2022-02-24 12:14:03.042 DEBUG [acme.Launcher@main] Found classpath entry '/C:/Users/Pablo%20Mar%c3%adn%20G%c3%b3mez/.m2/repository/org/springframework/spring-tx/5.3.3/spring-tx-5.3.3.jar' 
2022-02-24 12:14:03.042 DEBUG [acme.Launcher@main] Found classpath entry '/C:/Users/Pablo%20Mar%c3%adn%20G%c3%b3mez/.m2/repository/org/springframework/boot/spring-boot-starter-web/2.4.2/spring-boot-starter-web-2.4.2.jar' 
2022-02-24 12:14:03.042 DEBUG [acme.Launcher@main] Found classpath entry '/C:/Users/Pablo%20Mar%c3%adn%20G%c3%b3mez/.m2/repository/org/springframework/boot/spring-boot-starter-json/2.4.2/spring-boot-starter-json-2.4.2.jar' 
2022-02-24 12:14:03.042 DEBUG [acme.Launcher@main] Found classpath entry '/C:/Users/Pablo%20Mar%c3%adn%20G%c3%b3mez/.m2/repository/com/fasterxml/jackson/core/jackson-databind/2.11.4/jackson-databind-2.11.4.jar' 
2022-02-24 12:14:03.042 DEBUG [acme.Launcher@main] Found classpath entry '/C:/Users/Pablo%20Mar%c3%adn%20G%c3%b3mez/.m2/repository/com/fasterxml/jackson/core/jackson-annotations/2.11.4/jackson-annotations-2.11.4.jar' 
2022-02-24 12:14:03.042 DEBUG [acme.Launcher@main] Found classpath entry '/C:/Users/Pablo%20Mar%c3%adn%20G%c3%b3mez/.m2/repository/com/fasterxml/jackson/core/jackson-core/2.11.4/jackson-core-2.11.4.jar' 
2022-02-24 12:14:03.042 DEBUG [acme.Launcher@main] Found classpath entry '/C:/Users/Pablo%20Mar%c3%adn%20G%c3%b3mez/.m2/repository/com/fasterxml/jackson/datatype/jackson-datatype-jdk8/2.11.4/jackson-datatype-jdk8-2.11.4.jar' 
2022-02-24 12:14:03.042 DEBUG [acme.Launcher@main] Found classpath entry '/C:/Users/Pablo%20Mar%c3%adn%20G%c3%b3mez/.m2/repository/com/fasterxml/jackson/datatype/jackson-datatype-jsr310/2.11.4/jackson-datatype-jsr310-2.11.4.jar' 
2022-02-24 12:14:03.042 DEBUG [acme.Launcher@main] Found classpath entry '/C:/Users/Pablo%20Mar%c3%adn%20G%c3%b3mez/.m2/repository/com/fasterxml/jackson/module/jackson-module-parameter-names/2.11.4/jackson-module-parameter-names-2.11.4.jar' 
2022-02-24 12:14:03.042 DEBUG [acme.Launcher@main] Found classpath entry '/C:/Users/Pablo%20Mar%c3%adn%20G%c3%b3mez/.m2/repository/org/springframework/spring-webmvc/5.3.3/spring-webmvc-5.3.3.jar' 
2022-02-24 12:14:03.045 DEBUG [acme.Launcher@main] Found classpath entry '/C:/Users/Pablo%20Mar%c3%adn%20G%c3%b3mez/.m2/repository/org/apache/tiles/tiles-jsp/3.0.8/tiles-jsp-3.0.8.jar' 
2022-02-24 12:14:03.045 DEBUG [acme.Launcher@main] Found classpath entry '/C:/Users/Pablo%20Mar%c3%adn%20G%c3%b3mez/.m2/repository/org/apache/tiles/tiles-servlet/3.0.8/tiles-servlet-3.0.8.jar' 
2022-02-24 12:14:03.046 DEBUG [acme.Launcher@main] Found classpath entry '/C:/Users/Pablo%20Mar%c3%adn%20G%c3%b3mez/.m2/repository/org/apache/tiles/tiles-core/3.0.8/tiles-core-3.0.8.jar' 
2022-02-24 12:14:03.046 DEBUG [acme.Launcher@main] Found classpath entry '/C:/Users/Pablo%20Mar%c3%adn%20G%c3%b3mez/.m2/repository/commons-digester/commons-digester/2.0/commons-digester-2.0.jar' 
2022-02-24 12:14:03.047 DEBUG [acme.Launcher@main] Found classpath entry '/C:/Users/Pablo%20Mar%c3%adn%20G%c3%b3mez/.m2/repository/org/slf4j/jcl-over-slf4j/1.7.30/jcl-over-slf4j-1.7.30.jar' 
2022-02-24 12:14:03.047 DEBUG [acme.Launcher@main] Found classpath entry '/C:/Users/Pablo%20Mar%c3%adn%20G%c3%b3mez/.m2/repository/org/apache/tiles/tiles-request-servlet/1.0.7/tiles-request-servlet-1.0.7.jar' 
2022-02-24 12:14:03.047 DEBUG [acme.Launcher@main] Found classpath entry '/C:/Users/Pablo%20Mar%c3%adn%20G%c3%b3mez/.m2/repository/org/apache/tiles/tiles-template/3.0.8/tiles-template-3.0.8.jar' 
2022-02-24 12:14:03.047 DEBUG [acme.Launcher@main] Found classpath entry '/C:/Users/Pablo%20Mar%c3%adn%20G%c3%b3mez/.m2/repository/org/apache/tiles/tiles-api/3.0.8/tiles-api-3.0.8.jar' 
2022-02-24 12:14:03.048 DEBUG [acme.Launcher@main] Found classpath entry '/C:/Users/Pablo%20Mar%c3%adn%20G%c3%b3mez/.m2/repository/org/apache/tiles/tiles-autotag-core-runtime/1.2/tiles-autotag-core-runtime-1.2.jar' 
2022-02-24 12:14:03.048 DEBUG [acme.Launcher@main] Found classpath entry '/C:/Users/Pablo%20Mar%c3%adn%20G%c3%b3mez/.m2/repository/org/slf4j/slf4j-api/1.7.30/slf4j-api-1.7.30.jar' 
2022-02-24 12:14:03.048 DEBUG [acme.Launcher@main] Found classpath entry '/C:/Users/Pablo%20Mar%c3%adn%20G%c3%b3mez/.m2/repository/org/apache/tiles/tiles-request-jsp/1.0.7/tiles-request-jsp-1.0.7.jar' 
2022-02-24 12:14:03.048 DEBUG [acme.Launcher@main] Found classpath entry '/C:/Users/Pablo%20Mar%c3%adn%20G%c3%b3mez/.m2/repository/org/apache/tiles/tiles-request-api/1.0.7/tiles-request-api-1.0.7.jar' 
2022-02-24 12:14:03.048 DEBUG [acme.Launcher@main] Found classpath entry '/C:/Users/Pablo%20Mar%c3%adn%20G%c3%b3mez/.m2/repository/org/springframework/boot/spring-boot-starter-data-jpa/2.4.2/spring-boot-starter-data-jpa-2.4.2.jar' 
2022-02-24 12:14:03.048 DEBUG [acme.Launcher@main] Found classpath entry '/C:/Users/Pablo%20Mar%c3%adn%20G%c3%b3mez/.m2/repository/org/springframework/boot/spring-boot-starter-aop/2.4.2/spring-boot-starter-aop-2.4.2.jar' 
2022-02-24 12:14:03.048 DEBUG [acme.Launcher@main] Found classpath entry '/C:/Users/Pablo%20Mar%c3%adn%20G%c3%b3mez/.m2/repository/org/aspectj/aspectjweaver/1.9.6/aspectjweaver-1.9.6.jar' 
2022-02-24 12:14:03.048 DEBUG [acme.Launcher@main] Found classpath entry '/C:/Users/Pablo%20Mar%c3%adn%20G%c3%b3mez/.m2/repository/org/springframework/boot/spring-boot-starter-jdbc/2.4.2/spring-boot-starter-jdbc-2.4.2.jar' 
2022-02-24 12:14:03.048 DEBUG [acme.Launcher@main] Found classpath entry '/C:/Users/Pablo%20Mar%c3%adn%20G%c3%b3mez/.m2/repository/jakarta/transaction/jakarta.transaction-api/1.3.3/jakarta.transaction-api-1.3.3.jar' 
2022-02-24 12:14:03.050 DEBUG [acme.Launcher@main] Found classpath entry '/C:/Users/Pablo%20Mar%c3%adn%20G%c3%b3mez/.m2/repository/jakarta/persistence/jakarta.persistence-api/2.2.3/jakarta.persistence-api-2.2.3.jar' 
2022-02-24 12:14:03.050 DEBUG [acme.Launcher@main] Found classpath entry '/C:/Users/Pablo%20Mar%c3%adn%20G%c3%b3mez/.m2/repository/org/hibernate/hibernate-core/5.4.27.Final/hibernate-core-5.4.27.Final.jar' 
2022-02-24 12:14:03.051 DEBUG [acme.Launcher@main] Found classpath entry '/C:/Users/Pablo%20Mar%c3%adn%20G%c3%b3mez/.m2/repository/org/jboss/logging/jboss-logging/3.4.1.Final/jboss-logging-3.4.1.Final.jar' 
2022-02-24 12:14:03.051 DEBUG [acme.Launcher@main] Found classpath entry '/C:/Users/Pablo%20Mar%c3%adn%20G%c3%b3mez/.m2/repository/org/javassist/javassist/3.27.0-GA/javassist-3.27.0-GA.jar' 
2022-02-24 12:14:03.051 DEBUG [acme.Launcher@main] Found classpath entry '/C:/Users/Pablo%20Mar%c3%adn%20G%c3%b3mez/.m2/repository/antlr/antlr/2.7.7/antlr-2.7.7.jar' 
2022-02-24 12:14:03.051 DEBUG [acme.Launcher@main] Found classpath entry '/C:/Users/Pablo%20Mar%c3%adn%20G%c3%b3mez/.m2/repository/org/jboss/jandex/2.1.3.Final/jandex-2.1.3.Final.jar' 
2022-02-24 12:14:03.052 DEBUG [acme.Launcher@main] Found classpath entry '/C:/Users/Pablo%20Mar%c3%adn%20G%c3%b3mez/.m2/repository/com/fasterxml/classmate/1.5.1/classmate-1.5.1.jar' 
2022-02-24 12:14:03.052 DEBUG [acme.Launcher@main] Found classpath entry '/C:/Users/Pablo%20Mar%c3%adn%20G%c3%b3mez/.m2/repository/org/dom4j/dom4j/2.1.3/dom4j-2.1.3.jar' 
2022-02-24 12:14:03.052 DEBUG [acme.Launcher@main] Found classpath entry '/C:/Users/Pablo%20Mar%c3%adn%20G%c3%b3mez/.m2/repository/org/hibernate/common/hibernate-commons-annotations/5.1.2.Final/hibernate-commons-annotations-5.1.2.Final.jar' 
2022-02-24 12:14:03.052 DEBUG [acme.Launcher@main] Found classpath entry '/C:/Users/Pablo%20Mar%c3%adn%20G%c3%b3mez/.m2/repository/org/glassfish/jaxb/jaxb-runtime/2.3.3/jaxb-runtime-2.3.3.jar' 
2022-02-24 12:14:03.053 DEBUG [acme.Launcher@main] Found classpath entry '/C:/Users/Pablo%20Mar%c3%adn%20G%c3%b3mez/.m2/repository/org/glassfish/jaxb/txw2/2.3.3/txw2-2.3.3.jar' 
2022-02-24 12:14:03.053 DEBUG [acme.Launcher@main] Found classpath entry '/C:/Users/Pablo%20Mar%c3%adn%20G%c3%b3mez/.m2/repository/com/sun/istack/istack-commons-runtime/3.0.11/istack-commons-runtime-3.0.11.jar' 
2022-02-24 12:14:03.054 DEBUG [acme.Launcher@main] Found classpath entry '/C:/Users/Pablo%20Mar%c3%adn%20G%c3%b3mez/.m2/repository/com/sun/activation/jakarta.activation/1.2.2/jakarta.activation-1.2.2.jar' 
2022-02-24 12:14:03.054 DEBUG [acme.Launcher@main] Found classpath entry '/C:/Users/Pablo%20Mar%c3%adn%20G%c3%b3mez/.m2/repository/org/springframework/data/spring-data-jpa/2.4.3/spring-data-jpa-2.4.3.jar' 
2022-02-24 12:14:03.054 DEBUG [acme.Launcher@main] Found classpath entry '/C:/Users/Pablo%20Mar%c3%adn%20G%c3%b3mez/.m2/repository/org/springframework/data/spring-data-commons/2.4.3/spring-data-commons-2.4.3.jar' 
2022-02-24 12:14:03.054 DEBUG [acme.Launcher@main] Found classpath entry '/C:/Users/Pablo%20Mar%c3%adn%20G%c3%b3mez/.m2/repository/org/springframework/spring-orm/5.3.3/spring-orm-5.3.3.jar' 
2022-02-24 12:14:03.055 DEBUG [acme.Launcher@main] Found classpath entry '/C:/Users/Pablo%20Mar%c3%adn%20G%c3%b3mez/.m2/repository/org/springframework/spring-aspects/5.3.3/spring-aspects-5.3.3.jar' 
2022-02-24 12:14:03.055 DEBUG [acme.Launcher@main] Found classpath entry '/C:/Users/Pablo%20Mar%c3%adn%20G%c3%b3mez/.m2/repository/org/springframework/boot/spring-boot-starter-validation/2.4.2/spring-boot-starter-validation-2.4.2.jar' 
2022-02-24 12:14:03.055 DEBUG [acme.Launcher@main] Found classpath entry '/C:/Users/Pablo%20Mar%c3%adn%20G%c3%b3mez/.m2/repository/org/hibernate/validator/hibernate-validator/6.1.7.Final/hibernate-validator-6.1.7.Final.jar' 
2022-02-24 12:14:03.055 DEBUG [acme.Launcher@main] Found classpath entry '/C:/Users/Pablo%20Mar%c3%adn%20G%c3%b3mez/.m2/repository/jakarta/validation/jakarta.validation-api/2.0.2/jakarta.validation-api-2.0.2.jar' 
2022-02-24 12:14:03.055 DEBUG [acme.Launcher@main] Found classpath entry '/C:/Users/Pablo%20Mar%c3%adn%20G%c3%b3mez/.m2/repository/mysql/mysql-connector-java/8.0.22/mysql-connector-java-8.0.22.jar' 
2022-02-24 12:14:03.055 DEBUG [acme.Launcher@main] Found classpath entry '/C:/Users/Pablo%20Mar%c3%adn%20G%c3%b3mez/.m2/repository/com/zaxxer/HikariCP/3.4.5/HikariCP-3.4.5.jar' 
2022-02-24 12:14:03.056 DEBUG [acme.Launcher@main] Found classpath entry '/C:/Users/Pablo%20Mar%c3%adn%20G%c3%b3mez/.m2/repository/org/junit/jupiter/junit-jupiter-engine/5.7.0/junit-jupiter-engine-5.7.0.jar' 
2022-02-24 12:14:03.056 DEBUG [acme.Launcher@main] Found classpath entry '/C:/Users/Pablo%20Mar%c3%adn%20G%c3%b3mez/.m2/repository/org/apiguardian/apiguardian-api/1.1.0/apiguardian-api-1.1.0.jar' 
2022-02-24 12:14:03.056 DEBUG [acme.Launcher@main] Found classpath entry '/C:/Users/Pablo%20Mar%c3%adn%20G%c3%b3mez/.m2/repository/org/junit/platform/junit-platform-engine/1.7.0/junit-platform-engine-1.7.0.jar' 
2022-02-24 12:14:03.056 DEBUG [acme.Launcher@main] Found classpath entry '/C:/Users/Pablo%20Mar%c3%adn%20G%c3%b3mez/.m2/repository/org/junit/jupiter/junit-jupiter-api/5.7.0/junit-jupiter-api-5.7.0.jar' 
2022-02-24 12:14:03.057 DEBUG [acme.Launcher@main] Found classpath entry '/C:/Users/Pablo%20Mar%c3%adn%20G%c3%b3mez/.m2/repository/org/opentest4j/opentest4j/1.2.0/opentest4j-1.2.0.jar' 
2022-02-24 12:14:03.057 DEBUG [acme.Launcher@main] Found classpath entry '/C:/Users/Pablo%20Mar%c3%adn%20G%c3%b3mez/.m2/repository/org/junit/platform/junit-platform-commons/1.7.0/junit-platform-commons-1.7.0.jar' 
2022-02-24 12:14:03.057 DEBUG [acme.Launcher@main] Found classpath entry '/C:/Users/Pablo%20Mar%c3%adn%20G%c3%b3mez/.m2/repository/org/junit/jupiter/junit-jupiter-params/5.7.0/junit-jupiter-params-5.7.0.jar' 
2022-02-24 12:14:03.058 DEBUG [acme.Launcher@main] Found classpath entry '/C:/Users/Pablo%20Mar%c3%adn%20G%c3%b3mez/.m2/repository/org/junit/platform/junit-platform-launcher/1.7.0/junit-platform-launcher-1.7.0.jar' 
2022-02-24 12:14:03.058 DEBUG [acme.Launcher@main] Found classpath entry '/C:/Users/Pablo%20Mar%c3%adn%20G%c3%b3mez/.m2/repository/org/seleniumhq/selenium/selenium-java/3.141.59/selenium-java-3.141.59.jar' 
2022-02-24 12:14:03.058 DEBUG [acme.Launcher@main] Found classpath entry '/C:/Users/Pablo%20Mar%c3%adn%20G%c3%b3mez/.m2/repository/org/seleniumhq/selenium/selenium-api/3.141.59/selenium-api-3.141.59.jar' 
2022-02-24 12:14:03.058 DEBUG [acme.Launcher@main] Found classpath entry '/C:/Users/Pablo%20Mar%c3%adn%20G%c3%b3mez/.m2/repository/org/seleniumhq/selenium/selenium-chrome-driver/3.141.59/selenium-chrome-driver-3.141.59.jar' 
2022-02-24 12:14:03.059 DEBUG [acme.Launcher@main] Found classpath entry '/C:/Users/Pablo%20Mar%c3%adn%20G%c3%b3mez/.m2/repository/org/seleniumhq/selenium/selenium-edge-driver/3.141.59/selenium-edge-driver-3.141.59.jar' 
2022-02-24 12:14:03.059 DEBUG [acme.Launcher@main] Found classpath entry '/C:/Users/Pablo%20Mar%c3%adn%20G%c3%b3mez/.m2/repository/org/seleniumhq/selenium/selenium-firefox-driver/3.141.59/selenium-firefox-driver-3.141.59.jar' 
2022-02-24 12:14:03.060 DEBUG [acme.Launcher@main] Found classpath entry '/C:/Users/Pablo%20Mar%c3%adn%20G%c3%b3mez/.m2/repository/org/seleniumhq/selenium/selenium-ie-driver/3.141.59/selenium-ie-driver-3.141.59.jar' 
2022-02-24 12:14:03.060 DEBUG [acme.Launcher@main] Found classpath entry '/C:/Users/Pablo%20Mar%c3%adn%20G%c3%b3mez/.m2/repository/org/seleniumhq/selenium/selenium-opera-driver/3.141.59/selenium-opera-driver-3.141.59.jar' 
2022-02-24 12:14:03.060 DEBUG [acme.Launcher@main] Found classpath entry '/C:/Users/Pablo%20Mar%c3%adn%20G%c3%b3mez/.m2/repository/org/seleniumhq/selenium/selenium-remote-driver/3.141.59/selenium-remote-driver-3.141.59.jar' 
2022-02-24 12:14:03.060 DEBUG [acme.Launcher@main] Found classpath entry '/C:/Users/Pablo%20Mar%c3%adn%20G%c3%b3mez/.m2/repository/org/seleniumhq/selenium/selenium-safari-driver/3.141.59/selenium-safari-driver-3.141.59.jar' 
2022-02-24 12:14:03.061 DEBUG [acme.Launcher@main] Found classpath entry '/C:/Users/Pablo%20Mar%c3%adn%20G%c3%b3mez/.m2/repository/org/seleniumhq/selenium/selenium-support/3.141.59/selenium-support-3.141.59.jar' 
2022-02-24 12:14:03.061 DEBUG [acme.Launcher@main] Found classpath entry '/C:/Users/Pablo%20Mar%c3%adn%20G%c3%b3mez/.m2/repository/net/bytebuddy/byte-buddy/1.10.19/byte-buddy-1.10.19.jar' 
2022-02-24 12:14:03.061 DEBUG [acme.Launcher@main] Found classpath entry '/C:/Users/Pablo%20Mar%c3%adn%20G%c3%b3mez/.m2/repository/org/apache/commons/commons-exec/1.3/commons-exec-1.3.jar' 
2022-02-24 12:14:03.061 DEBUG [acme.Launcher@main] Found classpath entry '/C:/Users/Pablo%20Mar%c3%adn%20G%c3%b3mez/.m2/repository/com/google/guava/guava/25.0-jre/guava-25.0-jre.jar' 
2022-02-24 12:14:03.061 DEBUG [acme.Launcher@main] Found classpath entry '/C:/Users/Pablo%20Mar%c3%adn%20G%c3%b3mez/.m2/repository/com/google/code/findbugs/jsr305/1.3.9/jsr305-1.3.9.jar' 
2022-02-24 12:14:03.063 DEBUG [acme.Launcher@main] Found classpath entry '/C:/Users/Pablo%20Mar%c3%adn%20G%c3%b3mez/.m2/repository/org/checkerframework/checker-compat-qual/2.0.0/checker-compat-qual-2.0.0.jar' 
2022-02-24 12:14:03.063 DEBUG [acme.Launcher@main] Found classpath entry '/C:/Users/Pablo%20Mar%c3%adn%20G%c3%b3mez/.m2/repository/com/google/errorprone/error_prone_annotations/2.1.3/error_prone_annotations-2.1.3.jar' 
2022-02-24 12:14:03.063 DEBUG [acme.Launcher@main] Found classpath entry '/C:/Users/Pablo%20Mar%c3%adn%20G%c3%b3mez/.m2/repository/com/google/j2objc/j2objc-annotations/1.1/j2objc-annotations-1.1.jar' 
2022-02-24 12:14:03.063 DEBUG [acme.Launcher@main] Found classpath entry '/C:/Users/Pablo%20Mar%c3%adn%20G%c3%b3mez/.m2/repository/org/codehaus/mojo/animal-sniffer-annotations/1.14/animal-sniffer-annotations-1.14.jar' 
2022-02-24 12:14:03.063 DEBUG [acme.Launcher@main] Found classpath entry '/C:/Users/Pablo%20Mar%c3%adn%20G%c3%b3mez/.m2/repository/com/squareup/okhttp3/okhttp/3.14.9/okhttp-3.14.9.jar' 
2022-02-24 12:14:03.063 DEBUG [acme.Launcher@main] Found classpath entry '/C:/Users/Pablo%20Mar%c3%adn%20G%c3%b3mez/.m2/repository/com/squareup/okio/okio/1.14.0/okio-1.14.0.jar' 
2022-02-24 12:14:03.063 DEBUG [acme.Launcher@main] Found classpath entry '/C:/Users/Pablo%20Mar%c3%adn%20G%c3%b3mez/.m2/repository/org/apache/commons/commons-lang3/3.11/commons-lang3-3.11.jar' 
2022-02-24 12:14:03.063 DEBUG [acme.Launcher@main] Found classpath entry '/C:/Users/Pablo%20Mar%c3%adn%20G%c3%b3mez/.m2/repository/org/apache/commons/commons-text/1.8/commons-text-1.8.jar' 
2022-02-24 12:14:03.063 DEBUG [acme.Launcher@main] Found classpath entry '/C:/Users/Pablo%20Mar%c3%adn%20G%c3%b3mez/.m2/repository/commons-io/commons-io/2.6/commons-io-2.6.jar' 
2022-02-24 12:14:03.063 DEBUG [acme.Launcher@main] Found classpath entry '/C:/Users/Pablo%20Mar%c3%adn%20G%c3%b3mez/.m2/repository/commons-cli/commons-cli/1.4/commons-cli-1.4.jar' 
2022-02-24 12:14:03.063 DEBUG [acme.Launcher@main] Found classpath entry '/C:/Users/Pablo%20Mar%c3%adn%20G%c3%b3mez/.m2/repository/org/projectlombok/lombok/1.18.16/lombok-1.18.16.jar' 
2022-02-24 12:14:03.064 DEBUG [acme.Launcher@main] Found classpath entry '/C:/Users/Pablo%20Mar%c3%adn%20G%c3%b3mez/.m2/repository/com/opencsv/opencsv/5.4/opencsv-5.4.jar' 
2022-02-24 12:14:03.064 DEBUG [acme.Launcher@main] Found classpath entry '/C:/Users/Pablo%20Mar%c3%adn%20G%c3%b3mez/.m2/repository/commons-beanutils/commons-beanutils/1.9.4/commons-beanutils-1.9.4.jar' 
2022-02-24 12:14:03.064 DEBUG [acme.Launcher@main] Found classpath entry '/C:/Users/Pablo%20Mar%c3%adn%20G%c3%b3mez/.m2/repository/commons-logging/commons-logging/1.2/commons-logging-1.2.jar' 
2022-02-24 12:14:03.064 DEBUG [acme.Launcher@main] Found classpath entry '/C:/Users/Pablo%20Mar%c3%adn%20G%c3%b3mez/.m2/repository/commons-collections/commons-collections/3.2.2/commons-collections-3.2.2.jar' 
2022-02-24 12:14:03.064 DEBUG [acme.Launcher@main] Found classpath entry '/C:/Users/Pablo%20Mar%c3%adn%20G%c3%b3mez/.m2/repository/org/apache/commons/commons-collections4/4.4/commons-collections4-4.4.jar' 
2022-02-24 12:14:03.065 DEBUG [acme.Launcher@main] Found classpath entry '/C:/Users/Pablo%20Mar%c3%adn%20G%c3%b3mez/Desktop/Workspace-22.0/Tools/IDEs/eclipse-jee-2021-12-R/configuration/org.eclipse.osgi/418/0/.cp/lib/javaagent-shaded.jar' 
2022-02-24 12:14:03.133 DEBUG [acme.Launcher@main] Found entity class 'acme.roles.Consumer 
2022-02-24 12:14:03.133 DEBUG [acme.Launcher@main] Found entity class 'acme.roles.Provider 
2022-02-24 12:14:03.134 DEBUG [acme.Launcher@main] Found entity class 'acme.framework.entities.UserAccount 
2022-02-24 12:14:03.134 DEBUG [acme.Launcher@main] Found entity class 'acme.framework.roles.Administrator 
2022-02-24 12:14:03.134 DEBUG [acme.Launcher@main] Found entity class 'acme.framework.roles.Anonymous 
2022-02-24 12:14:03.134 DEBUG [acme.Launcher@main] Found entity class 'acme.framework.roles.Authenticated 
2022-02-24 12:14:03.141 INFO  [acme.Launcher@main] Running application (Standalone) 
2022-02-24 12:14:10.026 DEBUG [acme.framework.components.tiles.DynamicTilesView@http-nio-8080-exec-1] View name 'fragments/welcome', model {} 
2022-02-24 12:14:10.049 DEBUG [org.apache.tiles.definition.dao.BaseLocaleUrlDefinitionDAO@http-nio-8080-exec-1] File Resource file:/C:/Users/Pablo%20Marín%20Gómez/git/Acme-One/target/classes/WEB-INF/views/master/tiles_en.xml at file:/C:/Users/Pablo%20Marín%20Gómez/git/Acme-One/target/classes/WEB-INF/views/master/tiles_en.xml not found, continue 
2022-02-24 12:14:10.063 DEBUG [org.apache.jasper.servlet.JspServlet@http-nio-8080-exec-1] JspEngine --> /WEB-INF/views/master/page.jsp 
2022-02-24 12:14:10.063 DEBUG [org.apache.jasper.servlet.JspServlet@http-nio-8080-exec-1] ServletPath: /WEB-INF/views/master/page.jsp 
2022-02-24 12:14:10.063 DEBUG [org.apache.jasper.servlet.JspServlet@http-nio-8080-exec-1] PathInfo: null 
2022-02-24 12:14:10.063 DEBUG [org.apache.jasper.servlet.JspServlet@http-nio-8080-exec-1] RealPath: C:\Users\Pablo Marín Gómez\git\Acme-One\target\classes\WEB-INF\views\master\page.jsp 
2022-02-24 12:14:10.063 DEBUG [org.apache.jasper.servlet.JspServlet@http-nio-8080-exec-1] RequestURI: /hello-world-22.1/WEB-INF/views/master/page.jsp 
2022-02-24 12:14:10.063 DEBUG [org.apache.jasper.servlet.JspServlet@http-nio-8080-exec-1] QueryString: null 
2022-02-24 12:14:14.599 DEBUG [acme.framework.configuration.ExtendedMessageSource@http-nio-8080-exec-1] Loading properties [C:\Users\Pablo Marín Gómez\git\Acme-One\target\classes\WEB-INF\views\administrator\user-account\messages-en.i18n] with encoding 'utf-8' 
2022-02-24 12:14:14.601 DEBUG [acme.framework.configuration.ExtendedMessageSource@http-nio-8080-exec-1] Loading properties [C:\Users\Pablo Marín Gómez\git\Acme-One\target\classes\WEB-INF\views\anonymous\user-account\messages-en.i18n] with encoding 'utf-8' 
2022-02-24 12:14:14.603 DEBUG [acme.framework.configuration.ExtendedMessageSource@http-nio-8080-exec-1] Loading properties [C:\Users\Pablo Marín Gómez\git\Acme-One\target\classes\WEB-INF\views\authenticated\consumer\messsages-en.i18n] with encoding 'utf-8' 
2022-02-24 12:14:14.604 DEBUG [acme.framework.configuration.ExtendedMessageSource@http-nio-8080-exec-1] Loading properties [C:\Users\Pablo Marín Gómez\git\Acme-One\target\classes\WEB-INF\views\authenticated\provider\messsages-en.i18n] with encoding 'utf-8' 
2022-02-24 12:14:14.605 DEBUG [acme.framework.configuration.ExtendedMessageSource@http-nio-8080-exec-1] Loading properties [C:\Users\Pablo Marín Gómez\git\Acme-One\target\classes\WEB-INF\views\authenticated\user-account\messages-en.i18n] with encoding 'utf-8' 
2022-02-24 12:14:14.606 DEBUG [acme.framework.configuration.ExtendedMessageSource@http-nio-8080-exec-1] Loading properties [C:\Users\Pablo Marín Gómez\git\Acme-One\target\classes\WEB-INF\views\fragments\banner-en.i18n] with encoding 'utf-8' 
2022-02-24 12:14:14.606 DEBUG [acme.framework.configuration.ExtendedMessageSource@http-nio-8080-exec-1] Loading properties [C:\Users\Pablo Marín Gómez\git\Acme-One\target\classes\WEB-INF\views\fragments\company-en.i18n] with encoding 'utf-8' 
2022-02-24 12:14:14.608 DEBUG [acme.framework.configuration.ExtendedMessageSource@http-nio-8080-exec-1] Loading properties [C:\Users\Pablo Marín Gómez\git\Acme-One\target\classes\WEB-INF\views\fragments\footer-en.i18n] with encoding 'utf-8' 
2022-02-24 12:14:14.608 DEBUG [acme.framework.configuration.ExtendedMessageSource@http-nio-8080-exec-1] Loading properties [C:\Users\Pablo Marín Gómez\git\Acme-One\target\classes\WEB-INF\views\fragments\license-en.i18n] with encoding 'utf-8' 
2022-02-24 12:14:14.610 DEBUG [acme.framework.configuration.ExtendedMessageSource@http-nio-8080-exec-1] Loading properties [C:\Users\Pablo Marín Gómez\git\Acme-One\target\classes\WEB-INF\views\fragments\menu-en.i18n] with encoding 'utf-8' 
2022-02-24 12:14:14.611 DEBUG [acme.framework.configuration.ExtendedMessageSource@http-nio-8080-exec-1] Loading properties [C:\Users\Pablo Marín Gómez\git\Acme-One\target\classes\WEB-INF\views\fragments\messsages-en.i18n] with encoding 'utf-8' 
2022-02-24 12:14:14.611 DEBUG [acme.framework.configuration.ExtendedMessageSource@http-nio-8080-exec-1] Loading properties [C:\Users\Pablo Marín Gómez\git\Acme-One\target\classes\WEB-INF\views\fragments\title-en.i18n] with encoding 'utf-8' 
2022-02-24 12:14:14.613 DEBUG [acme.framework.configuration.ExtendedMessageSource@http-nio-8080-exec-1] Loading properties [C:\Users\Pablo Marín Gómez\git\Acme-One\target\classes\WEB-INF\views\fragments\welcome-en.i18n] with encoding 'utf-8' 
2022-02-24 12:14:14.614 DEBUG [acme.framework.configuration.ExtendedMessageSource@http-nio-8080-exec-1] Loading properties [C:\Users\Pablo Marín Gómez\git\Acme-One\target\classes\WEB-INF\views\master\defaults-en.i18n] with encoding 'utf-8' 
2022-02-24 12:14:14.614 DEBUG [acme.framework.configuration.ExtendedMessageSource@http-nio-8080-exec-1] Loading properties [C:\Users\Pablo Marín Gómez\git\Acme-One\target\classes\WEB-INF\views\master\master-en.i18n] with encoding 'utf-8' 
2022-02-24 12:14:14.614 DEBUG [acme.framework.configuration.ExtendedMessageSource@http-nio-8080-exec-1] Loading properties [C:\Users\Pablo Marín Gómez\git\Acme-One\target\classes\WEB-INF\views\master\throwables-en.i18n] with encoding 'utf-8' 
2022-02-24 12:14:14.616 DEBUG [acme.framework.configuration.ExtendedMessageSource@http-nio-8080-exec-1] Loading properties [C:\Users\Pablo Marín Gómez\git\Acme-One\target\classes\WEB-INF\views\master\validation-en.i18n] with encoding 'utf-8' 
2022-02-24 12:14:14.804 DEBUG [org.apache.jasper.servlet.JspServlet@http-nio-8080-exec-1] JspEngine --> /WEB-INF/views/fragments/welcome.jsp 
2022-02-24 12:14:14.805 DEBUG [org.apache.jasper.servlet.JspServlet@http-nio-8080-exec-1] ServletPath: /WEB-INF/views/master/page.jsp 
2022-02-24 12:14:14.806 DEBUG [org.apache.jasper.servlet.JspServlet@http-nio-8080-exec-1] PathInfo: null 
2022-02-24 12:14:14.807 DEBUG [org.apache.jasper.servlet.JspServlet@http-nio-8080-exec-1] RealPath: C:\Users\Pablo Marín Gómez\git\Acme-One\target\classes\WEB-INF\views\fragments\welcome.jsp 
2022-02-24 12:14:14.807 DEBUG [org.apache.jasper.servlet.JspServlet@http-nio-8080-exec-1] RequestURI: /hello-world-22.1/WEB-INF/views/master/page.jsp 
2022-02-24 12:14:14.808 DEBUG [org.apache.jasper.servlet.JspServlet@http-nio-8080-exec-1] QueryString: null 
2022-02-24 12:14:15.219 DEBUG [org.hibernate.SQL@http-nio-8080-exec-1] select useraccoun0_.id as id1_0_, useraccoun0_.version as version2_0_, useraccoun0_.enabled as enabled1_6_, useraccoun0_.identity as identity2_6_, useraccoun0_.password as password3_6_, useraccoun0_.username as username4_6_ from user_account useraccoun0_ where useraccoun0_.username=? 
2022-02-24 12:14:15.257 TRACE [org.hibernate.type.descriptor.sql.BasicBinder@http-nio-8080-exec-1] binding parameter [1] as [VARCHAR] - [anonymous] 
2022-02-24 12:14:15.377 DEBUG [org.hibernate.SQL@http-nio-8080-exec-1] select roles0_.user_account_id as user_acc1_7_0_, roles0_.id as id1_7_0_, roles0_.id as id1_0_1_, roles0_.version as version2_0_1_, roles0_.user_account_id as user_acc1_7_1_, roles0_.company as company1_4_1_, roles0_.sector as sector2_4_1_, roles0_.company as company1_5_1_, roles0_.sector as sector2_5_1_, roles0_.clazz_ as clazz_1_ from ( select id, version, user_account_id, company, sector, 2 as clazz_ from consumer union all select id, version, user_account_id, company, sector, 3 as clazz_ from provider union all select id, version, user_account_id, null as company, null as sector, 5 as clazz_ from administrator union all select id, version, user_account_id, null as company, null as sector, 6 as clazz_ from anonymous union all select id, version, user_account_id, null as company, null as sector, 7 as clazz_ from authenticated ) roles0_ where roles0_.user_account_id=? 
2022-02-24 12:14:15.380 TRACE [org.hibernate.type.descriptor.sql.BasicBinder@http-nio-8080-exec-1] binding parameter [1] as [INTEGER] - [1] 
2022-02-24 12:14:19.363 DEBUG [acme.framework.components.tiles.DynamicTilesView@http-nio-8080-exec-1] View name 'fragments/welcome', model {} 
2022-02-24 12:14:19.367 DEBUG [org.apache.tiles.definition.dao.BaseLocaleUrlDefinitionDAO@http-nio-8080-exec-1] File Resource file:/C:/Users/Pablo%20Marín%20Gómez/git/Acme-One/target/classes/WEB-INF/views/master/tiles_es.xml at file:/C:/Users/Pablo%20Marín%20Gómez/git/Acme-One/target/classes/WEB-INF/views/master/tiles_es.xml not found, continue 
2022-02-24 12:14:19.371 DEBUG [org.apache.jasper.servlet.JspServlet@http-nio-8080-exec-1] JspEngine --> /WEB-INF/views/master/page.jsp 
2022-02-24 12:14:19.372 DEBUG [org.apache.jasper.servlet.JspServlet@http-nio-8080-exec-1] ServletPath: /WEB-INF/views/master/page.jsp 
2022-02-24 12:14:19.373 DEBUG [org.apache.jasper.servlet.JspServlet@http-nio-8080-exec-1] PathInfo: null 
2022-02-24 12:14:19.374 DEBUG [org.apache.jasper.servlet.JspServlet@http-nio-8080-exec-1] RealPath: C:\Users\Pablo Marín Gómez\git\Acme-One\target\classes\WEB-INF\views\master\page.jsp 
2022-02-24 12:14:19.375 DEBUG [org.apache.jasper.servlet.JspServlet@http-nio-8080-exec-1] RequestURI: /hello-world-22.1/WEB-INF/views/master/page.jsp 
2022-02-24 12:14:19.376 DEBUG [org.apache.jasper.servlet.JspServlet@http-nio-8080-exec-1] QueryString: null 
2022-02-24 12:14:19.397 DEBUG [acme.framework.configuration.ExtendedMessageSource@http-nio-8080-exec-1] Loading properties [C:\Users\Pablo Marín Gómez\git\Acme-One\target\classes\WEB-INF\views\administrator\user-account\messages-en.i18n] with encoding 'utf-8' 
2022-02-24 12:14:19.398 DEBUG [acme.framework.configuration.ExtendedMessageSource@http-nio-8080-exec-1] Loading properties [C:\Users\Pablo Marín Gómez\git\Acme-One\target\classes\WEB-INF\views\anonymous\user-account\messages-en.i18n] with encoding 'utf-8' 
2022-02-24 12:14:19.398 DEBUG [acme.framework.configuration.ExtendedMessageSource@http-nio-8080-exec-1] Loading properties [C:\Users\Pablo Marín Gómez\git\Acme-One\target\classes\WEB-INF\views\authenticated\consumer\messsages-en.i18n] with encoding 'utf-8' 
2022-02-24 12:14:19.400 DEBUG [acme.framework.configuration.ExtendedMessageSource@http-nio-8080-exec-1] Loading properties [C:\Users\Pablo Marín Gómez\git\Acme-One\target\classes\WEB-INF\views\authenticated\provider\messsages-en.i18n] with encoding 'utf-8' 
2022-02-24 12:14:19.401 DEBUG [acme.framework.configuration.ExtendedMessageSource@http-nio-8080-exec-1] Loading properties [C:\Users\Pablo Marín Gómez\git\Acme-One\target\classes\WEB-INF\views\authenticated\user-account\messages-en.i18n] with encoding 'utf-8' 
2022-02-24 12:14:19.401 DEBUG [acme.framework.configuration.ExtendedMessageSource@http-nio-8080-exec-1] Loading properties [C:\Users\Pablo Marín Gómez\git\Acme-One\target\classes\WEB-INF\views\fragments\banner-en.i18n] with encoding 'utf-8' 
2022-02-24 12:14:19.403 DEBUG [acme.framework.configuration.ExtendedMessageSource@http-nio-8080-exec-1] Loading properties [C:\Users\Pablo Marín Gómez\git\Acme-One\target\classes\WEB-INF\views\fragments\company-en.i18n] with encoding 'utf-8' 
2022-02-24 12:14:19.404 DEBUG [acme.framework.configuration.ExtendedMessageSource@http-nio-8080-exec-1] Loading properties [C:\Users\Pablo Marín Gómez\git\Acme-One\target\classes\WEB-INF\views\fragments\footer-en.i18n] with encoding 'utf-8' 
2022-02-24 12:14:19.406 DEBUG [acme.framework.configuration.ExtendedMessageSource@http-nio-8080-exec-1] Loading properties [C:\Users\Pablo Marín Gómez\git\Acme-One\target\classes\WEB-INF\views\fragments\license-en.i18n] with encoding 'utf-8' 
2022-02-24 12:14:19.407 DEBUG [acme.framework.configuration.ExtendedMessageSource@http-nio-8080-exec-1] Loading properties [C:\Users\Pablo Marín Gómez\git\Acme-One\target\classes\WEB-INF\views\fragments\menu-en.i18n] with encoding 'utf-8' 
2022-02-24 12:14:19.407 DEBUG [acme.framework.configuration.ExtendedMessageSource@http-nio-8080-exec-1] Loading properties [C:\Users\Pablo Marín Gómez\git\Acme-One\target\classes\WEB-INF\views\fragments\messsages-en.i18n] with encoding 'utf-8' 
2022-02-24 12:14:19.408 DEBUG [acme.framework.configuration.ExtendedMessageSource@http-nio-8080-exec-1] Loading properties [C:\Users\Pablo Marín Gómez\git\Acme-One\target\classes\WEB-INF\views\fragments\title-en.i18n] with encoding 'utf-8' 
2022-02-24 12:14:19.408 DEBUG [acme.framework.configuration.ExtendedMessageSource@http-nio-8080-exec-1] Loading properties [C:\Users\Pablo Marín Gómez\git\Acme-One\target\classes\WEB-INF\views\fragments\welcome-en.i18n] with encoding 'utf-8' 
2022-02-24 12:14:19.408 DEBUG [acme.framework.configuration.ExtendedMessageSource@http-nio-8080-exec-1] Loading properties [C:\Users\Pablo Marín Gómez\git\Acme-One\target\classes\WEB-INF\views\master\defaults-en.i18n] with encoding 'utf-8' 
2022-02-24 12:14:19.408 DEBUG [acme.framework.configuration.ExtendedMessageSource@http-nio-8080-exec-1] Loading properties [C:\Users\Pablo Marín Gómez\git\Acme-One\target\classes\WEB-INF\views\master\master-en.i18n] with encoding 'utf-8' 
2022-02-24 12:14:19.410 DEBUG [acme.framework.configuration.ExtendedMessageSource@http-nio-8080-exec-1] Loading properties [C:\Users\Pablo Marín Gómez\git\Acme-One\target\classes\WEB-INF\views\master\throwables-en.i18n] with encoding 'utf-8' 
2022-02-24 12:14:19.410 DEBUG [acme.framework.configuration.ExtendedMessageSource@http-nio-8080-exec-1] Loading properties [C:\Users\Pablo Marín Gómez\git\Acme-One\target\classes\WEB-INF\views\master\validation-en.i18n] with encoding 'utf-8' 
2022-02-24 12:14:19.414 DEBUG [acme.framework.configuration.ExtendedMessageSource@http-nio-8080-exec-1] Loading properties [C:\Users\Pablo Marín Gómez\git\Acme-One\target\classes\WEB-INF\views\administrator\user-account\messages-es.i18n] with encoding 'utf-8' 
2022-02-24 12:14:19.415 DEBUG [acme.framework.configuration.ExtendedMessageSource@http-nio-8080-exec-1] Loading properties [C:\Users\Pablo Marín Gómez\git\Acme-One\target\classes\WEB-INF\views\anonymous\user-account\messages-es.i18n] with encoding 'utf-8' 
2022-02-24 12:14:19.415 DEBUG [acme.framework.configuration.ExtendedMessageSource@http-nio-8080-exec-1] Loading properties [C:\Users\Pablo Marín Gómez\git\Acme-One\target\classes\WEB-INF\views\authenticated\consumer\messsages-es.i18n] with encoding 'utf-8' 
2022-02-24 12:14:19.417 DEBUG [acme.framework.configuration.ExtendedMessageSource@http-nio-8080-exec-1] Loading properties [C:\Users\Pablo Marín Gómez\git\Acme-One\target\classes\WEB-INF\views\authenticated\provider\messsages-es.i18n] with encoding 'utf-8' 
2022-02-24 12:14:19.419 DEBUG [acme.framework.configuration.ExtendedMessageSource@http-nio-8080-exec-1] Loading properties [C:\Users\Pablo Marín Gómez\git\Acme-One\target\classes\WEB-INF\views\authenticated\user-account\messages-es.i18n] with encoding 'utf-8' 
2022-02-24 12:14:19.419 DEBUG [acme.framework.configuration.ExtendedMessageSource@http-nio-8080-exec-1] Loading properties [C:\Users\Pablo Marín Gómez\git\Acme-One\target\classes\WEB-INF\views\fragments\banner-es.i18n] with encoding 'utf-8' 
2022-02-24 12:14:19.421 DEBUG [acme.framework.configuration.ExtendedMessageSource@http-nio-8080-exec-1] Loading properties [C:\Users\Pablo Marín Gómez\git\Acme-One\target\classes\WEB-INF\views\fragments\company-es.i18n] with encoding 'utf-8' 
2022-02-24 12:14:19.421 DEBUG [acme.framework.configuration.ExtendedMessageSource@http-nio-8080-exec-1] Loading properties [C:\Users\Pablo Marín Gómez\git\Acme-One\target\classes\WEB-INF\views\fragments\footer-es.i18n] with encoding 'utf-8' 
2022-02-24 12:14:19.423 DEBUG [acme.framework.configuration.ExtendedMessageSource@http-nio-8080-exec-1] Loading properties [C:\Users\Pablo Marín Gómez\git\Acme-One\target\classes\WEB-INF\views\fragments\license-es.i18n] with encoding 'utf-8' 
2022-02-24 12:14:19.423 DEBUG [acme.framework.configuration.ExtendedMessageSource@http-nio-8080-exec-1] Loading properties [C:\Users\Pablo Marín Gómez\git\Acme-One\target\classes\WEB-INF\views\fragments\menu-es.i18n] with encoding 'utf-8' 
2022-02-24 12:14:19.424 DEBUG [acme.framework.configuration.ExtendedMessageSource@http-nio-8080-exec-1] Loading properties [C:\Users\Pablo Marín Gómez\git\Acme-One\target\classes\WEB-INF\views\fragments\messsages-es.i18n] with encoding 'utf-8' 
2022-02-24 12:14:19.424 DEBUG [acme.framework.configuration.ExtendedMessageSource@http-nio-8080-exec-1] Loading properties [C:\Users\Pablo Marín Gómez\git\Acme-One\target\classes\WEB-INF\views\fragments\title-es.i18n] with encoding 'utf-8' 
2022-02-24 12:14:19.426 DEBUG [acme.framework.configuration.ExtendedMessageSource@http-nio-8080-exec-1] Loading properties [C:\Users\Pablo Marín Gómez\git\Acme-One\target\classes\WEB-INF\views\fragments\welcome-es.i18n] with encoding 'utf-8' 
2022-02-24 12:14:19.426 DEBUG [acme.framework.configuration.ExtendedMessageSource@http-nio-8080-exec-1] Loading properties [C:\Users\Pablo Marín Gómez\git\Acme-One\target\classes\WEB-INF\views\master\defaults-es.i18n] with encoding 'utf-8' 
2022-02-24 12:14:19.427 DEBUG [acme.framework.configuration.ExtendedMessageSource@http-nio-8080-exec-1] Loading properties [C:\Users\Pablo Marín Gómez\git\Acme-One\target\classes\WEB-INF\views\master\master-es.i18n] with encoding 'utf-8' 
2022-02-24 12:14:19.427 DEBUG [acme.framework.configuration.ExtendedMessageSource@http-nio-8080-exec-1] Loading properties [C:\Users\Pablo Marín Gómez\git\Acme-One\target\classes\WEB-INF\views\master\throwables-es.i18n] with encoding 'utf-8' 
2022-02-24 12:14:19.429 DEBUG [acme.framework.configuration.ExtendedMessageSource@http-nio-8080-exec-1] Loading properties [C:\Users\Pablo Marín Gómez\git\Acme-One\target\classes\WEB-INF\views\master\validation-es.i18n] with encoding 'utf-8' 
2022-02-24 12:14:19.605 DEBUG [org.apache.jasper.servlet.JspServlet@http-nio-8080-exec-1] JspEngine --> /WEB-INF/views/fragments/welcome.jsp 
2022-02-24 12:14:19.605 DEBUG [org.apache.jasper.servlet.JspServlet@http-nio-8080-exec-1] ServletPath: /WEB-INF/views/master/page.jsp 
2022-02-24 12:14:19.606 DEBUG [org.apache.jasper.servlet.JspServlet@http-nio-8080-exec-1] PathInfo: null 
2022-02-24 12:14:19.607 DEBUG [org.apache.jasper.servlet.JspServlet@http-nio-8080-exec-1] RealPath: C:\Users\Pablo Marín Gómez\git\Acme-One\target\classes\WEB-INF\views\fragments\welcome.jsp 
2022-02-24 12:14:19.607 DEBUG [org.apache.jasper.servlet.JspServlet@http-nio-8080-exec-1] RequestURI: /hello-world-22.1/WEB-INF/views/master/page.jsp 
2022-02-24 12:14:19.608 DEBUG [org.apache.jasper.servlet.JspServlet@http-nio-8080-exec-1] QueryString: null 
2022-02-24 12:14:19.756 DEBUG [org.hibernate.SQL@http-nio-8080-exec-1] select useraccoun0_.id as id1_0_, useraccoun0_.version as version2_0_, useraccoun0_.enabled as enabled1_6_, useraccoun0_.identity as identity2_6_, useraccoun0_.password as password3_6_, useraccoun0_.username as username4_6_ from user_account useraccoun0_ where useraccoun0_.username=? 
2022-02-24 12:14:19.758 TRACE [org.hibernate.type.descriptor.sql.BasicBinder@http-nio-8080-exec-1] binding parameter [1] as [VARCHAR] - [anonymous] 
2022-02-24 12:14:19.761 DEBUG [org.hibernate.SQL@http-nio-8080-exec-1] select roles0_.user_account_id as user_acc1_7_0_, roles0_.id as id1_7_0_, roles0_.id as id1_0_1_, roles0_.version as version2_0_1_, roles0_.user_account_id as user_acc1_7_1_, roles0_.company as company1_4_1_, roles0_.sector as sector2_4_1_, roles0_.company as company1_5_1_, roles0_.sector as sector2_5_1_, roles0_.clazz_ as clazz_1_ from ( select id, version, user_account_id, company, sector, 2 as clazz_ from consumer union all select id, version, user_account_id, company, sector, 3 as clazz_ from provider union all select id, version, user_account_id, null as company, null as sector, 5 as clazz_ from administrator union all select id, version, user_account_id, null as company, null as sector, 6 as clazz_ from anonymous union all select id, version, user_account_id, null as company, null as sector, 7 as clazz_ from authenticated ) roles0_ where roles0_.user_account_id=? 
2022-02-24 12:14:19.762 TRACE [org.hibernate.type.descriptor.sql.BasicBinder@http-nio-8080-exec-1] binding parameter [1] as [INTEGER] - [1] 
2022-02-24 12:14:23.953 DEBUG [acme.framework.components.tiles.DynamicTilesView@http-nio-8080-exec-4] View name 'fragments/welcome', model {} 
2022-02-24 12:14:23.954 DEBUG [org.apache.jasper.servlet.JspServlet@http-nio-8080-exec-4] JspEngine --> /WEB-INF/views/master/page.jsp 
2022-02-24 12:14:23.956 DEBUG [org.apache.jasper.servlet.JspServlet@http-nio-8080-exec-4] ServletPath: /WEB-INF/views/master/page.jsp 
2022-02-24 12:14:23.957 DEBUG [org.apache.jasper.servlet.JspServlet@http-nio-8080-exec-4] PathInfo: null 
2022-02-24 12:14:23.960 DEBUG [org.apache.jasper.servlet.JspServlet@http-nio-8080-exec-4] RealPath: C:\Users\Pablo Marín Gómez\git\Acme-One\target\classes\WEB-INF\views\master\page.jsp 
2022-02-24 12:14:23.960 DEBUG [org.apache.jasper.servlet.JspServlet@http-nio-8080-exec-4] RequestURI: /hello-world-22.1/WEB-INF/views/master/page.jsp 
2022-02-24 12:14:23.960 DEBUG [org.apache.jasper.servlet.JspServlet@http-nio-8080-exec-4] QueryString: null 
2022-02-24 12:14:24.060 DEBUG [org.apache.jasper.servlet.JspServlet@http-nio-8080-exec-4] JspEngine --> /WEB-INF/views/fragments/welcome.jsp 
2022-02-24 12:14:24.060 DEBUG [org.apache.jasper.servlet.JspServlet@http-nio-8080-exec-4] ServletPath: /WEB-INF/views/master/page.jsp 
2022-02-24 12:14:24.060 DEBUG [org.apache.jasper.servlet.JspServlet@http-nio-8080-exec-4] PathInfo: null 
2022-02-24 12:14:24.062 DEBUG [org.apache.jasper.servlet.JspServlet@http-nio-8080-exec-4] RealPath: C:\Users\Pablo Marín Gómez\git\Acme-One\target\classes\WEB-INF\views\fragments\welcome.jsp 
2022-02-24 12:14:24.062 DEBUG [org.apache.jasper.servlet.JspServlet@http-nio-8080-exec-4] RequestURI: /hello-world-22.1/WEB-INF/views/master/page.jsp 
2022-02-24 12:14:24.062 DEBUG [org.apache.jasper.servlet.JspServlet@http-nio-8080-exec-4] QueryString: null 
2022-02-24 12:14:24.155 DEBUG [org.hibernate.SQL@http-nio-8080-exec-4] select useraccoun0_.id as id1_0_, useraccoun0_.version as version2_0_, useraccoun0_.enabled as enabled1_6_, useraccoun0_.identity as identity2_6_, useraccoun0_.password as password3_6_, useraccoun0_.username as username4_6_ from user_account useraccoun0_ where useraccoun0_.username=? 
2022-02-24 12:14:24.156 TRACE [org.hibernate.type.descriptor.sql.BasicBinder@http-nio-8080-exec-4] binding parameter [1] as [VARCHAR] - [anonymous] 
2022-02-24 12:14:24.159 DEBUG [org.hibernate.SQL@http-nio-8080-exec-4] select roles0_.user_account_id as user_acc1_7_0_, roles0_.id as id1_7_0_, roles0_.id as id1_0_1_, roles0_.version as version2_0_1_, roles0_.user_account_id as user_acc1_7_1_, roles0_.company as company1_4_1_, roles0_.sector as sector2_4_1_, roles0_.company as company1_5_1_, roles0_.sector as sector2_5_1_, roles0_.clazz_ as clazz_1_ from ( select id, version, user_account_id, company, sector, 2 as clazz_ from consumer union all select id, version, user_account_id, company, sector, 3 as clazz_ from provider union all select id, version, user_account_id, null as company, null as sector, 5 as clazz_ from administrator union all select id, version, user_account_id, null as company, null as sector, 6 as clazz_ from anonymous union all select id, version, user_account_id, null as company, null as sector, 7 as clazz_ from authenticated ) roles0_ where roles0_.user_account_id=? 
2022-02-24 12:14:24.160 TRACE [org.hibernate.type.descriptor.sql.BasicBinder@http-nio-8080-exec-4] binding parameter [1] as [INTEGER] - [1] 
2022-02-24 12:15:12.992 DEBUG [acme.framework.components.tiles.DynamicTilesView@http-nio-8080-exec-10] View name 'fragments/welcome', model {} 
2022-02-24 12:15:12.993 DEBUG [org.apache.jasper.servlet.JspServlet@http-nio-8080-exec-10] JspEngine --> /WEB-INF/views/master/page.jsp 
2022-02-24 12:15:12.993 DEBUG [org.apache.jasper.servlet.JspServlet@http-nio-8080-exec-10] ServletPath: /WEB-INF/views/master/page.jsp 
2022-02-24 12:15:12.993 DEBUG [org.apache.jasper.servlet.JspServlet@http-nio-8080-exec-10] PathInfo: null 
2022-02-24 12:15:12.994 DEBUG [org.apache.jasper.servlet.JspServlet@http-nio-8080-exec-10] RealPath: C:\Users\Pablo Marín Gómez\git\Acme-One\target\classes\WEB-INF\views\master\page.jsp 
2022-02-24 12:15:12.995 DEBUG [org.apache.jasper.servlet.JspServlet@http-nio-8080-exec-10] RequestURI: /hello-world-22.1/WEB-INF/views/master/page.jsp 
2022-02-24 12:15:12.995 DEBUG [org.apache.jasper.servlet.JspServlet@http-nio-8080-exec-10] QueryString: null 
2022-02-24 12:15:13.119 DEBUG [org.apache.jasper.servlet.JspServlet@http-nio-8080-exec-10] JspEngine --> /WEB-INF/views/fragments/welcome.jsp 
2022-02-24 12:15:13.121 DEBUG [org.apache.jasper.servlet.JspServlet@http-nio-8080-exec-10] ServletPath: /WEB-INF/views/master/page.jsp 
2022-02-24 12:15:13.122 DEBUG [org.apache.jasper.servlet.JspServlet@http-nio-8080-exec-10] PathInfo: null 
2022-02-24 12:15:13.123 DEBUG [org.apache.jasper.servlet.JspServlet@http-nio-8080-exec-10] RealPath: C:\Users\Pablo Marín Gómez\git\Acme-One\target\classes\WEB-INF\views\fragments\welcome.jsp 
2022-02-24 12:15:13.124 DEBUG [org.apache.jasper.servlet.JspServlet@http-nio-8080-exec-10] RequestURI: /hello-world-22.1/WEB-INF/views/master/page.jsp 
2022-02-24 12:15:13.124 DEBUG [org.apache.jasper.servlet.JspServlet@http-nio-8080-exec-10] QueryString: null 
2022-02-24 12:15:13.277 DEBUG [org.hibernate.SQL@http-nio-8080-exec-10] select useraccoun0_.id as id1_0_, useraccoun0_.version as version2_0_, useraccoun0_.enabled as enabled1_6_, useraccoun0_.identity as identity2_6_, useraccoun0_.password as password3_6_, useraccoun0_.username as username4_6_ from user_account useraccoun0_ where useraccoun0_.username=? 
2022-02-24 12:15:13.279 TRACE [org.hibernate.type.descriptor.sql.BasicBinder@http-nio-8080-exec-10] binding parameter [1] as [VARCHAR] - [anonymous] 
2022-02-24 12:15:13.282 DEBUG [org.hibernate.SQL@http-nio-8080-exec-10] select roles0_.user_account_id as user_acc1_7_0_, roles0_.id as id1_7_0_, roles0_.id as id1_0_1_, roles0_.version as version2_0_1_, roles0_.user_account_id as user_acc1_7_1_, roles0_.company as company1_4_1_, roles0_.sector as sector2_4_1_, roles0_.company as company1_5_1_, roles0_.sector as sector2_5_1_, roles0_.clazz_ as clazz_1_ from ( select id, version, user_account_id, company, sector, 2 as clazz_ from consumer union all select id, version, user_account_id, company, sector, 3 as clazz_ from provider union all select id, version, user_account_id, null as company, null as sector, 5 as clazz_ from administrator union all select id, version, user_account_id, null as company, null as sector, 6 as clazz_ from anonymous union all select id, version, user_account_id, null as company, null as sector, 7 as clazz_ from authenticated ) roles0_ where roles0_.user_account_id=? 
2022-02-24 12:15:13.284 TRACE [org.hibernate.type.descriptor.sql.BasicBinder@http-nio-8080-exec-10] binding parameter [1] as [INTEGER] - [1] 
2022-02-24 12:16:39.807 DEBUG [acme.framework.components.tiles.DynamicTilesView@http-nio-8080-exec-9] View name 'master/sign-in', model {username=, password=, remember=false} 
2022-02-24 12:16:39.808 DEBUG [org.apache.jasper.servlet.JspServlet@http-nio-8080-exec-9] JspEngine --> /WEB-INF/views/master/page.jsp 
2022-02-24 12:16:39.808 DEBUG [org.apache.jasper.servlet.JspServlet@http-nio-8080-exec-9] ServletPath: /WEB-INF/views/master/page.jsp 
2022-02-24 12:16:39.809 DEBUG [org.apache.jasper.servlet.JspServlet@http-nio-8080-exec-9] PathInfo: null 
2022-02-24 12:16:39.810 DEBUG [org.apache.jasper.servlet.JspServlet@http-nio-8080-exec-9] RealPath: C:\Users\Pablo Marín Gómez\git\Acme-One\target\classes\WEB-INF\views\master\page.jsp 
2022-02-24 12:16:39.810 DEBUG [org.apache.jasper.servlet.JspServlet@http-nio-8080-exec-9] RequestURI: /hello-world-22.1/WEB-INF/views/master/page.jsp 
2022-02-24 12:16:39.810 DEBUG [org.apache.jasper.servlet.JspServlet@http-nio-8080-exec-9] QueryString: null 
2022-02-24 12:16:39.927 DEBUG [org.apache.jasper.servlet.JspServlet@http-nio-8080-exec-9] JspEngine --> /WEB-INF/views/master/sign-in.jsp 
2022-02-24 12:16:39.928 DEBUG [org.apache.jasper.servlet.JspServlet@http-nio-8080-exec-9] ServletPath: /WEB-INF/views/master/page.jsp 
2022-02-24 12:16:39.929 DEBUG [org.apache.jasper.servlet.JspServlet@http-nio-8080-exec-9] PathInfo: null 
2022-02-24 12:16:39.929 DEBUG [org.apache.jasper.servlet.JspServlet@http-nio-8080-exec-9] RealPath: C:\Users\Pablo Marín Gómez\git\Acme-One\target\classes\WEB-INF\views\master\sign-in.jsp 
2022-02-24 12:16:39.930 DEBUG [org.apache.jasper.servlet.JspServlet@http-nio-8080-exec-9] RequestURI: /hello-world-22.1/WEB-INF/views/master/page.jsp 
2022-02-24 12:16:39.930 DEBUG [org.apache.jasper.servlet.JspServlet@http-nio-8080-exec-9] QueryString: null 
2022-02-24 12:16:41.843 DEBUG [org.hibernate.SQL@http-nio-8080-exec-9] select useraccoun0_.id as id1_0_, useraccoun0_.version as version2_0_, useraccoun0_.enabled as enabled1_6_, useraccoun0_.identity as identity2_6_, useraccoun0_.password as password3_6_, useraccoun0_.username as username4_6_ from user_account useraccoun0_ where useraccoun0_.username=? 
2022-02-24 12:16:41.845 TRACE [org.hibernate.type.descriptor.sql.BasicBinder@http-nio-8080-exec-9] binding parameter [1] as [VARCHAR] - [anonymous] 
2022-02-24 12:16:41.848 DEBUG [org.hibernate.SQL@http-nio-8080-exec-9] select roles0_.user_account_id as user_acc1_7_0_, roles0_.id as id1_7_0_, roles0_.id as id1_0_1_, roles0_.version as version2_0_1_, roles0_.user_account_id as user_acc1_7_1_, roles0_.company as company1_4_1_, roles0_.sector as sector2_4_1_, roles0_.company as company1_5_1_, roles0_.sector as sector2_5_1_, roles0_.clazz_ as clazz_1_ from ( select id, version, user_account_id, company, sector, 2 as clazz_ from consumer union all select id, version, user_account_id, company, sector, 3 as clazz_ from provider union all select id, version, user_account_id, null as company, null as sector, 5 as clazz_ from administrator union all select id, version, user_account_id, null as company, null as sector, 6 as clazz_ from anonymous union all select id, version, user_account_id, null as company, null as sector, 7 as clazz_ from authenticated ) roles0_ where roles0_.user_account_id=? 
2022-02-24 12:16:41.849 TRACE [org.hibernate.type.descriptor.sql.BasicBinder@http-nio-8080-exec-9] binding parameter [1] as [INTEGER] - [1] 
2022-02-24 12:16:49.433 DEBUG [org.hibernate.SQL@http-nio-8080-exec-8] select useraccoun0_.id as id1_0_, useraccoun0_.version as version2_0_, useraccoun0_.enabled as enabled1_6_, useraccoun0_.identity as identity2_6_, useraccoun0_.password as password3_6_, useraccoun0_.username as username4_6_ from user_account useraccoun0_ where useraccoun0_.username=? 
2022-02-24 12:16:49.440 TRACE [org.hibernate.type.descriptor.sql.BasicBinder@http-nio-8080-exec-8] binding parameter [1] as [VARCHAR] - [administrator] 
2022-02-24 12:16:49.443 DEBUG [org.hibernate.SQL@http-nio-8080-exec-8] select roles0_.user_account_id as user_acc1_7_0_, roles0_.id as id1_7_0_, roles0_.id as id1_0_1_, roles0_.version as version2_0_1_, roles0_.user_account_id as user_acc1_7_1_, roles0_.company as company1_4_1_, roles0_.sector as sector2_4_1_, roles0_.company as company1_5_1_, roles0_.sector as sector2_5_1_, roles0_.clazz_ as clazz_1_ from ( select id, version, user_account_id, company, sector, 2 as clazz_ from consumer union all select id, version, user_account_id, company, sector, 3 as clazz_ from provider union all select id, version, user_account_id, null as company, null as sector, 5 as clazz_ from administrator union all select id, version, user_account_id, null as company, null as sector, 6 as clazz_ from anonymous union all select id, version, user_account_id, null as company, null as sector, 7 as clazz_ from authenticated ) roles0_ where roles0_.user_account_id=? 
2022-02-24 12:16:49.444 TRACE [org.hibernate.type.descriptor.sql.BasicBinder@http-nio-8080-exec-8] binding parameter [1] as [INTEGER] - [2] 
2022-02-24 12:16:49.468 DEBUG [acme.framework.configuration.ExtendedMessageSource@http-nio-8080-exec-8] Loading properties [C:\Users\Pablo Marín Gómez\git\Acme-One\target\classes\WEB-INF\views\administrator\user-account\messages-en.i18n] with encoding 'utf-8' 
2022-02-24 12:16:49.468 DEBUG [acme.framework.configuration.ExtendedMessageSource@http-nio-8080-exec-8] Loading properties [C:\Users\Pablo Marín Gómez\git\Acme-One\target\classes\WEB-INF\views\anonymous\user-account\messages-en.i18n] with encoding 'utf-8' 
2022-02-24 12:16:49.470 DEBUG [acme.framework.configuration.ExtendedMessageSource@http-nio-8080-exec-8] Loading properties [C:\Users\Pablo Marín Gómez\git\Acme-One\target\classes\WEB-INF\views\authenticated\consumer\messsages-en.i18n] with encoding 'utf-8' 
2022-02-24 12:16:49.470 DEBUG [acme.framework.configuration.ExtendedMessageSource@http-nio-8080-exec-8] Loading properties [C:\Users\Pablo Marín Gómez\git\Acme-One\target\classes\WEB-INF\views\authenticated\provider\messsages-en.i18n] with encoding 'utf-8' 
2022-02-24 12:16:49.471 DEBUG [acme.framework.configuration.ExtendedMessageSource@http-nio-8080-exec-8] Loading properties [C:\Users\Pablo Marín Gómez\git\Acme-One\target\classes\WEB-INF\views\authenticated\user-account\messages-en.i18n] with encoding 'utf-8' 
2022-02-24 12:16:49.472 DEBUG [acme.framework.configuration.ExtendedMessageSource@http-nio-8080-exec-8] Loading properties [C:\Users\Pablo Marín Gómez\git\Acme-One\target\classes\WEB-INF\views\fragments\banner-en.i18n] with encoding 'utf-8' 
2022-02-24 12:16:49.472 DEBUG [acme.framework.configuration.ExtendedMessageSource@http-nio-8080-exec-8] Loading properties [C:\Users\Pablo Marín Gómez\git\Acme-One\target\classes\WEB-INF\views\fragments\company-en.i18n] with encoding 'utf-8' 
2022-02-24 12:16:49.473 DEBUG [acme.framework.configuration.ExtendedMessageSource@http-nio-8080-exec-8] Loading properties [C:\Users\Pablo Marín Gómez\git\Acme-One\target\classes\WEB-INF\views\fragments\footer-en.i18n] with encoding 'utf-8' 
2022-02-24 12:16:49.474 DEBUG [acme.framework.configuration.ExtendedMessageSource@http-nio-8080-exec-8] Loading properties [C:\Users\Pablo Marín Gómez\git\Acme-One\target\classes\WEB-INF\views\fragments\license-en.i18n] with encoding 'utf-8' 
2022-02-24 12:16:49.474 DEBUG [acme.framework.configuration.ExtendedMessageSource@http-nio-8080-exec-8] Loading properties [C:\Users\Pablo Marín Gómez\git\Acme-One\target\classes\WEB-INF\views\fragments\menu-en.i18n] with encoding 'utf-8' 
2022-02-24 12:16:49.476 DEBUG [acme.framework.configuration.ExtendedMessageSource@http-nio-8080-exec-8] Loading properties [C:\Users\Pablo Marín Gómez\git\Acme-One\target\classes\WEB-INF\views\fragments\messsages-en.i18n] with encoding 'utf-8' 
2022-02-24 12:16:49.476 DEBUG [acme.framework.configuration.ExtendedMessageSource@http-nio-8080-exec-8] Loading properties [C:\Users\Pablo Marín Gómez\git\Acme-One\target\classes\WEB-INF\views\fragments\title-en.i18n] with encoding 'utf-8' 
2022-02-24 12:16:49.476 DEBUG [acme.framework.configuration.ExtendedMessageSource@http-nio-8080-exec-8] Loading properties [C:\Users\Pablo Marín Gómez\git\Acme-One\target\classes\WEB-INF\views\fragments\welcome-en.i18n] with encoding 'utf-8' 
2022-02-24 12:16:49.479 DEBUG [acme.framework.configuration.ExtendedMessageSource@http-nio-8080-exec-8] Loading properties [C:\Users\Pablo Marín Gómez\git\Acme-One\target\classes\WEB-INF\views\master\defaults-en.i18n] with encoding 'utf-8' 
2022-02-24 12:16:49.480 DEBUG [acme.framework.configuration.ExtendedMessageSource@http-nio-8080-exec-8] Loading properties [C:\Users\Pablo Marín Gómez\git\Acme-One\target\classes\WEB-INF\views\master\master-en.i18n] with encoding 'utf-8' 
2022-02-24 12:16:49.482 DEBUG [acme.framework.configuration.ExtendedMessageSource@http-nio-8080-exec-8] Loading properties [C:\Users\Pablo Marín Gómez\git\Acme-One\target\classes\WEB-INF\views\master\throwables-en.i18n] with encoding 'utf-8' 
2022-02-24 12:16:49.482 DEBUG [acme.framework.configuration.ExtendedMessageSource@http-nio-8080-exec-8] Loading properties [C:\Users\Pablo Marín Gómez\git\Acme-One\target\classes\WEB-INF\views\master\validation-en.i18n] with encoding 'utf-8' 
2022-02-24 12:16:49.487 DEBUG [acme.framework.configuration.ExtendedMessageSource@http-nio-8080-exec-8] Loading properties [C:\Users\Pablo Marín Gómez\git\Acme-One\target\classes\WEB-INF\views\administrator\user-account\messages-en.i18n] with encoding 'utf-8' 
2022-02-24 12:16:49.488 DEBUG [acme.framework.configuration.ExtendedMessageSource@http-nio-8080-exec-8] Loading properties [C:\Users\Pablo Marín Gómez\git\Acme-One\target\classes\WEB-INF\views\anonymous\user-account\messages-en.i18n] with encoding 'utf-8' 
2022-02-24 12:16:49.488 DEBUG [acme.framework.configuration.ExtendedMessageSource@http-nio-8080-exec-8] Loading properties [C:\Users\Pablo Marín Gómez\git\Acme-One\target\classes\WEB-INF\views\authenticated\consumer\messsages-en.i18n] with encoding 'utf-8' 
2022-02-24 12:16:49.488 DEBUG [acme.framework.configuration.ExtendedMessageSource@http-nio-8080-exec-8] Loading properties [C:\Users\Pablo Marín Gómez\git\Acme-One\target\classes\WEB-INF\views\authenticated\provider\messsages-en.i18n] with encoding 'utf-8' 
2022-02-24 12:16:49.488 DEBUG [acme.framework.configuration.ExtendedMessageSource@http-nio-8080-exec-8] Loading properties [C:\Users\Pablo Marín Gómez\git\Acme-One\target\classes\WEB-INF\views\authenticated\user-account\messages-en.i18n] with encoding 'utf-8' 
2022-02-24 12:16:49.489 DEBUG [acme.framework.configuration.ExtendedMessageSource@http-nio-8080-exec-8] Loading properties [C:\Users\Pablo Marín Gómez\git\Acme-One\target\classes\WEB-INF\views\fragments\banner-en.i18n] with encoding 'utf-8' 
2022-02-24 12:16:49.489 DEBUG [acme.framework.configuration.ExtendedMessageSource@http-nio-8080-exec-8] Loading properties [C:\Users\Pablo Marín Gómez\git\Acme-One\target\classes\WEB-INF\views\fragments\company-en.i18n] with encoding 'utf-8' 
2022-02-24 12:16:49.491 DEBUG [acme.framework.configuration.ExtendedMessageSource@http-nio-8080-exec-8] Loading properties [C:\Users\Pablo Marín Gómez\git\Acme-One\target\classes\WEB-INF\views\fragments\footer-en.i18n] with encoding 'utf-8' 
2022-02-24 12:16:49.491 DEBUG [acme.framework.configuration.ExtendedMessageSource@http-nio-8080-exec-8] Loading properties [C:\Users\Pablo Marín Gómez\git\Acme-One\target\classes\WEB-INF\views\fragments\license-en.i18n] with encoding 'utf-8' 
2022-02-24 12:16:49.492 DEBUG [acme.framework.configuration.ExtendedMessageSource@http-nio-8080-exec-8] Loading properties [C:\Users\Pablo Marín Gómez\git\Acme-One\target\classes\WEB-INF\views\fragments\menu-en.i18n] with encoding 'utf-8' 
2022-02-24 12:16:49.492 DEBUG [acme.framework.configuration.ExtendedMessageSource@http-nio-8080-exec-8] Loading properties [C:\Users\Pablo Marín Gómez\git\Acme-One\target\classes\WEB-INF\views\fragments\messsages-en.i18n] with encoding 'utf-8' 
2022-02-24 12:16:49.492 DEBUG [acme.framework.configuration.ExtendedMessageSource@http-nio-8080-exec-8] Loading properties [C:\Users\Pablo Marín Gómez\git\Acme-One\target\classes\WEB-INF\views\fragments\title-en.i18n] with encoding 'utf-8' 
2022-02-24 12:16:49.492 DEBUG [acme.framework.configuration.ExtendedMessageSource@http-nio-8080-exec-8] Loading properties [C:\Users\Pablo Marín Gómez\git\Acme-One\target\classes\WEB-INF\views\fragments\welcome-en.i18n] with encoding 'utf-8' 
2022-02-24 12:16:49.492 DEBUG [acme.framework.configuration.ExtendedMessageSource@http-nio-8080-exec-8] Loading properties [C:\Users\Pablo Marín Gómez\git\Acme-One\target\classes\WEB-INF\views\master\defaults-en.i18n] with encoding 'utf-8' 
2022-02-24 12:16:49.494 DEBUG [acme.framework.configuration.ExtendedMessageSource@http-nio-8080-exec-8] Loading properties [C:\Users\Pablo Marín Gómez\git\Acme-One\target\classes\WEB-INF\views\master\master-en.i18n] with encoding 'utf-8' 
2022-02-24 12:16:49.496 DEBUG [acme.framework.configuration.ExtendedMessageSource@http-nio-8080-exec-8] Loading properties [C:\Users\Pablo Marín Gómez\git\Acme-One\target\classes\WEB-INF\views\master\throwables-en.i18n] with encoding 'utf-8' 
2022-02-24 12:16:49.498 DEBUG [acme.framework.configuration.ExtendedMessageSource@http-nio-8080-exec-8] Loading properties [C:\Users\Pablo Marín Gómez\git\Acme-One\target\classes\WEB-INF\views\master\validation-en.i18n] with encoding 'utf-8' 
2022-02-24 12:16:49.508 DEBUG [acme.framework.components.tiles.DynamicTilesView@http-nio-8080-exec-4] View name 'master/sign-in', model {username=, password=, remember=false} 
2022-02-24 12:16:49.511 DEBUG [org.apache.jasper.servlet.JspServlet@http-nio-8080-exec-4] JspEngine --> /WEB-INF/views/master/page.jsp 
2022-02-24 12:16:49.511 DEBUG [org.apache.jasper.servlet.JspServlet@http-nio-8080-exec-4] ServletPath: /WEB-INF/views/master/page.jsp 
2022-02-24 12:16:49.513 DEBUG [org.apache.jasper.servlet.JspServlet@http-nio-8080-exec-4] PathInfo: null 
2022-02-24 12:16:49.514 DEBUG [org.apache.jasper.servlet.JspServlet@http-nio-8080-exec-4] RealPath: C:\Users\Pablo Marín Gómez\git\Acme-One\target\classes\WEB-INF\views\master\page.jsp 
2022-02-24 12:16:49.514 DEBUG [org.apache.jasper.servlet.JspServlet@http-nio-8080-exec-4] RequestURI: /hello-world-22.1/WEB-INF/views/master/page.jsp 
2022-02-24 12:16:49.514 DEBUG [org.apache.jasper.servlet.JspServlet@http-nio-8080-exec-4] QueryString: error 
2022-02-24 12:16:49.636 DEBUG [org.apache.jasper.servlet.JspServlet@http-nio-8080-exec-4] JspEngine --> /WEB-INF/views/master/sign-in.jsp 
2022-02-24 12:16:49.638 DEBUG [org.apache.jasper.servlet.JspServlet@http-nio-8080-exec-4] ServletPath: /WEB-INF/views/master/page.jsp 
2022-02-24 12:16:49.639 DEBUG [org.apache.jasper.servlet.JspServlet@http-nio-8080-exec-4] PathInfo: null 
2022-02-24 12:16:49.641 DEBUG [org.apache.jasper.servlet.JspServlet@http-nio-8080-exec-4] RealPath: C:\Users\Pablo Marín Gómez\git\Acme-One\target\classes\WEB-INF\views\master\sign-in.jsp 
2022-02-24 12:16:49.641 DEBUG [org.apache.jasper.servlet.JspServlet@http-nio-8080-exec-4] RequestURI: /hello-world-22.1/WEB-INF/views/master/page.jsp 
2022-02-24 12:16:49.642 DEBUG [org.apache.jasper.servlet.JspServlet@http-nio-8080-exec-4] QueryString: error 
2022-02-24 12:16:49.835 DEBUG [org.hibernate.SQL@http-nio-8080-exec-4] select useraccoun0_.id as id1_0_, useraccoun0_.version as version2_0_, useraccoun0_.enabled as enabled1_6_, useraccoun0_.identity as identity2_6_, useraccoun0_.password as password3_6_, useraccoun0_.username as username4_6_ from user_account useraccoun0_ where useraccoun0_.username=? 
2022-02-24 12:16:49.837 TRACE [org.hibernate.type.descriptor.sql.BasicBinder@http-nio-8080-exec-4] binding parameter [1] as [VARCHAR] - [anonymous] 
2022-02-24 12:16:49.839 DEBUG [org.hibernate.SQL@http-nio-8080-exec-4] select roles0_.user_account_id as user_acc1_7_0_, roles0_.id as id1_7_0_, roles0_.id as id1_0_1_, roles0_.version as version2_0_1_, roles0_.user_account_id as user_acc1_7_1_, roles0_.company as company1_4_1_, roles0_.sector as sector2_4_1_, roles0_.company as company1_5_1_, roles0_.sector as sector2_5_1_, roles0_.clazz_ as clazz_1_ from ( select id, version, user_account_id, company, sector, 2 as clazz_ from consumer union all select id, version, user_account_id, company, sector, 3 as clazz_ from provider union all select id, version, user_account_id, null as company, null as sector, 5 as clazz_ from administrator union all select id, version, user_account_id, null as company, null as sector, 6 as clazz_ from anonymous union all select id, version, user_account_id, null as company, null as sector, 7 as clazz_ from authenticated ) roles0_ where roles0_.user_account_id=? 
2022-02-24 12:16:49.839 TRACE [org.hibernate.type.descriptor.sql.BasicBinder@http-nio-8080-exec-4] binding parameter [1] as [INTEGER] - [1] 
2022-02-24 12:17:01.164 DEBUG [org.hibernate.SQL@http-nio-8080-exec-8] select useraccoun0_.id as id1_0_, useraccoun0_.version as version2_0_, useraccoun0_.enabled as enabled1_6_, useraccoun0_.identity as identity2_6_, useraccoun0_.password as password3_6_, useraccoun0_.username as username4_6_ from user_account useraccoun0_ where useraccoun0_.username=? 
2022-02-24 12:17:01.164 TRACE [org.hibernate.type.descriptor.sql.BasicBinder@http-nio-8080-exec-8] binding parameter [1] as [VARCHAR] - [administrator] 
2022-02-24 12:17:01.168 DEBUG [org.hibernate.SQL@http-nio-8080-exec-8] select roles0_.user_account_id as user_acc1_7_0_, roles0_.id as id1_7_0_, roles0_.id as id1_0_1_, roles0_.version as version2_0_1_, roles0_.user_account_id as user_acc1_7_1_, roles0_.company as company1_4_1_, roles0_.sector as sector2_4_1_, roles0_.company as company1_5_1_, roles0_.sector as sector2_5_1_, roles0_.clazz_ as clazz_1_ from ( select id, version, user_account_id, company, sector, 2 as clazz_ from consumer union all select id, version, user_account_id, company, sector, 3 as clazz_ from provider union all select id, version, user_account_id, null as company, null as sector, 5 as clazz_ from administrator union all select id, version, user_account_id, null as company, null as sector, 6 as clazz_ from anonymous union all select id, version, user_account_id, null as company, null as sector, 7 as clazz_ from authenticated ) roles0_ where roles0_.user_account_id=? 
2022-02-24 12:17:01.168 TRACE [org.hibernate.type.descriptor.sql.BasicBinder@http-nio-8080-exec-8] binding parameter [1] as [INTEGER] - [2] 
2022-02-24 12:17:01.209 DEBUG [acme.framework.components.tiles.DynamicTilesView@http-nio-8080-exec-6] View name 'fragments/welcome', model {} 
2022-02-24 12:17:01.210 DEBUG [org.apache.jasper.servlet.JspServlet@http-nio-8080-exec-6] JspEngine --> /WEB-INF/views/master/page.jsp 
2022-02-24 12:17:01.210 DEBUG [org.apache.jasper.servlet.JspServlet@http-nio-8080-exec-6] ServletPath: /WEB-INF/views/master/page.jsp 
2022-02-24 12:17:01.211 DEBUG [org.apache.jasper.servlet.JspServlet@http-nio-8080-exec-6] PathInfo: null 
2022-02-24 12:17:01.211 DEBUG [org.apache.jasper.servlet.JspServlet@http-nio-8080-exec-6] RealPath: C:\Users\Pablo Marín Gómez\git\Acme-One\target\classes\WEB-INF\views\master\page.jsp 
2022-02-24 12:17:01.211 DEBUG [org.apache.jasper.servlet.JspServlet@http-nio-8080-exec-6] RequestURI: /hello-world-22.1/WEB-INF/views/master/page.jsp 
2022-02-24 12:17:01.211 DEBUG [org.apache.jasper.servlet.JspServlet@http-nio-8080-exec-6] QueryString: null 
2022-02-24 12:17:01.370 DEBUG [org.apache.jasper.servlet.JspServlet@http-nio-8080-exec-6] JspEngine --> /WEB-INF/views/fragments/welcome.jsp 
2022-02-24 12:17:01.372 DEBUG [org.apache.jasper.servlet.JspServlet@http-nio-8080-exec-6] ServletPath: /WEB-INF/views/master/page.jsp 
2022-02-24 12:17:01.372 DEBUG [org.apache.jasper.servlet.JspServlet@http-nio-8080-exec-6] PathInfo: null 
2022-02-24 12:17:01.373 DEBUG [org.apache.jasper.servlet.JspServlet@http-nio-8080-exec-6] RealPath: C:\Users\Pablo Marín Gómez\git\Acme-One\target\classes\WEB-INF\views\fragments\welcome.jsp 
2022-02-24 12:17:01.374 DEBUG [org.apache.jasper.servlet.JspServlet@http-nio-8080-exec-6] RequestURI: /hello-world-22.1/WEB-INF/views/master/page.jsp 
2022-02-24 12:17:01.374 DEBUG [org.apache.jasper.servlet.JspServlet@http-nio-8080-exec-6] QueryString: null 
2022-02-24 12:17:13.224 DEBUG [acme.framework.components.tiles.DynamicTilesView@http-nio-8080-exec-2] View name 'fragments/welcome', model {} 
2022-02-24 12:17:13.226 DEBUG [org.apache.jasper.servlet.JspServlet@http-nio-8080-exec-2] JspEngine --> /WEB-INF/views/master/page.jsp 
2022-02-24 12:17:13.226 DEBUG [org.apache.jasper.servlet.JspServlet@http-nio-8080-exec-2] ServletPath: /WEB-INF/views/master/page.jsp 
2022-02-24 12:17:13.227 DEBUG [org.apache.jasper.servlet.JspServlet@http-nio-8080-exec-2] PathInfo: null 
2022-02-24 12:17:13.227 DEBUG [org.apache.jasper.servlet.JspServlet@http-nio-8080-exec-2] RealPath: C:\Users\Pablo Marín Gómez\git\Acme-One\target\classes\WEB-INF\views\master\page.jsp 
2022-02-24 12:17:13.229 DEBUG [org.apache.jasper.servlet.JspServlet@http-nio-8080-exec-2] RequestURI: /hello-world-22.1/WEB-INF/views/master/page.jsp 
2022-02-24 12:17:13.230 DEBUG [org.apache.jasper.servlet.JspServlet@http-nio-8080-exec-2] QueryString: null 
2022-02-24 12:17:13.437 DEBUG [org.apache.jasper.servlet.JspServlet@http-nio-8080-exec-2] JspEngine --> /WEB-INF/views/fragments/welcome.jsp 
2022-02-24 12:17:13.437 DEBUG [org.apache.jasper.servlet.JspServlet@http-nio-8080-exec-2] ServletPath: /WEB-INF/views/master/page.jsp 
2022-02-24 12:17:13.437 DEBUG [org.apache.jasper.servlet.JspServlet@http-nio-8080-exec-2] PathInfo: null 
2022-02-24 12:17:13.438 DEBUG [org.apache.jasper.servlet.JspServlet@http-nio-8080-exec-2] RealPath: C:\Users\Pablo Marín Gómez\git\Acme-One\target\classes\WEB-INF\views\fragments\welcome.jsp 
2022-02-24 12:17:13.438 DEBUG [org.apache.jasper.servlet.JspServlet@http-nio-8080-exec-2] RequestURI: /hello-world-22.1/WEB-INF/views/master/page.jsp 
2022-02-24 12:17:13.439 DEBUG [org.apache.jasper.servlet.JspServlet@http-nio-8080-exec-2] QueryString: null 
2022-02-24 12:18:40.398 INFO  [acme.framework.configuration.ShutdownConfiguration@http-nio-8080-exec-7] The system is shutting down... 
