2022-02-24 12:09:41.052 INFO  [acme.Launcher@main] Starting Launcher using Java 1.8.0_281 on DESKTOP-CV0IB0H with PID 5300 (C:\Users\Pablo Marín Gómez\Desktop\Workspace-22.0\Frameworks\Acme-Framework-22.1\target\classes started by Pablo Mar¡n G¢mez in C:\Users\Pablo Marín Gómez\git\Acme-One) 
2022-02-24 12:09:41.055 DEBUG [acme.Launcher@main] Running with Spring Boot v2.4.2, Spring v5.3.3 
2022-02-24 12:09:41.058 INFO  [acme.Launcher@main] The following profiles are active: development,default 
2022-02-24 12:09:45.739 DEBUG [org.apache.jasper.servlet.JasperInitializer@main] Initializing Jasper for context [application] 
2022-02-24 12:09:52.951 DEBUG [org.apache.jasper.servlet.JspServlet@main] Scratch dir for the JSP engine is: [C:\Users\Pablo Marín Gómez\AppData\Local\Temp\tomcat.8080.8553099930713576816\work\Tomcat\localhost\hello-world-22.1] 
2022-02-24 12:09:52.954 DEBUG [org.apache.jasper.servlet.JspServlet@main] IMPORTANT: Do not modify the generated servlets 
2022-02-24 12:09:52.973 INFO  [acme.Launcher@main] Started Launcher in 13.622 seconds (JVM running for 16.085) 
2022-02-24 12:09:52.984 DEBUG [acme.Launcher@main] Found classpath entry '/C:/Users/Pablo%20Mar%c3%adn%20G%c3%b3mez/git/Acme-One/target/test-classes/' 
2022-02-24 12:09:52.985 DEBUG [acme.Launcher@main] Found classpath entry '/C:/Users/Pablo%20Mar%c3%adn%20G%c3%b3mez/git/Acme-One/target/classes/' 
2022-02-24 12:09:52.986 DEBUG [acme.Launcher@main] Found classpath entry '/C:/Users/Pablo%20Mar%c3%adn%20G%c3%b3mez/Desktop/Workspace-22.0/Frameworks/Acme-Framework-22.1/target/classes/' 
2022-02-24 12:09:52.986 DEBUG [acme.Launcher@main] Found classpath entry '/C:/Users/Pablo%20Mar%c3%adn%20G%c3%b3mez/Desktop/Workspace-22.0/Frameworks/Acme-Framework-22.1/target/test-classes/' 
2022-02-24 12:09:52.987 DEBUG [acme.Launcher@main] Found classpath entry '/C:/Users/Pablo%20Mar%c3%adn%20G%c3%b3mez/.m2/repository/org/springframework/boot/spring-boot-starter-tomcat/2.4.2/spring-boot-starter-tomcat-2.4.2.jar' 
2022-02-24 12:09:52.990 DEBUG [acme.Launcher@main] Found classpath entry '/C:/Users/Pablo%20Mar%c3%adn%20G%c3%b3mez/.m2/repository/jakarta/annotation/jakarta.annotation-api/1.3.5/jakarta.annotation-api-1.3.5.jar' 
2022-02-24 12:09:52.990 DEBUG [acme.Launcher@main] Found classpath entry '/C:/Users/Pablo%20Mar%c3%adn%20G%c3%b3mez/.m2/repository/org/apache/tomcat/embed/tomcat-embed-core/9.0.41/tomcat-embed-core-9.0.41.jar' 
2022-02-24 12:09:52.990 DEBUG [acme.Launcher@main] Found classpath entry '/C:/Users/Pablo%20Mar%c3%adn%20G%c3%b3mez/.m2/repository/org/glassfish/jakarta.el/3.0.3/jakarta.el-3.0.3.jar' 
2022-02-24 12:09:52.991 DEBUG [acme.Launcher@main] Found classpath entry '/C:/Users/Pablo%20Mar%c3%adn%20G%c3%b3mez/.m2/repository/org/apache/tomcat/embed/tomcat-embed-websocket/9.0.41/tomcat-embed-websocket-9.0.41.jar' 
2022-02-24 12:09:52.991 DEBUG [acme.Launcher@main] Found classpath entry '/C:/Users/Pablo%20Mar%c3%adn%20G%c3%b3mez/.m2/repository/org/apache/tomcat/embed/tomcat-embed-jasper/9.0.41/tomcat-embed-jasper-9.0.41.jar' 
2022-02-24 12:09:52.991 DEBUG [acme.Launcher@main] Found classpath entry '/C:/Users/Pablo%20Mar%c3%adn%20G%c3%b3mez/.m2/repository/org/apache/tomcat/embed/tomcat-embed-el/9.0.41/tomcat-embed-el-9.0.41.jar' 
2022-02-24 12:09:52.992 DEBUG [acme.Launcher@main] Found classpath entry '/C:/Users/Pablo%20Mar%c3%adn%20G%c3%b3mez/.m2/repository/org/eclipse/jdt/ecj/3.18.0/ecj-3.18.0.jar' 
2022-02-24 12:09:52.992 DEBUG [acme.Launcher@main] Found classpath entry '/C:/Users/Pablo%20Mar%c3%adn%20G%c3%b3mez/.m2/repository/javax/servlet/jstl/1.2/jstl-1.2.jar' 
2022-02-24 12:09:52.992 DEBUG [acme.Launcher@main] Found classpath entry '/C:/Users/Pablo%20Mar%c3%adn%20G%c3%b3mez/.m2/repository/org/springframework/boot/spring-boot-starter-test/2.4.2/spring-boot-starter-test-2.4.2.jar' 
2022-02-24 12:09:52.992 DEBUG [acme.Launcher@main] Found classpath entry '/C:/Users/Pablo%20Mar%c3%adn%20G%c3%b3mez/.m2/repository/org/springframework/boot/spring-boot-starter/2.4.2/spring-boot-starter-2.4.2.jar' 
2022-02-24 12:09:52.993 DEBUG [acme.Launcher@main] Found classpath entry '/C:/Users/Pablo%20Mar%c3%adn%20G%c3%b3mez/.m2/repository/org/springframework/boot/spring-boot/2.4.2/spring-boot-2.4.2.jar' 
2022-02-24 12:09:52.994 DEBUG [acme.Launcher@main] Found classpath entry '/C:/Users/Pablo%20Mar%c3%adn%20G%c3%b3mez/.m2/repository/org/springframework/boot/spring-boot-autoconfigure/2.4.2/spring-boot-autoconfigure-2.4.2.jar' 
2022-02-24 12:09:52.994 DEBUG [acme.Launcher@main] Found classpath entry '/C:/Users/Pablo%20Mar%c3%adn%20G%c3%b3mez/.m2/repository/org/springframework/boot/spring-boot-starter-logging/2.4.2/spring-boot-starter-logging-2.4.2.jar' 
2022-02-24 12:09:52.994 DEBUG [acme.Launcher@main] Found classpath entry '/C:/Users/Pablo%20Mar%c3%adn%20G%c3%b3mez/.m2/repository/ch/qos/logback/logback-classic/1.2.3/logback-classic-1.2.3.jar' 
2022-02-24 12:09:52.995 DEBUG [acme.Launcher@main] Found classpath entry '/C:/Users/Pablo%20Mar%c3%adn%20G%c3%b3mez/.m2/repository/ch/qos/logback/logback-core/1.2.3/logback-core-1.2.3.jar' 
2022-02-24 12:09:52.995 DEBUG [acme.Launcher@main] Found classpath entry '/C:/Users/Pablo%20Mar%c3%adn%20G%c3%b3mez/.m2/repository/org/apache/logging/log4j/log4j-to-slf4j/2.13.3/log4j-to-slf4j-2.13.3.jar' 
2022-02-24 12:09:52.996 DEBUG [acme.Launcher@main] Found classpath entry '/C:/Users/Pablo%20Mar%c3%adn%20G%c3%b3mez/.m2/repository/org/apache/logging/log4j/log4j-api/2.13.3/log4j-api-2.13.3.jar' 
2022-02-24 12:09:52.996 DEBUG [acme.Launcher@main] Found classpath entry '/C:/Users/Pablo%20Mar%c3%adn%20G%c3%b3mez/.m2/repository/org/slf4j/jul-to-slf4j/1.7.30/jul-to-slf4j-1.7.30.jar' 
2022-02-24 12:09:52.997 DEBUG [acme.Launcher@main] Found classpath entry '/C:/Users/Pablo%20Mar%c3%adn%20G%c3%b3mez/.m2/repository/org/yaml/snakeyaml/1.27/snakeyaml-1.27.jar' 
2022-02-24 12:09:52.998 DEBUG [acme.Launcher@main] Found classpath entry '/C:/Users/Pablo%20Mar%c3%adn%20G%c3%b3mez/.m2/repository/org/springframework/boot/spring-boot-test/2.4.2/spring-boot-test-2.4.2.jar' 
2022-02-24 12:09:52.998 DEBUG [acme.Launcher@main] Found classpath entry '/C:/Users/Pablo%20Mar%c3%adn%20G%c3%b3mez/.m2/repository/org/springframework/boot/spring-boot-test-autoconfigure/2.4.2/spring-boot-test-autoconfigure-2.4.2.jar' 
2022-02-24 12:09:52.998 DEBUG [acme.Launcher@main] Found classpath entry '/C:/Users/Pablo%20Mar%c3%adn%20G%c3%b3mez/.m2/repository/com/jayway/jsonpath/json-path/2.4.0/json-path-2.4.0.jar' 
2022-02-24 12:09:52.998 DEBUG [acme.Launcher@main] Found classpath entry '/C:/Users/Pablo%20Mar%c3%adn%20G%c3%b3mez/.m2/repository/net/minidev/json-smart/2.3/json-smart-2.3.jar' 
2022-02-24 12:09:53 DEBUG [acme.Launcher@main] Found classpath entry '/C:/Users/Pablo%20Mar%c3%adn%20G%c3%b3mez/.m2/repository/net/minidev/accessors-smart/1.2/accessors-smart-1.2.jar' 
2022-02-24 12:09:53 DEBUG [acme.Launcher@main] Found classpath entry '/C:/Users/Pablo%20Mar%c3%adn%20G%c3%b3mez/.m2/repository/org/ow2/asm/asm/5.0.4/asm-5.0.4.jar' 
2022-02-24 12:09:53.001 DEBUG [acme.Launcher@main] Found classpath entry '/C:/Users/Pablo%20Mar%c3%adn%20G%c3%b3mez/.m2/repository/jakarta/xml/bind/jakarta.xml.bind-api/2.3.3/jakarta.xml.bind-api-2.3.3.jar' 
2022-02-24 12:09:53.001 DEBUG [acme.Launcher@main] Found classpath entry '/C:/Users/Pablo%20Mar%c3%adn%20G%c3%b3mez/.m2/repository/jakarta/activation/jakarta.activation-api/1.2.2/jakarta.activation-api-1.2.2.jar' 
2022-02-24 12:09:53.001 DEBUG [acme.Launcher@main] Found classpath entry '/C:/Users/Pablo%20Mar%c3%adn%20G%c3%b3mez/.m2/repository/org/assertj/assertj-core/3.18.1/assertj-core-3.18.1.jar' 
2022-02-24 12:09:53.002 DEBUG [acme.Launcher@main] Found classpath entry '/C:/Users/Pablo%20Mar%c3%adn%20G%c3%b3mez/.m2/repository/org/hamcrest/hamcrest/2.2/hamcrest-2.2.jar' 
2022-02-24 12:09:53.002 DEBUG [acme.Launcher@main] Found classpath entry '/C:/Users/Pablo%20Mar%c3%adn%20G%c3%b3mez/.m2/repository/org/junit/jupiter/junit-jupiter/5.7.0/junit-jupiter-5.7.0.jar' 
2022-02-24 12:09:53.003 DEBUG [acme.Launcher@main] Found classpath entry '/C:/Users/Pablo%20Mar%c3%adn%20G%c3%b3mez/.m2/repository/org/mockito/mockito-core/3.6.28/mockito-core-3.6.28.jar' 
2022-02-24 12:09:53.003 DEBUG [acme.Launcher@main] Found classpath entry '/C:/Users/Pablo%20Mar%c3%adn%20G%c3%b3mez/.m2/repository/net/bytebuddy/byte-buddy-agent/1.10.19/byte-buddy-agent-1.10.19.jar' 
2022-02-24 12:09:53.004 DEBUG [acme.Launcher@main] Found classpath entry '/C:/Users/Pablo%20Mar%c3%adn%20G%c3%b3mez/.m2/repository/org/objenesis/objenesis/3.1/objenesis-3.1.jar' 
2022-02-24 12:09:53.005 DEBUG [acme.Launcher@main] Found classpath entry '/C:/Users/Pablo%20Mar%c3%adn%20G%c3%b3mez/.m2/repository/org/mockito/mockito-junit-jupiter/3.6.28/mockito-junit-jupiter-3.6.28.jar' 
2022-02-24 12:09:53.005 DEBUG [acme.Launcher@main] Found classpath entry '/C:/Users/Pablo%20Mar%c3%adn%20G%c3%b3mez/.m2/repository/org/skyscreamer/jsonassert/1.5.0/jsonassert-1.5.0.jar' 
2022-02-24 12:09:53.005 DEBUG [acme.Launcher@main] Found classpath entry '/C:/Users/Pablo%20Mar%c3%adn%20G%c3%b3mez/.m2/repository/com/vaadin/external/google/android-json/0.0.20131108.vaadin1/android-json-0.0.20131108.vaadin1.jar' 
2022-02-24 12:09:53.005 DEBUG [acme.Launcher@main] Found classpath entry '/C:/Users/Pablo%20Mar%c3%adn%20G%c3%b3mez/.m2/repository/org/springframework/spring-core/5.3.3/spring-core-5.3.3.jar' 
2022-02-24 12:09:53.005 DEBUG [acme.Launcher@main] Found classpath entry '/C:/Users/Pablo%20Mar%c3%adn%20G%c3%b3mez/.m2/repository/org/springframework/spring-jcl/5.3.3/spring-jcl-5.3.3.jar' 
2022-02-24 12:09:53.005 DEBUG [acme.Launcher@main] Found classpath entry '/C:/Users/Pablo%20Mar%c3%adn%20G%c3%b3mez/.m2/repository/org/springframework/spring-test/5.3.3/spring-test-5.3.3.jar' 
2022-02-24 12:09:53.005 DEBUG [acme.Launcher@main] Found classpath entry '/C:/Users/Pablo%20Mar%c3%adn%20G%c3%b3mez/.m2/repository/org/xmlunit/xmlunit-core/2.7.0/xmlunit-core-2.7.0.jar' 
2022-02-24 12:09:53.007 DEBUG [acme.Launcher@main] Found classpath entry '/C:/Users/Pablo%20Mar%c3%adn%20G%c3%b3mez/.m2/repository/org/springframework/boot/spring-boot-starter-security/2.4.2/spring-boot-starter-security-2.4.2.jar' 
2022-02-24 12:09:53.007 DEBUG [acme.Launcher@main] Found classpath entry '/C:/Users/Pablo%20Mar%c3%adn%20G%c3%b3mez/.m2/repository/org/springframework/spring-aop/5.3.3/spring-aop-5.3.3.jar' 
2022-02-24 12:09:53.008 DEBUG [acme.Launcher@main] Found classpath entry '/C:/Users/Pablo%20Mar%c3%adn%20G%c3%b3mez/.m2/repository/org/springframework/security/spring-security-web/5.4.2/spring-security-web-5.4.2.jar' 
2022-02-24 12:09:53.008 DEBUG [acme.Launcher@main] Found classpath entry '/C:/Users/Pablo%20Mar%c3%adn%20G%c3%b3mez/.m2/repository/org/springframework/security/spring-security-core/5.4.2/spring-security-core-5.4.2.jar' 
2022-02-24 12:09:53.009 DEBUG [acme.Launcher@main] Found classpath entry '/C:/Users/Pablo%20Mar%c3%adn%20G%c3%b3mez/.m2/repository/org/springframework/spring-beans/5.3.3/spring-beans-5.3.3.jar' 
2022-02-24 12:09:53.009 DEBUG [acme.Launcher@main] Found classpath entry '/C:/Users/Pablo%20Mar%c3%adn%20G%c3%b3mez/.m2/repository/org/springframework/spring-context/5.3.3/spring-context-5.3.3.jar' 
2022-02-24 12:09:53.010 DEBUG [acme.Launcher@main] Found classpath entry '/C:/Users/Pablo%20Mar%c3%adn%20G%c3%b3mez/.m2/repository/org/springframework/spring-expression/5.3.3/spring-expression-5.3.3.jar' 
2022-02-24 12:09:53.011 DEBUG [acme.Launcher@main] Found classpath entry '/C:/Users/Pablo%20Mar%c3%adn%20G%c3%b3mez/.m2/repository/org/springframework/spring-web/5.3.3/spring-web-5.3.3.jar' 
2022-02-24 12:09:53.011 DEBUG [acme.Launcher@main] Found classpath entry '/C:/Users/Pablo%20Mar%c3%adn%20G%c3%b3mez/.m2/repository/org/springframework/security/spring-security-config/5.4.2/spring-security-config-5.4.2.jar' 
2022-02-24 12:09:53.011 DEBUG [acme.Launcher@main] Found classpath entry '/C:/Users/Pablo%20Mar%c3%adn%20G%c3%b3mez/.m2/repository/org/springframework/security/spring-security-taglibs/5.4.2/spring-security-taglibs-5.4.2.jar' 
2022-02-24 12:09:53.012 DEBUG [acme.Launcher@main] Found classpath entry '/C:/Users/Pablo%20Mar%c3%adn%20G%c3%b3mez/.m2/repository/org/springframework/security/spring-security-acl/5.4.2/spring-security-acl-5.4.2.jar' 
2022-02-24 12:09:53.012 DEBUG [acme.Launcher@main] Found classpath entry '/C:/Users/Pablo%20Mar%c3%adn%20G%c3%b3mez/.m2/repository/org/springframework/spring-jdbc/5.3.3/spring-jdbc-5.3.3.jar' 
2022-02-24 12:09:53.012 DEBUG [acme.Launcher@main] Found classpath entry '/C:/Users/Pablo%20Mar%c3%adn%20G%c3%b3mez/.m2/repository/org/springframework/spring-tx/5.3.3/spring-tx-5.3.3.jar' 
2022-02-24 12:09:53.012 DEBUG [acme.Launcher@main] Found classpath entry '/C:/Users/Pablo%20Mar%c3%adn%20G%c3%b3mez/.m2/repository/org/springframework/boot/spring-boot-starter-web/2.4.2/spring-boot-starter-web-2.4.2.jar' 
2022-02-24 12:09:53.012 DEBUG [acme.Launcher@main] Found classpath entry '/C:/Users/Pablo%20Mar%c3%adn%20G%c3%b3mez/.m2/repository/org/springframework/boot/spring-boot-starter-json/2.4.2/spring-boot-starter-json-2.4.2.jar' 
2022-02-24 12:09:53.012 DEBUG [acme.Launcher@main] Found classpath entry '/C:/Users/Pablo%20Mar%c3%adn%20G%c3%b3mez/.m2/repository/com/fasterxml/jackson/core/jackson-databind/2.11.4/jackson-databind-2.11.4.jar' 
2022-02-24 12:09:53.012 DEBUG [acme.Launcher@main] Found classpath entry '/C:/Users/Pablo%20Mar%c3%adn%20G%c3%b3mez/.m2/repository/com/fasterxml/jackson/core/jackson-annotations/2.11.4/jackson-annotations-2.11.4.jar' 
2022-02-24 12:09:53.012 DEBUG [acme.Launcher@main] Found classpath entry '/C:/Users/Pablo%20Mar%c3%adn%20G%c3%b3mez/.m2/repository/com/fasterxml/jackson/core/jackson-core/2.11.4/jackson-core-2.11.4.jar' 
2022-02-24 12:09:53.014 DEBUG [acme.Launcher@main] Found classpath entry '/C:/Users/Pablo%20Mar%c3%adn%20G%c3%b3mez/.m2/repository/com/fasterxml/jackson/datatype/jackson-datatype-jdk8/2.11.4/jackson-datatype-jdk8-2.11.4.jar' 
2022-02-24 12:09:53.015 DEBUG [acme.Launcher@main] Found classpath entry '/C:/Users/Pablo%20Mar%c3%adn%20G%c3%b3mez/.m2/repository/com/fasterxml/jackson/datatype/jackson-datatype-jsr310/2.11.4/jackson-datatype-jsr310-2.11.4.jar' 
2022-02-24 12:09:53.015 DEBUG [acme.Launcher@main] Found classpath entry '/C:/Users/Pablo%20Mar%c3%adn%20G%c3%b3mez/.m2/repository/com/fasterxml/jackson/module/jackson-module-parameter-names/2.11.4/jackson-module-parameter-names-2.11.4.jar' 
2022-02-24 12:09:53.015 DEBUG [acme.Launcher@main] Found classpath entry '/C:/Users/Pablo%20Mar%c3%adn%20G%c3%b3mez/.m2/repository/org/springframework/spring-webmvc/5.3.3/spring-webmvc-5.3.3.jar' 
2022-02-24 12:09:53.015 DEBUG [acme.Launcher@main] Found classpath entry '/C:/Users/Pablo%20Mar%c3%adn%20G%c3%b3mez/.m2/repository/org/apache/tiles/tiles-jsp/3.0.8/tiles-jsp-3.0.8.jar' 
2022-02-24 12:09:53.015 DEBUG [acme.Launcher@main] Found classpath entry '/C:/Users/Pablo%20Mar%c3%adn%20G%c3%b3mez/.m2/repository/org/apache/tiles/tiles-servlet/3.0.8/tiles-servlet-3.0.8.jar' 
2022-02-24 12:09:53.015 DEBUG [acme.Launcher@main] Found classpath entry '/C:/Users/Pablo%20Mar%c3%adn%20G%c3%b3mez/.m2/repository/org/apache/tiles/tiles-core/3.0.8/tiles-core-3.0.8.jar' 
2022-02-24 12:09:53.016 DEBUG [acme.Launcher@main] Found classpath entry '/C:/Users/Pablo%20Mar%c3%adn%20G%c3%b3mez/.m2/repository/commons-digester/commons-digester/2.0/commons-digester-2.0.jar' 
2022-02-24 12:09:53.016 DEBUG [acme.Launcher@main] Found classpath entry '/C:/Users/Pablo%20Mar%c3%adn%20G%c3%b3mez/.m2/repository/org/slf4j/jcl-over-slf4j/1.7.30/jcl-over-slf4j-1.7.30.jar' 
2022-02-24 12:09:53.016 DEBUG [acme.Launcher@main] Found classpath entry '/C:/Users/Pablo%20Mar%c3%adn%20G%c3%b3mez/.m2/repository/org/apache/tiles/tiles-request-servlet/1.0.7/tiles-request-servlet-1.0.7.jar' 
2022-02-24 12:09:53.016 DEBUG [acme.Launcher@main] Found classpath entry '/C:/Users/Pablo%20Mar%c3%adn%20G%c3%b3mez/.m2/repository/org/apache/tiles/tiles-template/3.0.8/tiles-template-3.0.8.jar' 
2022-02-24 12:09:53.016 DEBUG [acme.Launcher@main] Found classpath entry '/C:/Users/Pablo%20Mar%c3%adn%20G%c3%b3mez/.m2/repository/org/apache/tiles/tiles-api/3.0.8/tiles-api-3.0.8.jar' 
2022-02-24 12:09:53.017 DEBUG [acme.Launcher@main] Found classpath entry '/C:/Users/Pablo%20Mar%c3%adn%20G%c3%b3mez/.m2/repository/org/apache/tiles/tiles-autotag-core-runtime/1.2/tiles-autotag-core-runtime-1.2.jar' 
2022-02-24 12:09:53.017 DEBUG [acme.Launcher@main] Found classpath entry '/C:/Users/Pablo%20Mar%c3%adn%20G%c3%b3mez/.m2/repository/org/slf4j/slf4j-api/1.7.30/slf4j-api-1.7.30.jar' 
2022-02-24 12:09:53.017 DEBUG [acme.Launcher@main] Found classpath entry '/C:/Users/Pablo%20Mar%c3%adn%20G%c3%b3mez/.m2/repository/org/apache/tiles/tiles-request-jsp/1.0.7/tiles-request-jsp-1.0.7.jar' 
2022-02-24 12:09:53.017 DEBUG [acme.Launcher@main] Found classpath entry '/C:/Users/Pablo%20Mar%c3%adn%20G%c3%b3mez/.m2/repository/org/apache/tiles/tiles-request-api/1.0.7/tiles-request-api-1.0.7.jar' 
2022-02-24 12:09:53.017 DEBUG [acme.Launcher@main] Found classpath entry '/C:/Users/Pablo%20Mar%c3%adn%20G%c3%b3mez/.m2/repository/org/springframework/boot/spring-boot-starter-data-jpa/2.4.2/spring-boot-starter-data-jpa-2.4.2.jar' 
2022-02-24 12:09:53.017 DEBUG [acme.Launcher@main] Found classpath entry '/C:/Users/Pablo%20Mar%c3%adn%20G%c3%b3mez/.m2/repository/org/springframework/boot/spring-boot-starter-aop/2.4.2/spring-boot-starter-aop-2.4.2.jar' 
2022-02-24 12:09:53.019 DEBUG [acme.Launcher@main] Found classpath entry '/C:/Users/Pablo%20Mar%c3%adn%20G%c3%b3mez/.m2/repository/org/aspectj/aspectjweaver/1.9.6/aspectjweaver-1.9.6.jar' 
2022-02-24 12:09:53.019 DEBUG [acme.Launcher@main] Found classpath entry '/C:/Users/Pablo%20Mar%c3%adn%20G%c3%b3mez/.m2/repository/org/springframework/boot/spring-boot-starter-jdbc/2.4.2/spring-boot-starter-jdbc-2.4.2.jar' 
2022-02-24 12:09:53.019 DEBUG [acme.Launcher@main] Found classpath entry '/C:/Users/Pablo%20Mar%c3%adn%20G%c3%b3mez/.m2/repository/jakarta/transaction/jakarta.transaction-api/1.3.3/jakarta.transaction-api-1.3.3.jar' 
2022-02-24 12:09:53.019 DEBUG [acme.Launcher@main] Found classpath entry '/C:/Users/Pablo%20Mar%c3%adn%20G%c3%b3mez/.m2/repository/jakarta/persistence/jakarta.persistence-api/2.2.3/jakarta.persistence-api-2.2.3.jar' 
2022-02-24 12:09:53.020 DEBUG [acme.Launcher@main] Found classpath entry '/C:/Users/Pablo%20Mar%c3%adn%20G%c3%b3mez/.m2/repository/org/hibernate/hibernate-core/5.4.27.Final/hibernate-core-5.4.27.Final.jar' 
2022-02-24 12:09:53.020 DEBUG [acme.Launcher@main] Found classpath entry '/C:/Users/Pablo%20Mar%c3%adn%20G%c3%b3mez/.m2/repository/org/jboss/logging/jboss-logging/3.4.1.Final/jboss-logging-3.4.1.Final.jar' 
2022-02-24 12:09:53.020 DEBUG [acme.Launcher@main] Found classpath entry '/C:/Users/Pablo%20Mar%c3%adn%20G%c3%b3mez/.m2/repository/org/javassist/javassist/3.27.0-GA/javassist-3.27.0-GA.jar' 
2022-02-24 12:09:53.020 DEBUG [acme.Launcher@main] Found classpath entry '/C:/Users/Pablo%20Mar%c3%adn%20G%c3%b3mez/.m2/repository/antlr/antlr/2.7.7/antlr-2.7.7.jar' 
2022-02-24 12:09:53.020 DEBUG [acme.Launcher@main] Found classpath entry '/C:/Users/Pablo%20Mar%c3%adn%20G%c3%b3mez/.m2/repository/org/jboss/jandex/2.1.3.Final/jandex-2.1.3.Final.jar' 
2022-02-24 12:09:53.020 DEBUG [acme.Launcher@main] Found classpath entry '/C:/Users/Pablo%20Mar%c3%adn%20G%c3%b3mez/.m2/repository/com/fasterxml/classmate/1.5.1/classmate-1.5.1.jar' 
2022-02-24 12:09:53.020 DEBUG [acme.Launcher@main] Found classpath entry '/C:/Users/Pablo%20Mar%c3%adn%20G%c3%b3mez/.m2/repository/org/dom4j/dom4j/2.1.3/dom4j-2.1.3.jar' 
2022-02-24 12:09:53.020 DEBUG [acme.Launcher@main] Found classpath entry '/C:/Users/Pablo%20Mar%c3%adn%20G%c3%b3mez/.m2/repository/org/hibernate/common/hibernate-commons-annotations/5.1.2.Final/hibernate-commons-annotations-5.1.2.Final.jar' 
2022-02-24 12:09:53.020 DEBUG [acme.Launcher@main] Found classpath entry '/C:/Users/Pablo%20Mar%c3%adn%20G%c3%b3mez/.m2/repository/org/glassfish/jaxb/jaxb-runtime/2.3.3/jaxb-runtime-2.3.3.jar' 
2022-02-24 12:09:53.020 DEBUG [acme.Launcher@main] Found classpath entry '/C:/Users/Pablo%20Mar%c3%adn%20G%c3%b3mez/.m2/repository/org/glassfish/jaxb/txw2/2.3.3/txw2-2.3.3.jar' 
2022-02-24 12:09:53.021 DEBUG [acme.Launcher@main] Found classpath entry '/C:/Users/Pablo%20Mar%c3%adn%20G%c3%b3mez/.m2/repository/com/sun/istack/istack-commons-runtime/3.0.11/istack-commons-runtime-3.0.11.jar' 
2022-02-24 12:09:53.021 DEBUG [acme.Launcher@main] Found classpath entry '/C:/Users/Pablo%20Mar%c3%adn%20G%c3%b3mez/.m2/repository/com/sun/activation/jakarta.activation/1.2.2/jakarta.activation-1.2.2.jar' 
2022-02-24 12:09:53.021 DEBUG [acme.Launcher@main] Found classpath entry '/C:/Users/Pablo%20Mar%c3%adn%20G%c3%b3mez/.m2/repository/org/springframework/data/spring-data-jpa/2.4.3/spring-data-jpa-2.4.3.jar' 
2022-02-24 12:09:53.022 DEBUG [acme.Launcher@main] Found classpath entry '/C:/Users/Pablo%20Mar%c3%adn%20G%c3%b3mez/.m2/repository/org/springframework/data/spring-data-commons/2.4.3/spring-data-commons-2.4.3.jar' 
2022-02-24 12:09:53.022 DEBUG [acme.Launcher@main] Found classpath entry '/C:/Users/Pablo%20Mar%c3%adn%20G%c3%b3mez/.m2/repository/org/springframework/spring-orm/5.3.3/spring-orm-5.3.3.jar' 
2022-02-24 12:09:53.022 DEBUG [acme.Launcher@main] Found classpath entry '/C:/Users/Pablo%20Mar%c3%adn%20G%c3%b3mez/.m2/repository/org/springframework/spring-aspects/5.3.3/spring-aspects-5.3.3.jar' 
2022-02-24 12:09:53.022 DEBUG [acme.Launcher@main] Found classpath entry '/C:/Users/Pablo%20Mar%c3%adn%20G%c3%b3mez/.m2/repository/org/springframework/boot/spring-boot-starter-validation/2.4.2/spring-boot-starter-validation-2.4.2.jar' 
2022-02-24 12:09:53.022 DEBUG [acme.Launcher@main] Found classpath entry '/C:/Users/Pablo%20Mar%c3%adn%20G%c3%b3mez/.m2/repository/org/hibernate/validator/hibernate-validator/6.1.7.Final/hibernate-validator-6.1.7.Final.jar' 
2022-02-24 12:09:53.022 DEBUG [acme.Launcher@main] Found classpath entry '/C:/Users/Pablo%20Mar%c3%adn%20G%c3%b3mez/.m2/repository/jakarta/validation/jakarta.validation-api/2.0.2/jakarta.validation-api-2.0.2.jar' 
2022-02-24 12:09:53.022 DEBUG [acme.Launcher@main] Found classpath entry '/C:/Users/Pablo%20Mar%c3%adn%20G%c3%b3mez/.m2/repository/mysql/mysql-connector-java/8.0.22/mysql-connector-java-8.0.22.jar' 
2022-02-24 12:09:53.023 DEBUG [acme.Launcher@main] Found classpath entry '/C:/Users/Pablo%20Mar%c3%adn%20G%c3%b3mez/.m2/repository/com/zaxxer/HikariCP/3.4.5/HikariCP-3.4.5.jar' 
2022-02-24 12:09:53.023 DEBUG [acme.Launcher@main] Found classpath entry '/C:/Users/Pablo%20Mar%c3%adn%20G%c3%b3mez/.m2/repository/org/junit/jupiter/junit-jupiter-engine/5.7.0/junit-jupiter-engine-5.7.0.jar' 
2022-02-24 12:09:53.023 DEBUG [acme.Launcher@main] Found classpath entry '/C:/Users/Pablo%20Mar%c3%adn%20G%c3%b3mez/.m2/repository/org/apiguardian/apiguardian-api/1.1.0/apiguardian-api-1.1.0.jar' 
2022-02-24 12:09:53.023 DEBUG [acme.Launcher@main] Found classpath entry '/C:/Users/Pablo%20Mar%c3%adn%20G%c3%b3mez/.m2/repository/org/junit/platform/junit-platform-engine/1.7.0/junit-platform-engine-1.7.0.jar' 
2022-02-24 12:09:53.024 DEBUG [acme.Launcher@main] Found classpath entry '/C:/Users/Pablo%20Mar%c3%adn%20G%c3%b3mez/.m2/repository/org/junit/jupiter/junit-jupiter-api/5.7.0/junit-jupiter-api-5.7.0.jar' 
2022-02-24 12:09:53.024 DEBUG [acme.Launcher@main] Found classpath entry '/C:/Users/Pablo%20Mar%c3%adn%20G%c3%b3mez/.m2/repository/org/opentest4j/opentest4j/1.2.0/opentest4j-1.2.0.jar' 
2022-02-24 12:09:53.024 DEBUG [acme.Launcher@main] Found classpath entry '/C:/Users/Pablo%20Mar%c3%adn%20G%c3%b3mez/.m2/repository/org/junit/platform/junit-platform-commons/1.7.0/junit-platform-commons-1.7.0.jar' 
2022-02-24 12:09:53.024 DEBUG [acme.Launcher@main] Found classpath entry '/C:/Users/Pablo%20Mar%c3%adn%20G%c3%b3mez/.m2/repository/org/junit/jupiter/junit-jupiter-params/5.7.0/junit-jupiter-params-5.7.0.jar' 
2022-02-24 12:09:53.024 DEBUG [acme.Launcher@main] Found classpath entry '/C:/Users/Pablo%20Mar%c3%adn%20G%c3%b3mez/.m2/repository/org/junit/platform/junit-platform-launcher/1.7.0/junit-platform-launcher-1.7.0.jar' 
2022-02-24 12:09:53.025 DEBUG [acme.Launcher@main] Found classpath entry '/C:/Users/Pablo%20Mar%c3%adn%20G%c3%b3mez/.m2/repository/org/seleniumhq/selenium/selenium-java/3.141.59/selenium-java-3.141.59.jar' 
2022-02-24 12:09:53.025 DEBUG [acme.Launcher@main] Found classpath entry '/C:/Users/Pablo%20Mar%c3%adn%20G%c3%b3mez/.m2/repository/org/seleniumhq/selenium/selenium-api/3.141.59/selenium-api-3.141.59.jar' 
2022-02-24 12:09:53.025 DEBUG [acme.Launcher@main] Found classpath entry '/C:/Users/Pablo%20Mar%c3%adn%20G%c3%b3mez/.m2/repository/org/seleniumhq/selenium/selenium-chrome-driver/3.141.59/selenium-chrome-driver-3.141.59.jar' 
2022-02-24 12:09:53.025 DEBUG [acme.Launcher@main] Found classpath entry '/C:/Users/Pablo%20Mar%c3%adn%20G%c3%b3mez/.m2/repository/org/seleniumhq/selenium/selenium-edge-driver/3.141.59/selenium-edge-driver-3.141.59.jar' 
2022-02-24 12:09:53.025 DEBUG [acme.Launcher@main] Found classpath entry '/C:/Users/Pablo%20Mar%c3%adn%20G%c3%b3mez/.m2/repository/org/seleniumhq/selenium/selenium-firefox-driver/3.141.59/selenium-firefox-driver-3.141.59.jar' 
2022-02-24 12:09:53.025 DEBUG [acme.Launcher@main] Found classpath entry '/C:/Users/Pablo%20Mar%c3%adn%20G%c3%b3mez/.m2/repository/org/seleniumhq/selenium/selenium-ie-driver/3.141.59/selenium-ie-driver-3.141.59.jar' 
2022-02-24 12:09:53.026 DEBUG [acme.Launcher@main] Found classpath entry '/C:/Users/Pablo%20Mar%c3%adn%20G%c3%b3mez/.m2/repository/org/seleniumhq/selenium/selenium-opera-driver/3.141.59/selenium-opera-driver-3.141.59.jar' 
2022-02-24 12:09:53.026 DEBUG [acme.Launcher@main] Found classpath entry '/C:/Users/Pablo%20Mar%c3%adn%20G%c3%b3mez/.m2/repository/org/seleniumhq/selenium/selenium-remote-driver/3.141.59/selenium-remote-driver-3.141.59.jar' 
2022-02-24 12:09:53.026 DEBUG [acme.Launcher@main] Found classpath entry '/C:/Users/Pablo%20Mar%c3%adn%20G%c3%b3mez/.m2/repository/org/seleniumhq/selenium/selenium-safari-driver/3.141.59/selenium-safari-driver-3.141.59.jar' 
2022-02-24 12:09:53.026 DEBUG [acme.Launcher@main] Found classpath entry '/C:/Users/Pablo%20Mar%c3%adn%20G%c3%b3mez/.m2/repository/org/seleniumhq/selenium/selenium-support/3.141.59/selenium-support-3.141.59.jar' 
2022-02-24 12:09:53.026 DEBUG [acme.Launcher@main] Found classpath entry '/C:/Users/Pablo%20Mar%c3%adn%20G%c3%b3mez/.m2/repository/net/bytebuddy/byte-buddy/1.10.19/byte-buddy-1.10.19.jar' 
2022-02-24 12:09:53.026 DEBUG [acme.Launcher@main] Found classpath entry '/C:/Users/Pablo%20Mar%c3%adn%20G%c3%b3mez/.m2/repository/org/apache/commons/commons-exec/1.3/commons-exec-1.3.jar' 
2022-02-24 12:09:53.027 DEBUG [acme.Launcher@main] Found classpath entry '/C:/Users/Pablo%20Mar%c3%adn%20G%c3%b3mez/.m2/repository/com/google/guava/guava/25.0-jre/guava-25.0-jre.jar' 
2022-02-24 12:09:53.027 DEBUG [acme.Launcher@main] Found classpath entry '/C:/Users/Pablo%20Mar%c3%adn%20G%c3%b3mez/.m2/repository/com/google/code/findbugs/jsr305/1.3.9/jsr305-1.3.9.jar' 
2022-02-24 12:09:53.028 DEBUG [acme.Launcher@main] Found classpath entry '/C:/Users/Pablo%20Mar%c3%adn%20G%c3%b3mez/.m2/repository/org/checkerframework/checker-compat-qual/2.0.0/checker-compat-qual-2.0.0.jar' 
2022-02-24 12:09:53.028 DEBUG [acme.Launcher@main] Found classpath entry '/C:/Users/Pablo%20Mar%c3%adn%20G%c3%b3mez/.m2/repository/com/google/errorprone/error_prone_annotations/2.1.3/error_prone_annotations-2.1.3.jar' 
2022-02-24 12:09:53.028 DEBUG [acme.Launcher@main] Found classpath entry '/C:/Users/Pablo%20Mar%c3%adn%20G%c3%b3mez/.m2/repository/com/google/j2objc/j2objc-annotations/1.1/j2objc-annotations-1.1.jar' 
2022-02-24 12:09:53.028 DEBUG [acme.Launcher@main] Found classpath entry '/C:/Users/Pablo%20Mar%c3%adn%20G%c3%b3mez/.m2/repository/org/codehaus/mojo/animal-sniffer-annotations/1.14/animal-sniffer-annotations-1.14.jar' 
2022-02-24 12:09:53.028 DEBUG [acme.Launcher@main] Found classpath entry '/C:/Users/Pablo%20Mar%c3%adn%20G%c3%b3mez/.m2/repository/com/squareup/okhttp3/okhttp/3.14.9/okhttp-3.14.9.jar' 
2022-02-24 12:09:53.028 DEBUG [acme.Launcher@main] Found classpath entry '/C:/Users/Pablo%20Mar%c3%adn%20G%c3%b3mez/.m2/repository/com/squareup/okio/okio/1.14.0/okio-1.14.0.jar' 
2022-02-24 12:09:53.029 DEBUG [acme.Launcher@main] Found classpath entry '/C:/Users/Pablo%20Mar%c3%adn%20G%c3%b3mez/.m2/repository/org/apache/commons/commons-lang3/3.11/commons-lang3-3.11.jar' 
2022-02-24 12:09:53.029 DEBUG [acme.Launcher@main] Found classpath entry '/C:/Users/Pablo%20Mar%c3%adn%20G%c3%b3mez/.m2/repository/org/apache/commons/commons-text/1.8/commons-text-1.8.jar' 
2022-02-24 12:09:53.029 DEBUG [acme.Launcher@main] Found classpath entry '/C:/Users/Pablo%20Mar%c3%adn%20G%c3%b3mez/.m2/repository/commons-io/commons-io/2.6/commons-io-2.6.jar' 
2022-02-24 12:09:53.029 DEBUG [acme.Launcher@main] Found classpath entry '/C:/Users/Pablo%20Mar%c3%adn%20G%c3%b3mez/.m2/repository/commons-cli/commons-cli/1.4/commons-cli-1.4.jar' 
2022-02-24 12:09:53.029 DEBUG [acme.Launcher@main] Found classpath entry '/C:/Users/Pablo%20Mar%c3%adn%20G%c3%b3mez/.m2/repository/org/projectlombok/lombok/1.18.16/lombok-1.18.16.jar' 
2022-02-24 12:09:53.029 DEBUG [acme.Launcher@main] Found classpath entry '/C:/Users/Pablo%20Mar%c3%adn%20G%c3%b3mez/.m2/repository/com/opencsv/opencsv/5.4/opencsv-5.4.jar' 
2022-02-24 12:09:53.029 DEBUG [acme.Launcher@main] Found classpath entry '/C:/Users/Pablo%20Mar%c3%adn%20G%c3%b3mez/.m2/repository/commons-beanutils/commons-beanutils/1.9.4/commons-beanutils-1.9.4.jar' 
2022-02-24 12:09:53.029 DEBUG [acme.Launcher@main] Found classpath entry '/C:/Users/Pablo%20Mar%c3%adn%20G%c3%b3mez/.m2/repository/commons-logging/commons-logging/1.2/commons-logging-1.2.jar' 
2022-02-24 12:09:53.030 DEBUG [acme.Launcher@main] Found classpath entry '/C:/Users/Pablo%20Mar%c3%adn%20G%c3%b3mez/.m2/repository/commons-collections/commons-collections/3.2.2/commons-collections-3.2.2.jar' 
2022-02-24 12:09:53.030 DEBUG [acme.Launcher@main] Found classpath entry '/C:/Users/Pablo%20Mar%c3%adn%20G%c3%b3mez/.m2/repository/org/apache/commons/commons-collections4/4.4/commons-collections4-4.4.jar' 
2022-02-24 12:09:53.030 DEBUG [acme.Launcher@main] Found classpath entry '/C:/Users/Pablo%20Mar%c3%adn%20G%c3%b3mez/Desktop/Workspace-22.0/Tools/IDEs/eclipse-jee-2021-12-R/configuration/org.eclipse.osgi/418/0/.cp/lib/javaagent-shaded.jar' 
2022-02-24 12:09:53.088 DEBUG [acme.Launcher@main] Found entity class 'acme.roles.Consumer 
2022-02-24 12:09:53.089 DEBUG [acme.Launcher@main] Found entity class 'acme.roles.Provider 
2022-02-24 12:09:53.089 DEBUG [acme.Launcher@main] Found entity class 'acme.framework.entities.UserAccount 
2022-02-24 12:09:53.089 DEBUG [acme.Launcher@main] Found entity class 'acme.framework.roles.Administrator 
2022-02-24 12:09:53.089 DEBUG [acme.Launcher@main] Found entity class 'acme.framework.roles.Anonymous 
2022-02-24 12:09:53.089 DEBUG [acme.Launcher@main] Found entity class 'acme.framework.roles.Authenticated 
2022-02-24 12:09:53.092 INFO  [acme.Launcher@main] Running application (Standalone) 
2022-02-24 12:10:21.260 DEBUG [acme.framework.components.tiles.DynamicTilesView@http-nio-8080-exec-8] View name 'fragments/welcome', model {} 
2022-02-24 12:10:21.305 DEBUG [org.apache.tiles.definition.dao.BaseLocaleUrlDefinitionDAO@http-nio-8080-exec-8] File Resource file:/C:/Users/Pablo%20Marín%20Gómez/git/Acme-One/target/classes/WEB-INF/views/master/tiles_en.xml at file:/C:/Users/Pablo%20Marín%20Gómez/git/Acme-One/target/classes/WEB-INF/views/master/tiles_en.xml not found, continue 
2022-02-24 12:10:21.323 DEBUG [org.apache.jasper.servlet.JspServlet@http-nio-8080-exec-8] JspEngine --> /WEB-INF/views/master/page.jsp 
2022-02-24 12:10:21.324 DEBUG [org.apache.jasper.servlet.JspServlet@http-nio-8080-exec-8] ServletPath: /WEB-INF/views/master/page.jsp 
2022-02-24 12:10:21.324 DEBUG [org.apache.jasper.servlet.JspServlet@http-nio-8080-exec-8] PathInfo: null 
2022-02-24 12:10:21.326 DEBUG [org.apache.jasper.servlet.JspServlet@http-nio-8080-exec-8] RealPath: C:\Users\Pablo Marín Gómez\git\Acme-One\target\classes\WEB-INF\views\master\page.jsp 
2022-02-24 12:10:21.326 DEBUG [org.apache.jasper.servlet.JspServlet@http-nio-8080-exec-8] RequestURI: /hello-world-22.1/WEB-INF/views/master/page.jsp 
2022-02-24 12:10:21.326 DEBUG [org.apache.jasper.servlet.JspServlet@http-nio-8080-exec-8] QueryString: null 
2022-02-24 12:10:27.709 DEBUG [acme.framework.configuration.ExtendedMessageSource@http-nio-8080-exec-8] Loading properties [C:\Users\Pablo Marín Gómez\git\Acme-One\target\classes\WEB-INF\views\administrator\user-account\messages-en.i18n] with encoding 'utf-8' 
2022-02-24 12:10:27.711 DEBUG [acme.framework.configuration.ExtendedMessageSource@http-nio-8080-exec-8] Loading properties [C:\Users\Pablo Marín Gómez\git\Acme-One\target\classes\WEB-INF\views\anonymous\user-account\messages-en.i18n] with encoding 'utf-8' 
2022-02-24 12:10:27.712 DEBUG [acme.framework.configuration.ExtendedMessageSource@http-nio-8080-exec-8] Loading properties [C:\Users\Pablo Marín Gómez\git\Acme-One\target\classes\WEB-INF\views\authenticated\consumer\messsages-en.i18n] with encoding 'utf-8' 
2022-02-24 12:10:27.713 DEBUG [acme.framework.configuration.ExtendedMessageSource@http-nio-8080-exec-8] Loading properties [C:\Users\Pablo Marín Gómez\git\Acme-One\target\classes\WEB-INF\views\authenticated\provider\messsages-en.i18n] with encoding 'utf-8' 
2022-02-24 12:10:27.714 DEBUG [acme.framework.configuration.ExtendedMessageSource@http-nio-8080-exec-8] Loading properties [C:\Users\Pablo Marín Gómez\git\Acme-One\target\classes\WEB-INF\views\authenticated\user-account\messages-en.i18n] with encoding 'utf-8' 
2022-02-24 12:10:27.715 DEBUG [acme.framework.configuration.ExtendedMessageSource@http-nio-8080-exec-8] Loading properties [C:\Users\Pablo Marín Gómez\git\Acme-One\target\classes\WEB-INF\views\fragments\banner-en.i18n] with encoding 'utf-8' 
2022-02-24 12:10:27.715 DEBUG [acme.framework.configuration.ExtendedMessageSource@http-nio-8080-exec-8] Loading properties [C:\Users\Pablo Marín Gómez\git\Acme-One\target\classes\WEB-INF\views\fragments\company-en.i18n] with encoding 'utf-8' 
2022-02-24 12:10:27.716 DEBUG [acme.framework.configuration.ExtendedMessageSource@http-nio-8080-exec-8] Loading properties [C:\Users\Pablo Marín Gómez\git\Acme-One\target\classes\WEB-INF\views\fragments\footer-en.i18n] with encoding 'utf-8' 
2022-02-24 12:10:27.717 DEBUG [acme.framework.configuration.ExtendedMessageSource@http-nio-8080-exec-8] Loading properties [C:\Users\Pablo Marín Gómez\git\Acme-One\target\classes\WEB-INF\views\fragments\license-en.i18n] with encoding 'utf-8' 
2022-02-24 12:10:27.718 DEBUG [acme.framework.configuration.ExtendedMessageSource@http-nio-8080-exec-8] Loading properties [C:\Users\Pablo Marín Gómez\git\Acme-One\target\classes\WEB-INF\views\fragments\menu-en.i18n] with encoding 'utf-8' 
2022-02-24 12:10:27.720 DEBUG [acme.framework.configuration.ExtendedMessageSource@http-nio-8080-exec-8] Loading properties [C:\Users\Pablo Marín Gómez\git\Acme-One\target\classes\WEB-INF\views\fragments\messsages-en.i18n] with encoding 'utf-8' 
2022-02-24 12:10:27.721 DEBUG [acme.framework.configuration.ExtendedMessageSource@http-nio-8080-exec-8] Loading properties [C:\Users\Pablo Marín Gómez\git\Acme-One\target\classes\WEB-INF\views\fragments\title-en.i18n] with encoding 'utf-8' 
2022-02-24 12:10:27.722 DEBUG [acme.framework.configuration.ExtendedMessageSource@http-nio-8080-exec-8] Loading properties [C:\Users\Pablo Marín Gómez\git\Acme-One\target\classes\WEB-INF\views\fragments\welcome-en.i18n] with encoding 'utf-8' 
2022-02-24 12:10:27.722 DEBUG [acme.framework.configuration.ExtendedMessageSource@http-nio-8080-exec-8] Loading properties [C:\Users\Pablo Marín Gómez\git\Acme-One\target\classes\WEB-INF\views\master\defaults-en.i18n] with encoding 'utf-8' 
2022-02-24 12:10:27.723 DEBUG [acme.framework.configuration.ExtendedMessageSource@http-nio-8080-exec-8] Loading properties [C:\Users\Pablo Marín Gómez\git\Acme-One\target\classes\WEB-INF\views\master\master-en.i18n] with encoding 'utf-8' 
2022-02-24 12:10:27.724 DEBUG [acme.framework.configuration.ExtendedMessageSource@http-nio-8080-exec-8] Loading properties [C:\Users\Pablo Marín Gómez\git\Acme-One\target\classes\WEB-INF\views\master\throwables-en.i18n] with encoding 'utf-8' 
2022-02-24 12:10:27.724 DEBUG [acme.framework.configuration.ExtendedMessageSource@http-nio-8080-exec-8] Loading properties [C:\Users\Pablo Marín Gómez\git\Acme-One\target\classes\WEB-INF\views\master\validation-en.i18n] with encoding 'utf-8' 
2022-02-24 12:10:27.978 DEBUG [org.apache.jasper.servlet.JspServlet@http-nio-8080-exec-8] JspEngine --> /WEB-INF/views/fragments/welcome.jsp 
2022-02-24 12:10:27.978 DEBUG [org.apache.jasper.servlet.JspServlet@http-nio-8080-exec-8] ServletPath: /WEB-INF/views/master/page.jsp 
2022-02-24 12:10:27.980 DEBUG [org.apache.jasper.servlet.JspServlet@http-nio-8080-exec-8] PathInfo: null 
2022-02-24 12:10:27.981 DEBUG [org.apache.jasper.servlet.JspServlet@http-nio-8080-exec-8] RealPath: C:\Users\Pablo Marín Gómez\git\Acme-One\target\classes\WEB-INF\views\fragments\welcome.jsp 
2022-02-24 12:10:27.982 DEBUG [org.apache.jasper.servlet.JspServlet@http-nio-8080-exec-8] RequestURI: /hello-world-22.1/WEB-INF/views/master/page.jsp 
2022-02-24 12:10:27.982 DEBUG [org.apache.jasper.servlet.JspServlet@http-nio-8080-exec-8] QueryString: null 
2022-02-24 12:10:28.476 DEBUG [org.hibernate.SQL@http-nio-8080-exec-8] select useraccoun0_.id as id1_0_, useraccoun0_.version as version2_0_, useraccoun0_.enabled as enabled1_6_, useraccoun0_.identity as identity2_6_, useraccoun0_.password as password3_6_, useraccoun0_.username as username4_6_ from user_account useraccoun0_ where useraccoun0_.username=? 
2022-02-24 12:10:28.514 TRACE [org.hibernate.type.descriptor.sql.BasicBinder@http-nio-8080-exec-8] binding parameter [1] as [VARCHAR] - [anonymous] 
2022-02-24 12:10:28.609 DEBUG [org.hibernate.SQL@http-nio-8080-exec-8] select roles0_.user_account_id as user_acc1_7_0_, roles0_.id as id1_7_0_, roles0_.id as id1_0_1_, roles0_.version as version2_0_1_, roles0_.user_account_id as user_acc1_7_1_, roles0_.company as company1_4_1_, roles0_.sector as sector2_4_1_, roles0_.company as company1_5_1_, roles0_.sector as sector2_5_1_, roles0_.clazz_ as clazz_1_ from ( select id, version, user_account_id, company, sector, 2 as clazz_ from consumer union all select id, version, user_account_id, company, sector, 3 as clazz_ from provider union all select id, version, user_account_id, null as company, null as sector, 5 as clazz_ from administrator union all select id, version, user_account_id, null as company, null as sector, 6 as clazz_ from anonymous union all select id, version, user_account_id, null as company, null as sector, 7 as clazz_ from authenticated ) roles0_ where roles0_.user_account_id=? 
2022-02-24 12:10:28.612 TRACE [org.hibernate.type.descriptor.sql.BasicBinder@http-nio-8080-exec-8] binding parameter [1] as [INTEGER] - [1] 
2022-02-24 12:11:17.618 DEBUG [acme.framework.components.tiles.DynamicTilesView@http-nio-8080-exec-4] View name 'fragments/welcome', model {} 
2022-02-24 12:11:17.636 DEBUG [org.apache.tiles.definition.dao.BaseLocaleUrlDefinitionDAO@http-nio-8080-exec-4] File Resource file:/C:/Users/Pablo%20Marín%20Gómez/git/Acme-One/target/classes/WEB-INF/views/master/tiles_es.xml at file:/C:/Users/Pablo%20Marín%20Gómez/git/Acme-One/target/classes/WEB-INF/views/master/tiles_es.xml not found, continue 
2022-02-24 12:11:17.638 DEBUG [org.apache.jasper.servlet.JspServlet@http-nio-8080-exec-4] JspEngine --> /WEB-INF/views/master/page.jsp 
2022-02-24 12:11:17.639 DEBUG [org.apache.jasper.servlet.JspServlet@http-nio-8080-exec-4] ServletPath: /WEB-INF/views/master/page.jsp 
2022-02-24 12:11:17.640 DEBUG [org.apache.jasper.servlet.JspServlet@http-nio-8080-exec-4] PathInfo: null 
2022-02-24 12:11:17.645 DEBUG [org.apache.jasper.servlet.JspServlet@http-nio-8080-exec-4] RealPath: C:\Users\Pablo Marín Gómez\git\Acme-One\target\classes\WEB-INF\views\master\page.jsp 
2022-02-24 12:11:17.646 DEBUG [org.apache.jasper.servlet.JspServlet@http-nio-8080-exec-4] RequestURI: /hello-world-22.1/WEB-INF/views/master/page.jsp 
2022-02-24 12:11:17.646 DEBUG [org.apache.jasper.servlet.JspServlet@http-nio-8080-exec-4] QueryString: null 
2022-02-24 12:11:17.667 DEBUG [acme.framework.configuration.ExtendedMessageSource@http-nio-8080-exec-4] Loading properties [C:\Users\Pablo Marín Gómez\git\Acme-One\target\classes\WEB-INF\views\administrator\user-account\messages-en.i18n] with encoding 'utf-8' 
2022-02-24 12:11:17.668 DEBUG [acme.framework.configuration.ExtendedMessageSource@http-nio-8080-exec-4] Loading properties [C:\Users\Pablo Marín Gómez\git\Acme-One\target\classes\WEB-INF\views\anonymous\user-account\messages-en.i18n] with encoding 'utf-8' 
2022-02-24 12:11:17.669 DEBUG [acme.framework.configuration.ExtendedMessageSource@http-nio-8080-exec-4] Loading properties [C:\Users\Pablo Marín Gómez\git\Acme-One\target\classes\WEB-INF\views\authenticated\consumer\messsages-en.i18n] with encoding 'utf-8' 
2022-02-24 12:11:17.670 DEBUG [acme.framework.configuration.ExtendedMessageSource@http-nio-8080-exec-4] Loading properties [C:\Users\Pablo Marín Gómez\git\Acme-One\target\classes\WEB-INF\views\authenticated\provider\messsages-en.i18n] with encoding 'utf-8' 
2022-02-24 12:11:17.672 DEBUG [acme.framework.configuration.ExtendedMessageSource@http-nio-8080-exec-4] Loading properties [C:\Users\Pablo Marín Gómez\git\Acme-One\target\classes\WEB-INF\views\authenticated\user-account\messages-en.i18n] with encoding 'utf-8' 
2022-02-24 12:11:17.673 DEBUG [acme.framework.configuration.ExtendedMessageSource@http-nio-8080-exec-4] Loading properties [C:\Users\Pablo Marín Gómez\git\Acme-One\target\classes\WEB-INF\views\fragments\banner-en.i18n] with encoding 'utf-8' 
2022-02-24 12:11:17.674 DEBUG [acme.framework.configuration.ExtendedMessageSource@http-nio-8080-exec-4] Loading properties [C:\Users\Pablo Marín Gómez\git\Acme-One\target\classes\WEB-INF\views\fragments\company-en.i18n] with encoding 'utf-8' 
2022-02-24 12:11:17.675 DEBUG [acme.framework.configuration.ExtendedMessageSource@http-nio-8080-exec-4] Loading properties [C:\Users\Pablo Marín Gómez\git\Acme-One\target\classes\WEB-INF\views\fragments\footer-en.i18n] with encoding 'utf-8' 
2022-02-24 12:11:17.675 DEBUG [acme.framework.configuration.ExtendedMessageSource@http-nio-8080-exec-4] Loading properties [C:\Users\Pablo Marín Gómez\git\Acme-One\target\classes\WEB-INF\views\fragments\license-en.i18n] with encoding 'utf-8' 
2022-02-24 12:11:17.676 DEBUG [acme.framework.configuration.ExtendedMessageSource@http-nio-8080-exec-4] Loading properties [C:\Users\Pablo Marín Gómez\git\Acme-One\target\classes\WEB-INF\views\fragments\menu-en.i18n] with encoding 'utf-8' 
2022-02-24 12:11:17.676 DEBUG [acme.framework.configuration.ExtendedMessageSource@http-nio-8080-exec-4] Loading properties [C:\Users\Pablo Marín Gómez\git\Acme-One\target\classes\WEB-INF\views\fragments\messsages-en.i18n] with encoding 'utf-8' 
2022-02-24 12:11:17.678 DEBUG [acme.framework.configuration.ExtendedMessageSource@http-nio-8080-exec-4] Loading properties [C:\Users\Pablo Marín Gómez\git\Acme-One\target\classes\WEB-INF\views\fragments\title-en.i18n] with encoding 'utf-8' 
2022-02-24 12:11:17.678 DEBUG [acme.framework.configuration.ExtendedMessageSource@http-nio-8080-exec-4] Loading properties [C:\Users\Pablo Marín Gómez\git\Acme-One\target\classes\WEB-INF\views\fragments\welcome-en.i18n] with encoding 'utf-8' 
2022-02-24 12:11:17.679 DEBUG [acme.framework.configuration.ExtendedMessageSource@http-nio-8080-exec-4] Loading properties [C:\Users\Pablo Marín Gómez\git\Acme-One\target\classes\WEB-INF\views\master\defaults-en.i18n] with encoding 'utf-8' 
2022-02-24 12:11:17.680 DEBUG [acme.framework.configuration.ExtendedMessageSource@http-nio-8080-exec-4] Loading properties [C:\Users\Pablo Marín Gómez\git\Acme-One\target\classes\WEB-INF\views\master\master-en.i18n] with encoding 'utf-8' 
2022-02-24 12:11:17.681 DEBUG [acme.framework.configuration.ExtendedMessageSource@http-nio-8080-exec-4] Loading properties [C:\Users\Pablo Marín Gómez\git\Acme-One\target\classes\WEB-INF\views\master\throwables-en.i18n] with encoding 'utf-8' 
2022-02-24 12:11:17.682 DEBUG [acme.framework.configuration.ExtendedMessageSource@http-nio-8080-exec-4] Loading properties [C:\Users\Pablo Marín Gómez\git\Acme-One\target\classes\WEB-INF\views\master\validation-en.i18n] with encoding 'utf-8' 
2022-02-24 12:11:17.691 DEBUG [acme.framework.configuration.ExtendedMessageSource@http-nio-8080-exec-4] Loading properties [C:\Users\Pablo Marín Gómez\git\Acme-One\target\classes\WEB-INF\views\administrator\user-account\messages-es.i18n] with encoding 'utf-8' 
2022-02-24 12:11:17.692 DEBUG [acme.framework.configuration.ExtendedMessageSource@http-nio-8080-exec-4] Loading properties [C:\Users\Pablo Marín Gómez\git\Acme-One\target\classes\WEB-INF\views\anonymous\user-account\messages-es.i18n] with encoding 'utf-8' 
2022-02-24 12:11:17.693 DEBUG [acme.framework.configuration.ExtendedMessageSource@http-nio-8080-exec-4] Loading properties [C:\Users\Pablo Marín Gómez\git\Acme-One\target\classes\WEB-INF\views\authenticated\consumer\messsages-es.i18n] with encoding 'utf-8' 
2022-02-24 12:11:17.698 DEBUG [acme.framework.configuration.ExtendedMessageSource@http-nio-8080-exec-4] Loading properties [C:\Users\Pablo Marín Gómez\git\Acme-One\target\classes\WEB-INF\views\authenticated\provider\messsages-es.i18n] with encoding 'utf-8' 
2022-02-24 12:11:17.699 DEBUG [acme.framework.configuration.ExtendedMessageSource@http-nio-8080-exec-4] Loading properties [C:\Users\Pablo Marín Gómez\git\Acme-One\target\classes\WEB-INF\views\authenticated\user-account\messages-es.i18n] with encoding 'utf-8' 
2022-02-24 12:11:17.700 DEBUG [acme.framework.configuration.ExtendedMessageSource@http-nio-8080-exec-4] Loading properties [C:\Users\Pablo Marín Gómez\git\Acme-One\target\classes\WEB-INF\views\fragments\banner-es.i18n] with encoding 'utf-8' 
2022-02-24 12:11:17.703 DEBUG [acme.framework.configuration.ExtendedMessageSource@http-nio-8080-exec-4] Loading properties [C:\Users\Pablo Marín Gómez\git\Acme-One\target\classes\WEB-INF\views\fragments\company-es.i18n] with encoding 'utf-8' 
2022-02-24 12:11:17.705 DEBUG [acme.framework.configuration.ExtendedMessageSource@http-nio-8080-exec-4] Loading properties [C:\Users\Pablo Marín Gómez\git\Acme-One\target\classes\WEB-INF\views\fragments\footer-es.i18n] with encoding 'utf-8' 
2022-02-24 12:11:17.705 DEBUG [acme.framework.configuration.ExtendedMessageSource@http-nio-8080-exec-4] Loading properties [C:\Users\Pablo Marín Gómez\git\Acme-One\target\classes\WEB-INF\views\fragments\license-es.i18n] with encoding 'utf-8' 
2022-02-24 12:11:17.707 DEBUG [acme.framework.configuration.ExtendedMessageSource@http-nio-8080-exec-4] Loading properties [C:\Users\Pablo Marín Gómez\git\Acme-One\target\classes\WEB-INF\views\fragments\menu-es.i18n] with encoding 'utf-8' 
2022-02-24 12:11:17.707 DEBUG [acme.framework.configuration.ExtendedMessageSource@http-nio-8080-exec-4] Loading properties [C:\Users\Pablo Marín Gómez\git\Acme-One\target\classes\WEB-INF\views\fragments\messsages-es.i18n] with encoding 'utf-8' 
2022-02-24 12:11:17.710 DEBUG [acme.framework.configuration.ExtendedMessageSource@http-nio-8080-exec-4] Loading properties [C:\Users\Pablo Marín Gómez\git\Acme-One\target\classes\WEB-INF\views\fragments\title-es.i18n] with encoding 'utf-8' 
2022-02-24 12:11:17.711 DEBUG [acme.framework.configuration.ExtendedMessageSource@http-nio-8080-exec-4] Loading properties [C:\Users\Pablo Marín Gómez\git\Acme-One\target\classes\WEB-INF\views\fragments\welcome-es.i18n] with encoding 'utf-8' 
2022-02-24 12:11:17.711 DEBUG [acme.framework.configuration.ExtendedMessageSource@http-nio-8080-exec-4] Loading properties [C:\Users\Pablo Marín Gómez\git\Acme-One\target\classes\WEB-INF\views\master\defaults-es.i18n] with encoding 'utf-8' 
2022-02-24 12:11:17.712 DEBUG [acme.framework.configuration.ExtendedMessageSource@http-nio-8080-exec-4] Loading properties [C:\Users\Pablo Marín Gómez\git\Acme-One\target\classes\WEB-INF\views\master\master-es.i18n] with encoding 'utf-8' 
2022-02-24 12:11:17.712 DEBUG [acme.framework.configuration.ExtendedMessageSource@http-nio-8080-exec-4] Loading properties [C:\Users\Pablo Marín Gómez\git\Acme-One\target\classes\WEB-INF\views\master\throwables-es.i18n] with encoding 'utf-8' 
2022-02-24 12:11:17.714 DEBUG [acme.framework.configuration.ExtendedMessageSource@http-nio-8080-exec-4] Loading properties [C:\Users\Pablo Marín Gómez\git\Acme-One\target\classes\WEB-INF\views\master\validation-es.i18n] with encoding 'utf-8' 
2022-02-24 12:11:17.857 DEBUG [org.apache.jasper.servlet.JspServlet@http-nio-8080-exec-4] JspEngine --> /WEB-INF/views/fragments/welcome.jsp 
2022-02-24 12:11:17.857 DEBUG [org.apache.jasper.servlet.JspServlet@http-nio-8080-exec-4] ServletPath: /WEB-INF/views/master/page.jsp 
2022-02-24 12:11:17.858 DEBUG [org.apache.jasper.servlet.JspServlet@http-nio-8080-exec-4] PathInfo: null 
2022-02-24 12:11:17.859 DEBUG [org.apache.jasper.servlet.JspServlet@http-nio-8080-exec-4] RealPath: C:\Users\Pablo Marín Gómez\git\Acme-One\target\classes\WEB-INF\views\fragments\welcome.jsp 
2022-02-24 12:11:17.859 DEBUG [org.apache.jasper.servlet.JspServlet@http-nio-8080-exec-4] RequestURI: /hello-world-22.1/WEB-INF/views/master/page.jsp 
2022-02-24 12:11:17.860 DEBUG [org.apache.jasper.servlet.JspServlet@http-nio-8080-exec-4] QueryString: null 
2022-02-24 12:11:17.974 DEBUG [org.hibernate.SQL@http-nio-8080-exec-4] select useraccoun0_.id as id1_0_, useraccoun0_.version as version2_0_, useraccoun0_.enabled as enabled1_6_, useraccoun0_.identity as identity2_6_, useraccoun0_.password as password3_6_, useraccoun0_.username as username4_6_ from user_account useraccoun0_ where useraccoun0_.username=? 
2022-02-24 12:11:17.975 TRACE [org.hibernate.type.descriptor.sql.BasicBinder@http-nio-8080-exec-4] binding parameter [1] as [VARCHAR] - [anonymous] 
2022-02-24 12:11:17.978 DEBUG [org.hibernate.SQL@http-nio-8080-exec-4] select roles0_.user_account_id as user_acc1_7_0_, roles0_.id as id1_7_0_, roles0_.id as id1_0_1_, roles0_.version as version2_0_1_, roles0_.user_account_id as user_acc1_7_1_, roles0_.company as company1_4_1_, roles0_.sector as sector2_4_1_, roles0_.company as company1_5_1_, roles0_.sector as sector2_5_1_, roles0_.clazz_ as clazz_1_ from ( select id, version, user_account_id, company, sector, 2 as clazz_ from consumer union all select id, version, user_account_id, company, sector, 3 as clazz_ from provider union all select id, version, user_account_id, null as company, null as sector, 5 as clazz_ from administrator union all select id, version, user_account_id, null as company, null as sector, 6 as clazz_ from anonymous union all select id, version, user_account_id, null as company, null as sector, 7 as clazz_ from authenticated ) roles0_ where roles0_.user_account_id=? 
2022-02-24 12:11:17.979 TRACE [org.hibernate.type.descriptor.sql.BasicBinder@http-nio-8080-exec-4] binding parameter [1] as [INTEGER] - [1] 
2022-02-24 12:11:21.323 DEBUG [acme.framework.components.tiles.DynamicTilesView@http-nio-8080-exec-1] View name 'fragments/welcome', model {} 
2022-02-24 12:11:21.326 DEBUG [org.apache.jasper.servlet.JspServlet@http-nio-8080-exec-1] JspEngine --> /WEB-INF/views/master/page.jsp 
2022-02-24 12:11:21.327 DEBUG [org.apache.jasper.servlet.JspServlet@http-nio-8080-exec-1] ServletPath: /WEB-INF/views/master/page.jsp 
2022-02-24 12:11:21.328 DEBUG [org.apache.jasper.servlet.JspServlet@http-nio-8080-exec-1] PathInfo: null 
2022-02-24 12:11:21.328 DEBUG [org.apache.jasper.servlet.JspServlet@http-nio-8080-exec-1] RealPath: C:\Users\Pablo Marín Gómez\git\Acme-One\target\classes\WEB-INF\views\master\page.jsp 
2022-02-24 12:11:21.328 DEBUG [org.apache.jasper.servlet.JspServlet@http-nio-8080-exec-1] RequestURI: /hello-world-22.1/WEB-INF/views/master/page.jsp 
2022-02-24 12:11:21.330 DEBUG [org.apache.jasper.servlet.JspServlet@http-nio-8080-exec-1] QueryString: null 
2022-02-24 12:11:21.532 DEBUG [org.apache.jasper.servlet.JspServlet@http-nio-8080-exec-1] JspEngine --> /WEB-INF/views/fragments/welcome.jsp 
2022-02-24 12:11:21.533 DEBUG [org.apache.jasper.servlet.JspServlet@http-nio-8080-exec-1] ServletPath: /WEB-INF/views/master/page.jsp 
2022-02-24 12:11:21.535 DEBUG [org.apache.jasper.servlet.JspServlet@http-nio-8080-exec-1] PathInfo: null 
2022-02-24 12:11:21.536 DEBUG [org.apache.jasper.servlet.JspServlet@http-nio-8080-exec-1] RealPath: C:\Users\Pablo Marín Gómez\git\Acme-One\target\classes\WEB-INF\views\fragments\welcome.jsp 
2022-02-24 12:11:21.538 DEBUG [org.apache.jasper.servlet.JspServlet@http-nio-8080-exec-1] RequestURI: /hello-world-22.1/WEB-INF/views/master/page.jsp 
2022-02-24 12:11:21.540 DEBUG [org.apache.jasper.servlet.JspServlet@http-nio-8080-exec-1] QueryString: null 
2022-02-24 12:11:21.813 DEBUG [org.hibernate.SQL@http-nio-8080-exec-1] select useraccoun0_.id as id1_0_, useraccoun0_.version as version2_0_, useraccoun0_.enabled as enabled1_6_, useraccoun0_.identity as identity2_6_, useraccoun0_.password as password3_6_, useraccoun0_.username as username4_6_ from user_account useraccoun0_ where useraccoun0_.username=? 
2022-02-24 12:11:21.815 TRACE [org.hibernate.type.descriptor.sql.BasicBinder@http-nio-8080-exec-1] binding parameter [1] as [VARCHAR] - [anonymous] 
2022-02-24 12:11:21.818 DEBUG [org.hibernate.SQL@http-nio-8080-exec-1] select roles0_.user_account_id as user_acc1_7_0_, roles0_.id as id1_7_0_, roles0_.id as id1_0_1_, roles0_.version as version2_0_1_, roles0_.user_account_id as user_acc1_7_1_, roles0_.company as company1_4_1_, roles0_.sector as sector2_4_1_, roles0_.company as company1_5_1_, roles0_.sector as sector2_5_1_, roles0_.clazz_ as clazz_1_ from ( select id, version, user_account_id, company, sector, 2 as clazz_ from consumer union all select id, version, user_account_id, company, sector, 3 as clazz_ from provider union all select id, version, user_account_id, null as company, null as sector, 5 as clazz_ from administrator union all select id, version, user_account_id, null as company, null as sector, 6 as clazz_ from anonymous union all select id, version, user_account_id, null as company, null as sector, 7 as clazz_ from authenticated ) roles0_ where roles0_.user_account_id=? 
2022-02-24 12:11:21.820 TRACE [org.hibernate.type.descriptor.sql.BasicBinder@http-nio-8080-exec-1] binding parameter [1] as [INTEGER] - [1] 
2022-02-24 12:13:30.903 DEBUG [acme.framework.components.tiles.DynamicTilesView@http-nio-8080-exec-3] View name 'fragments/welcome', model {} 
2022-02-24 12:13:30.905 DEBUG [org.apache.jasper.servlet.JspServlet@http-nio-8080-exec-3] JspEngine --> /WEB-INF/views/master/page.jsp 
2022-02-24 12:13:30.905 DEBUG [org.apache.jasper.servlet.JspServlet@http-nio-8080-exec-3] ServletPath: /WEB-INF/views/master/page.jsp 
2022-02-24 12:13:30.905 DEBUG [org.apache.jasper.servlet.JspServlet@http-nio-8080-exec-3] PathInfo: null 
2022-02-24 12:13:30.906 DEBUG [org.apache.jasper.servlet.JspServlet@http-nio-8080-exec-3] RealPath: C:\Users\Pablo Marín Gómez\git\Acme-One\target\classes\WEB-INF\views\master\page.jsp 
2022-02-24 12:13:30.906 DEBUG [org.apache.jasper.servlet.JspServlet@http-nio-8080-exec-3] RequestURI: /hello-world-22.1/WEB-INF/views/master/page.jsp 
2022-02-24 12:13:30.908 DEBUG [org.apache.jasper.servlet.JspServlet@http-nio-8080-exec-3] QueryString: null 
2022-02-24 12:13:31.026 DEBUG [org.apache.jasper.servlet.JspServlet@http-nio-8080-exec-3] JspEngine --> /WEB-INF/views/fragments/welcome.jsp 
2022-02-24 12:13:31.026 DEBUG [org.apache.jasper.servlet.JspServlet@http-nio-8080-exec-3] ServletPath: /WEB-INF/views/master/page.jsp 
2022-02-24 12:13:31.027 DEBUG [org.apache.jasper.servlet.JspServlet@http-nio-8080-exec-3] PathInfo: null 
2022-02-24 12:13:31.028 DEBUG [org.apache.jasper.servlet.JspServlet@http-nio-8080-exec-3] RealPath: C:\Users\Pablo Marín Gómez\git\Acme-One\target\classes\WEB-INF\views\fragments\welcome.jsp 
2022-02-24 12:13:31.029 DEBUG [org.apache.jasper.servlet.JspServlet@http-nio-8080-exec-3] RequestURI: /hello-world-22.1/WEB-INF/views/master/page.jsp 
2022-02-24 12:13:31.029 DEBUG [org.apache.jasper.servlet.JspServlet@http-nio-8080-exec-3] QueryString: null 
2022-02-24 12:13:31.140 DEBUG [org.hibernate.SQL@http-nio-8080-exec-3] select useraccoun0_.id as id1_0_, useraccoun0_.version as version2_0_, useraccoun0_.enabled as enabled1_6_, useraccoun0_.identity as identity2_6_, useraccoun0_.password as password3_6_, useraccoun0_.username as username4_6_ from user_account useraccoun0_ where useraccoun0_.username=? 
2022-02-24 12:13:31.141 TRACE [org.hibernate.type.descriptor.sql.BasicBinder@http-nio-8080-exec-3] binding parameter [1] as [VARCHAR] - [anonymous] 
2022-02-24 12:13:31.144 DEBUG [org.hibernate.SQL@http-nio-8080-exec-3] select roles0_.user_account_id as user_acc1_7_0_, roles0_.id as id1_7_0_, roles0_.id as id1_0_1_, roles0_.version as version2_0_1_, roles0_.user_account_id as user_acc1_7_1_, roles0_.company as company1_4_1_, roles0_.sector as sector2_4_1_, roles0_.company as company1_5_1_, roles0_.sector as sector2_5_1_, roles0_.clazz_ as clazz_1_ from ( select id, version, user_account_id, company, sector, 2 as clazz_ from consumer union all select id, version, user_account_id, company, sector, 3 as clazz_ from provider union all select id, version, user_account_id, null as company, null as sector, 5 as clazz_ from administrator union all select id, version, user_account_id, null as company, null as sector, 6 as clazz_ from anonymous union all select id, version, user_account_id, null as company, null as sector, 7 as clazz_ from authenticated ) roles0_ where roles0_.user_account_id=? 
2022-02-24 12:13:31.145 TRACE [org.hibernate.type.descriptor.sql.BasicBinder@http-nio-8080-exec-3] binding parameter [1] as [INTEGER] - [1] 
