2022-03-19 18:59:49.939 INFO  [acme.Launcher@main] Starting Launcher using Java 1.8.0_281 on LAPTOP-BETATP2P with PID 16600 (C:\Users\pablo\Desktop\WDP2\Workspace-22.0\Frameworks\Acme-Framework-22.1\target\classes started by pablo in C:\Users\pablo\Desktop\WDP2\Workspace-22.0\Projects\Acme-Toolkits) 
2022-03-19 18:59:49.940 DEBUG [acme.Launcher@main] Running with Spring Boot v2.4.2, Spring v5.3.3 
2022-03-19 18:59:49.941 INFO  [acme.Launcher@main] The following profiles are active: development,populator 
2022-03-19 18:59:53.073 DEBUG [org.apache.jasper.servlet.JasperInitializer@main] Initializing Jasper for context [application] 
2022-03-19 18:59:59.349 DEBUG [org.apache.jasper.servlet.JspServlet@main] Scratch dir for the JSP engine is: [C:\Users\pablo\AppData\Local\Temp\tomcat.8083.39008409526658516\work\Tomcat\localhost\acme-toolkits-22.1] 
2022-03-19 18:59:59.350 DEBUG [org.apache.jasper.servlet.JspServlet@main] IMPORTANT: Do not modify the generated servlets 
2022-03-19 18:59:59.367 INFO  [acme.Launcher@main] Started Launcher in 10.283 seconds (JVM running for 11.092) 
2022-03-19 18:59:59.374 DEBUG [acme.Launcher@main] Found classpath entry '/C:/Users/pablo/Desktop/WDP2/Workspace-22.0/Projects/Acme-Toolkits/target/test-classes/' 
2022-03-19 18:59:59.374 DEBUG [acme.Launcher@main] Found classpath entry '/C:/Users/pablo/Desktop/WDP2/Workspace-22.0/Projects/Acme-Toolkits/target/classes/' 
2022-03-19 18:59:59.374 DEBUG [acme.Launcher@main] Found classpath entry '/C:/Users/pablo/Desktop/WDP2/Workspace-22.0/Frameworks/Acme-Framework-22.1/target/classes/' 
2022-03-19 18:59:59.375 DEBUG [acme.Launcher@main] Found classpath entry '/C:/Users/pablo/Desktop/WDP2/Workspace-22.0/Frameworks/Acme-Framework-22.1/target/test-classes/' 
2022-03-19 18:59:59.375 DEBUG [acme.Launcher@main] Found classpath entry '/C:/Users/pablo/.m2/repository/org/springframework/boot/spring-boot-starter-tomcat/2.4.2/spring-boot-starter-tomcat-2.4.2.jar' 
2022-03-19 18:59:59.375 DEBUG [acme.Launcher@main] Found classpath entry '/C:/Users/pablo/.m2/repository/jakarta/annotation/jakarta.annotation-api/1.3.5/jakarta.annotation-api-1.3.5.jar' 
2022-03-19 18:59:59.375 DEBUG [acme.Launcher@main] Found classpath entry '/C:/Users/pablo/.m2/repository/org/apache/tomcat/embed/tomcat-embed-core/9.0.41/tomcat-embed-core-9.0.41.jar' 
2022-03-19 18:59:59.375 DEBUG [acme.Launcher@main] Found classpath entry '/C:/Users/pablo/.m2/repository/org/glassfish/jakarta.el/3.0.3/jakarta.el-3.0.3.jar' 
2022-03-19 18:59:59.376 DEBUG [acme.Launcher@main] Found classpath entry '/C:/Users/pablo/.m2/repository/org/apache/tomcat/embed/tomcat-embed-websocket/9.0.41/tomcat-embed-websocket-9.0.41.jar' 
2022-03-19 18:59:59.376 DEBUG [acme.Launcher@main] Found classpath entry '/C:/Users/pablo/.m2/repository/org/apache/tomcat/embed/tomcat-embed-jasper/9.0.41/tomcat-embed-jasper-9.0.41.jar' 
2022-03-19 18:59:59.376 DEBUG [acme.Launcher@main] Found classpath entry '/C:/Users/pablo/.m2/repository/org/apache/tomcat/embed/tomcat-embed-el/9.0.41/tomcat-embed-el-9.0.41.jar' 
2022-03-19 18:59:59.376 DEBUG [acme.Launcher@main] Found classpath entry '/C:/Users/pablo/.m2/repository/org/eclipse/jdt/ecj/3.18.0/ecj-3.18.0.jar' 
2022-03-19 18:59:59.376 DEBUG [acme.Launcher@main] Found classpath entry '/C:/Users/pablo/.m2/repository/javax/servlet/jstl/1.2/jstl-1.2.jar' 
2022-03-19 18:59:59.377 DEBUG [acme.Launcher@main] Found classpath entry '/C:/Users/pablo/.m2/repository/org/springframework/boot/spring-boot-starter-test/2.4.2/spring-boot-starter-test-2.4.2.jar' 
2022-03-19 18:59:59.377 DEBUG [acme.Launcher@main] Found classpath entry '/C:/Users/pablo/.m2/repository/org/springframework/boot/spring-boot-starter/2.4.2/spring-boot-starter-2.4.2.jar' 
2022-03-19 18:59:59.377 DEBUG [acme.Launcher@main] Found classpath entry '/C:/Users/pablo/.m2/repository/org/springframework/boot/spring-boot/2.4.2/spring-boot-2.4.2.jar' 
2022-03-19 18:59:59.377 DEBUG [acme.Launcher@main] Found classpath entry '/C:/Users/pablo/.m2/repository/org/springframework/boot/spring-boot-autoconfigure/2.4.2/spring-boot-autoconfigure-2.4.2.jar' 
2022-03-19 18:59:59.377 DEBUG [acme.Launcher@main] Found classpath entry '/C:/Users/pablo/.m2/repository/org/springframework/boot/spring-boot-starter-logging/2.4.2/spring-boot-starter-logging-2.4.2.jar' 
2022-03-19 18:59:59.378 DEBUG [acme.Launcher@main] Found classpath entry '/C:/Users/pablo/.m2/repository/ch/qos/logback/logback-classic/1.2.3/logback-classic-1.2.3.jar' 
2022-03-19 18:59:59.378 DEBUG [acme.Launcher@main] Found classpath entry '/C:/Users/pablo/.m2/repository/ch/qos/logback/logback-core/1.2.3/logback-core-1.2.3.jar' 
2022-03-19 18:59:59.378 DEBUG [acme.Launcher@main] Found classpath entry '/C:/Users/pablo/.m2/repository/org/apache/logging/log4j/log4j-to-slf4j/2.13.3/log4j-to-slf4j-2.13.3.jar' 
2022-03-19 18:59:59.378 DEBUG [acme.Launcher@main] Found classpath entry '/C:/Users/pablo/.m2/repository/org/apache/logging/log4j/log4j-api/2.13.3/log4j-api-2.13.3.jar' 
2022-03-19 18:59:59.378 DEBUG [acme.Launcher@main] Found classpath entry '/C:/Users/pablo/.m2/repository/org/slf4j/jul-to-slf4j/1.7.30/jul-to-slf4j-1.7.30.jar' 
2022-03-19 18:59:59.378 DEBUG [acme.Launcher@main] Found classpath entry '/C:/Users/pablo/.m2/repository/org/yaml/snakeyaml/1.27/snakeyaml-1.27.jar' 
2022-03-19 18:59:59.379 DEBUG [acme.Launcher@main] Found classpath entry '/C:/Users/pablo/.m2/repository/org/springframework/boot/spring-boot-test/2.4.2/spring-boot-test-2.4.2.jar' 
2022-03-19 18:59:59.379 DEBUG [acme.Launcher@main] Found classpath entry '/C:/Users/pablo/.m2/repository/org/springframework/boot/spring-boot-test-autoconfigure/2.4.2/spring-boot-test-autoconfigure-2.4.2.jar' 
2022-03-19 18:59:59.379 DEBUG [acme.Launcher@main] Found classpath entry '/C:/Users/pablo/.m2/repository/com/jayway/jsonpath/json-path/2.4.0/json-path-2.4.0.jar' 
2022-03-19 18:59:59.379 DEBUG [acme.Launcher@main] Found classpath entry '/C:/Users/pablo/.m2/repository/net/minidev/json-smart/2.3/json-smart-2.3.jar' 
2022-03-19 18:59:59.379 DEBUG [acme.Launcher@main] Found classpath entry '/C:/Users/pablo/.m2/repository/net/minidev/accessors-smart/1.2/accessors-smart-1.2.jar' 
2022-03-19 18:59:59.379 DEBUG [acme.Launcher@main] Found classpath entry '/C:/Users/pablo/.m2/repository/org/ow2/asm/asm/5.0.4/asm-5.0.4.jar' 
2022-03-19 18:59:59.380 DEBUG [acme.Launcher@main] Found classpath entry '/C:/Users/pablo/.m2/repository/jakarta/xml/bind/jakarta.xml.bind-api/2.3.3/jakarta.xml.bind-api-2.3.3.jar' 
2022-03-19 18:59:59.380 DEBUG [acme.Launcher@main] Found classpath entry '/C:/Users/pablo/.m2/repository/jakarta/activation/jakarta.activation-api/1.2.2/jakarta.activation-api-1.2.2.jar' 
2022-03-19 18:59:59.380 DEBUG [acme.Launcher@main] Found classpath entry '/C:/Users/pablo/.m2/repository/org/assertj/assertj-core/3.18.1/assertj-core-3.18.1.jar' 
2022-03-19 18:59:59.380 DEBUG [acme.Launcher@main] Found classpath entry '/C:/Users/pablo/.m2/repository/org/hamcrest/hamcrest/2.2/hamcrest-2.2.jar' 
2022-03-19 18:59:59.380 DEBUG [acme.Launcher@main] Found classpath entry '/C:/Users/pablo/.m2/repository/org/junit/jupiter/junit-jupiter/5.7.0/junit-jupiter-5.7.0.jar' 
2022-03-19 18:59:59.380 DEBUG [acme.Launcher@main] Found classpath entry '/C:/Users/pablo/.m2/repository/org/mockito/mockito-core/3.6.28/mockito-core-3.6.28.jar' 
2022-03-19 18:59:59.380 DEBUG [acme.Launcher@main] Found classpath entry '/C:/Users/pablo/.m2/repository/net/bytebuddy/byte-buddy-agent/1.10.19/byte-buddy-agent-1.10.19.jar' 
2022-03-19 18:59:59.380 DEBUG [acme.Launcher@main] Found classpath entry '/C:/Users/pablo/.m2/repository/org/objenesis/objenesis/3.1/objenesis-3.1.jar' 
2022-03-19 18:59:59.381 DEBUG [acme.Launcher@main] Found classpath entry '/C:/Users/pablo/.m2/repository/org/mockito/mockito-junit-jupiter/3.6.28/mockito-junit-jupiter-3.6.28.jar' 
2022-03-19 18:59:59.381 DEBUG [acme.Launcher@main] Found classpath entry '/C:/Users/pablo/.m2/repository/org/skyscreamer/jsonassert/1.5.0/jsonassert-1.5.0.jar' 
2022-03-19 18:59:59.381 DEBUG [acme.Launcher@main] Found classpath entry '/C:/Users/pablo/.m2/repository/com/vaadin/external/google/android-json/0.0.20131108.vaadin1/android-json-0.0.20131108.vaadin1.jar' 
2022-03-19 18:59:59.381 DEBUG [acme.Launcher@main] Found classpath entry '/C:/Users/pablo/.m2/repository/org/springframework/spring-core/5.3.3/spring-core-5.3.3.jar' 
2022-03-19 18:59:59.381 DEBUG [acme.Launcher@main] Found classpath entry '/C:/Users/pablo/.m2/repository/org/springframework/spring-jcl/5.3.3/spring-jcl-5.3.3.jar' 
2022-03-19 18:59:59.381 DEBUG [acme.Launcher@main] Found classpath entry '/C:/Users/pablo/.m2/repository/org/springframework/spring-test/5.3.3/spring-test-5.3.3.jar' 
2022-03-19 18:59:59.381 DEBUG [acme.Launcher@main] Found classpath entry '/C:/Users/pablo/.m2/repository/org/xmlunit/xmlunit-core/2.7.0/xmlunit-core-2.7.0.jar' 
2022-03-19 18:59:59.381 DEBUG [acme.Launcher@main] Found classpath entry '/C:/Users/pablo/.m2/repository/org/springframework/boot/spring-boot-starter-security/2.4.2/spring-boot-starter-security-2.4.2.jar' 
2022-03-19 18:59:59.382 DEBUG [acme.Launcher@main] Found classpath entry '/C:/Users/pablo/.m2/repository/org/springframework/spring-aop/5.3.3/spring-aop-5.3.3.jar' 
2022-03-19 18:59:59.382 DEBUG [acme.Launcher@main] Found classpath entry '/C:/Users/pablo/.m2/repository/org/springframework/security/spring-security-web/5.4.2/spring-security-web-5.4.2.jar' 
2022-03-19 18:59:59.382 DEBUG [acme.Launcher@main] Found classpath entry '/C:/Users/pablo/.m2/repository/org/springframework/security/spring-security-core/5.4.2/spring-security-core-5.4.2.jar' 
2022-03-19 18:59:59.382 DEBUG [acme.Launcher@main] Found classpath entry '/C:/Users/pablo/.m2/repository/org/springframework/spring-beans/5.3.3/spring-beans-5.3.3.jar' 
2022-03-19 18:59:59.382 DEBUG [acme.Launcher@main] Found classpath entry '/C:/Users/pablo/.m2/repository/org/springframework/spring-context/5.3.3/spring-context-5.3.3.jar' 
2022-03-19 18:59:59.382 DEBUG [acme.Launcher@main] Found classpath entry '/C:/Users/pablo/.m2/repository/org/springframework/spring-expression/5.3.3/spring-expression-5.3.3.jar' 
2022-03-19 18:59:59.382 DEBUG [acme.Launcher@main] Found classpath entry '/C:/Users/pablo/.m2/repository/org/springframework/spring-web/5.3.3/spring-web-5.3.3.jar' 
2022-03-19 18:59:59.382 DEBUG [acme.Launcher@main] Found classpath entry '/C:/Users/pablo/.m2/repository/org/springframework/security/spring-security-config/5.4.2/spring-security-config-5.4.2.jar' 
2022-03-19 18:59:59.383 DEBUG [acme.Launcher@main] Found classpath entry '/C:/Users/pablo/.m2/repository/org/springframework/security/spring-security-taglibs/5.4.2/spring-security-taglibs-5.4.2.jar' 
2022-03-19 18:59:59.383 DEBUG [acme.Launcher@main] Found classpath entry '/C:/Users/pablo/.m2/repository/org/springframework/security/spring-security-acl/5.4.2/spring-security-acl-5.4.2.jar' 
2022-03-19 18:59:59.383 DEBUG [acme.Launcher@main] Found classpath entry '/C:/Users/pablo/.m2/repository/org/springframework/spring-jdbc/5.3.3/spring-jdbc-5.3.3.jar' 
2022-03-19 18:59:59.383 DEBUG [acme.Launcher@main] Found classpath entry '/C:/Users/pablo/.m2/repository/org/springframework/spring-tx/5.3.3/spring-tx-5.3.3.jar' 
2022-03-19 18:59:59.383 DEBUG [acme.Launcher@main] Found classpath entry '/C:/Users/pablo/.m2/repository/org/springframework/boot/spring-boot-starter-web/2.4.2/spring-boot-starter-web-2.4.2.jar' 
2022-03-19 18:59:59.383 DEBUG [acme.Launcher@main] Found classpath entry '/C:/Users/pablo/.m2/repository/org/springframework/boot/spring-boot-starter-json/2.4.2/spring-boot-starter-json-2.4.2.jar' 
2022-03-19 18:59:59.383 DEBUG [acme.Launcher@main] Found classpath entry '/C:/Users/pablo/.m2/repository/com/fasterxml/jackson/core/jackson-databind/2.11.4/jackson-databind-2.11.4.jar' 
2022-03-19 18:59:59.383 DEBUG [acme.Launcher@main] Found classpath entry '/C:/Users/pablo/.m2/repository/com/fasterxml/jackson/core/jackson-annotations/2.11.4/jackson-annotations-2.11.4.jar' 
2022-03-19 18:59:59.383 DEBUG [acme.Launcher@main] Found classpath entry '/C:/Users/pablo/.m2/repository/com/fasterxml/jackson/core/jackson-core/2.11.4/jackson-core-2.11.4.jar' 
2022-03-19 18:59:59.383 DEBUG [acme.Launcher@main] Found classpath entry '/C:/Users/pablo/.m2/repository/com/fasterxml/jackson/datatype/jackson-datatype-jdk8/2.11.4/jackson-datatype-jdk8-2.11.4.jar' 
2022-03-19 18:59:59.384 DEBUG [acme.Launcher@main] Found classpath entry '/C:/Users/pablo/.m2/repository/com/fasterxml/jackson/datatype/jackson-datatype-jsr310/2.11.4/jackson-datatype-jsr310-2.11.4.jar' 
2022-03-19 18:59:59.384 DEBUG [acme.Launcher@main] Found classpath entry '/C:/Users/pablo/.m2/repository/com/fasterxml/jackson/module/jackson-module-parameter-names/2.11.4/jackson-module-parameter-names-2.11.4.jar' 
2022-03-19 18:59:59.384 DEBUG [acme.Launcher@main] Found classpath entry '/C:/Users/pablo/.m2/repository/org/springframework/spring-webmvc/5.3.3/spring-webmvc-5.3.3.jar' 
2022-03-19 18:59:59.384 DEBUG [acme.Launcher@main] Found classpath entry '/C:/Users/pablo/.m2/repository/org/apache/tiles/tiles-jsp/3.0.8/tiles-jsp-3.0.8.jar' 
2022-03-19 18:59:59.384 DEBUG [acme.Launcher@main] Found classpath entry '/C:/Users/pablo/.m2/repository/org/apache/tiles/tiles-servlet/3.0.8/tiles-servlet-3.0.8.jar' 
2022-03-19 18:59:59.384 DEBUG [acme.Launcher@main] Found classpath entry '/C:/Users/pablo/.m2/repository/org/apache/tiles/tiles-core/3.0.8/tiles-core-3.0.8.jar' 
2022-03-19 18:59:59.384 DEBUG [acme.Launcher@main] Found classpath entry '/C:/Users/pablo/.m2/repository/commons-digester/commons-digester/2.0/commons-digester-2.0.jar' 
2022-03-19 18:59:59.384 DEBUG [acme.Launcher@main] Found classpath entry '/C:/Users/pablo/.m2/repository/org/slf4j/jcl-over-slf4j/1.7.30/jcl-over-slf4j-1.7.30.jar' 
2022-03-19 18:59:59.384 DEBUG [acme.Launcher@main] Found classpath entry '/C:/Users/pablo/.m2/repository/org/apache/tiles/tiles-request-servlet/1.0.7/tiles-request-servlet-1.0.7.jar' 
2022-03-19 18:59:59.385 DEBUG [acme.Launcher@main] Found classpath entry '/C:/Users/pablo/.m2/repository/org/apache/tiles/tiles-template/3.0.8/tiles-template-3.0.8.jar' 
2022-03-19 18:59:59.385 DEBUG [acme.Launcher@main] Found classpath entry '/C:/Users/pablo/.m2/repository/org/apache/tiles/tiles-api/3.0.8/tiles-api-3.0.8.jar' 
2022-03-19 18:59:59.385 DEBUG [acme.Launcher@main] Found classpath entry '/C:/Users/pablo/.m2/repository/org/apache/tiles/tiles-autotag-core-runtime/1.2/tiles-autotag-core-runtime-1.2.jar' 
2022-03-19 18:59:59.385 DEBUG [acme.Launcher@main] Found classpath entry '/C:/Users/pablo/.m2/repository/org/slf4j/slf4j-api/1.7.30/slf4j-api-1.7.30.jar' 
2022-03-19 18:59:59.385 DEBUG [acme.Launcher@main] Found classpath entry '/C:/Users/pablo/.m2/repository/org/apache/tiles/tiles-request-jsp/1.0.7/tiles-request-jsp-1.0.7.jar' 
2022-03-19 18:59:59.386 DEBUG [acme.Launcher@main] Found classpath entry '/C:/Users/pablo/.m2/repository/org/apache/tiles/tiles-request-api/1.0.7/tiles-request-api-1.0.7.jar' 
2022-03-19 18:59:59.386 DEBUG [acme.Launcher@main] Found classpath entry '/C:/Users/pablo/.m2/repository/org/springframework/boot/spring-boot-starter-data-jpa/2.4.2/spring-boot-starter-data-jpa-2.4.2.jar' 
2022-03-19 18:59:59.386 DEBUG [acme.Launcher@main] Found classpath entry '/C:/Users/pablo/.m2/repository/org/springframework/boot/spring-boot-starter-aop/2.4.2/spring-boot-starter-aop-2.4.2.jar' 
2022-03-19 18:59:59.386 DEBUG [acme.Launcher@main] Found classpath entry '/C:/Users/pablo/.m2/repository/org/aspectj/aspectjweaver/1.9.6/aspectjweaver-1.9.6.jar' 
2022-03-19 18:59:59.386 DEBUG [acme.Launcher@main] Found classpath entry '/C:/Users/pablo/.m2/repository/org/springframework/boot/spring-boot-starter-jdbc/2.4.2/spring-boot-starter-jdbc-2.4.2.jar' 
2022-03-19 18:59:59.386 DEBUG [acme.Launcher@main] Found classpath entry '/C:/Users/pablo/.m2/repository/jakarta/transaction/jakarta.transaction-api/1.3.3/jakarta.transaction-api-1.3.3.jar' 
2022-03-19 18:59:59.387 DEBUG [acme.Launcher@main] Found classpath entry '/C:/Users/pablo/.m2/repository/jakarta/persistence/jakarta.persistence-api/2.2.3/jakarta.persistence-api-2.2.3.jar' 
2022-03-19 18:59:59.387 DEBUG [acme.Launcher@main] Found classpath entry '/C:/Users/pablo/.m2/repository/org/hibernate/hibernate-core/5.4.27.Final/hibernate-core-5.4.27.Final.jar' 
2022-03-19 18:59:59.387 DEBUG [acme.Launcher@main] Found classpath entry '/C:/Users/pablo/.m2/repository/org/jboss/logging/jboss-logging/3.4.1.Final/jboss-logging-3.4.1.Final.jar' 
2022-03-19 18:59:59.387 DEBUG [acme.Launcher@main] Found classpath entry '/C:/Users/pablo/.m2/repository/org/javassist/javassist/3.27.0-GA/javassist-3.27.0-GA.jar' 
2022-03-19 18:59:59.387 DEBUG [acme.Launcher@main] Found classpath entry '/C:/Users/pablo/.m2/repository/antlr/antlr/2.7.7/antlr-2.7.7.jar' 
2022-03-19 18:59:59.387 DEBUG [acme.Launcher@main] Found classpath entry '/C:/Users/pablo/.m2/repository/org/jboss/jandex/2.1.3.Final/jandex-2.1.3.Final.jar' 
2022-03-19 18:59:59.387 DEBUG [acme.Launcher@main] Found classpath entry '/C:/Users/pablo/.m2/repository/com/fasterxml/classmate/1.5.1/classmate-1.5.1.jar' 
2022-03-19 18:59:59.387 DEBUG [acme.Launcher@main] Found classpath entry '/C:/Users/pablo/.m2/repository/org/dom4j/dom4j/2.1.3/dom4j-2.1.3.jar' 
2022-03-19 18:59:59.388 DEBUG [acme.Launcher@main] Found classpath entry '/C:/Users/pablo/.m2/repository/org/hibernate/common/hibernate-commons-annotations/5.1.2.Final/hibernate-commons-annotations-5.1.2.Final.jar' 
2022-03-19 18:59:59.388 DEBUG [acme.Launcher@main] Found classpath entry '/C:/Users/pablo/.m2/repository/org/glassfish/jaxb/jaxb-runtime/2.3.3/jaxb-runtime-2.3.3.jar' 
2022-03-19 18:59:59.388 DEBUG [acme.Launcher@main] Found classpath entry '/C:/Users/pablo/.m2/repository/org/glassfish/jaxb/txw2/2.3.3/txw2-2.3.3.jar' 
2022-03-19 18:59:59.388 DEBUG [acme.Launcher@main] Found classpath entry '/C:/Users/pablo/.m2/repository/com/sun/istack/istack-commons-runtime/3.0.11/istack-commons-runtime-3.0.11.jar' 
2022-03-19 18:59:59.388 DEBUG [acme.Launcher@main] Found classpath entry '/C:/Users/pablo/.m2/repository/com/sun/activation/jakarta.activation/1.2.2/jakarta.activation-1.2.2.jar' 
2022-03-19 18:59:59.388 DEBUG [acme.Launcher@main] Found classpath entry '/C:/Users/pablo/.m2/repository/org/springframework/data/spring-data-jpa/2.4.3/spring-data-jpa-2.4.3.jar' 
2022-03-19 18:59:59.388 DEBUG [acme.Launcher@main] Found classpath entry '/C:/Users/pablo/.m2/repository/org/springframework/data/spring-data-commons/2.4.3/spring-data-commons-2.4.3.jar' 
2022-03-19 18:59:59.388 DEBUG [acme.Launcher@main] Found classpath entry '/C:/Users/pablo/.m2/repository/org/springframework/spring-orm/5.3.3/spring-orm-5.3.3.jar' 
2022-03-19 18:59:59.388 DEBUG [acme.Launcher@main] Found classpath entry '/C:/Users/pablo/.m2/repository/org/springframework/spring-aspects/5.3.3/spring-aspects-5.3.3.jar' 
2022-03-19 18:59:59.389 DEBUG [acme.Launcher@main] Found classpath entry '/C:/Users/pablo/.m2/repository/org/springframework/boot/spring-boot-starter-validation/2.4.2/spring-boot-starter-validation-2.4.2.jar' 
2022-03-19 18:59:59.389 DEBUG [acme.Launcher@main] Found classpath entry '/C:/Users/pablo/.m2/repository/org/hibernate/validator/hibernate-validator/6.1.7.Final/hibernate-validator-6.1.7.Final.jar' 
2022-03-19 18:59:59.389 DEBUG [acme.Launcher@main] Found classpath entry '/C:/Users/pablo/.m2/repository/jakarta/validation/jakarta.validation-api/2.0.2/jakarta.validation-api-2.0.2.jar' 
2022-03-19 18:59:59.389 DEBUG [acme.Launcher@main] Found classpath entry '/C:/Users/pablo/.m2/repository/mysql/mysql-connector-java/8.0.22/mysql-connector-java-8.0.22.jar' 
2022-03-19 18:59:59.389 DEBUG [acme.Launcher@main] Found classpath entry '/C:/Users/pablo/.m2/repository/com/zaxxer/HikariCP/3.4.5/HikariCP-3.4.5.jar' 
2022-03-19 18:59:59.389 DEBUG [acme.Launcher@main] Found classpath entry '/C:/Users/pablo/.m2/repository/org/junit/jupiter/junit-jupiter-engine/5.7.0/junit-jupiter-engine-5.7.0.jar' 
2022-03-19 18:59:59.389 DEBUG [acme.Launcher@main] Found classpath entry '/C:/Users/pablo/.m2/repository/org/apiguardian/apiguardian-api/1.1.0/apiguardian-api-1.1.0.jar' 
2022-03-19 18:59:59.389 DEBUG [acme.Launcher@main] Found classpath entry '/C:/Users/pablo/.m2/repository/org/junit/platform/junit-platform-engine/1.7.0/junit-platform-engine-1.7.0.jar' 
2022-03-19 18:59:59.389 DEBUG [acme.Launcher@main] Found classpath entry '/C:/Users/pablo/.m2/repository/org/junit/jupiter/junit-jupiter-api/5.7.0/junit-jupiter-api-5.7.0.jar' 
2022-03-19 18:59:59.389 DEBUG [acme.Launcher@main] Found classpath entry '/C:/Users/pablo/.m2/repository/org/opentest4j/opentest4j/1.2.0/opentest4j-1.2.0.jar' 
2022-03-19 18:59:59.390 DEBUG [acme.Launcher@main] Found classpath entry '/C:/Users/pablo/.m2/repository/org/junit/platform/junit-platform-commons/1.7.0/junit-platform-commons-1.7.0.jar' 
2022-03-19 18:59:59.390 DEBUG [acme.Launcher@main] Found classpath entry '/C:/Users/pablo/.m2/repository/org/junit/jupiter/junit-jupiter-params/5.7.0/junit-jupiter-params-5.7.0.jar' 
2022-03-19 18:59:59.390 DEBUG [acme.Launcher@main] Found classpath entry '/C:/Users/pablo/.m2/repository/org/junit/platform/junit-platform-launcher/1.7.0/junit-platform-launcher-1.7.0.jar' 
2022-03-19 18:59:59.390 DEBUG [acme.Launcher@main] Found classpath entry '/C:/Users/pablo/.m2/repository/org/seleniumhq/selenium/selenium-java/3.141.59/selenium-java-3.141.59.jar' 
2022-03-19 18:59:59.390 DEBUG [acme.Launcher@main] Found classpath entry '/C:/Users/pablo/.m2/repository/org/seleniumhq/selenium/selenium-api/3.141.59/selenium-api-3.141.59.jar' 
2022-03-19 18:59:59.390 DEBUG [acme.Launcher@main] Found classpath entry '/C:/Users/pablo/.m2/repository/org/seleniumhq/selenium/selenium-chrome-driver/3.141.59/selenium-chrome-driver-3.141.59.jar' 
2022-03-19 18:59:59.391 DEBUG [acme.Launcher@main] Found classpath entry '/C:/Users/pablo/.m2/repository/org/seleniumhq/selenium/selenium-edge-driver/3.141.59/selenium-edge-driver-3.141.59.jar' 
2022-03-19 18:59:59.391 DEBUG [acme.Launcher@main] Found classpath entry '/C:/Users/pablo/.m2/repository/org/seleniumhq/selenium/selenium-firefox-driver/3.141.59/selenium-firefox-driver-3.141.59.jar' 
2022-03-19 18:59:59.391 DEBUG [acme.Launcher@main] Found classpath entry '/C:/Users/pablo/.m2/repository/org/seleniumhq/selenium/selenium-ie-driver/3.141.59/selenium-ie-driver-3.141.59.jar' 
2022-03-19 18:59:59.391 DEBUG [acme.Launcher@main] Found classpath entry '/C:/Users/pablo/.m2/repository/org/seleniumhq/selenium/selenium-opera-driver/3.141.59/selenium-opera-driver-3.141.59.jar' 
2022-03-19 18:59:59.391 DEBUG [acme.Launcher@main] Found classpath entry '/C:/Users/pablo/.m2/repository/org/seleniumhq/selenium/selenium-remote-driver/3.141.59/selenium-remote-driver-3.141.59.jar' 
2022-03-19 18:59:59.392 DEBUG [acme.Launcher@main] Found classpath entry '/C:/Users/pablo/.m2/repository/org/seleniumhq/selenium/selenium-safari-driver/3.141.59/selenium-safari-driver-3.141.59.jar' 
2022-03-19 18:59:59.392 DEBUG [acme.Launcher@main] Found classpath entry '/C:/Users/pablo/.m2/repository/org/seleniumhq/selenium/selenium-support/3.141.59/selenium-support-3.141.59.jar' 
2022-03-19 18:59:59.392 DEBUG [acme.Launcher@main] Found classpath entry '/C:/Users/pablo/.m2/repository/net/bytebuddy/byte-buddy/1.10.19/byte-buddy-1.10.19.jar' 
2022-03-19 18:59:59.392 DEBUG [acme.Launcher@main] Found classpath entry '/C:/Users/pablo/.m2/repository/org/apache/commons/commons-exec/1.3/commons-exec-1.3.jar' 
2022-03-19 18:59:59.392 DEBUG [acme.Launcher@main] Found classpath entry '/C:/Users/pablo/.m2/repository/com/google/guava/guava/25.0-jre/guava-25.0-jre.jar' 
2022-03-19 18:59:59.392 DEBUG [acme.Launcher@main] Found classpath entry '/C:/Users/pablo/.m2/repository/com/google/code/findbugs/jsr305/1.3.9/jsr305-1.3.9.jar' 
2022-03-19 18:59:59.392 DEBUG [acme.Launcher@main] Found classpath entry '/C:/Users/pablo/.m2/repository/org/checkerframework/checker-compat-qual/2.0.0/checker-compat-qual-2.0.0.jar' 
2022-03-19 18:59:59.393 DEBUG [acme.Launcher@main] Found classpath entry '/C:/Users/pablo/.m2/repository/com/google/errorprone/error_prone_annotations/2.1.3/error_prone_annotations-2.1.3.jar' 
2022-03-19 18:59:59.393 DEBUG [acme.Launcher@main] Found classpath entry '/C:/Users/pablo/.m2/repository/com/google/j2objc/j2objc-annotations/1.1/j2objc-annotations-1.1.jar' 
2022-03-19 18:59:59.393 DEBUG [acme.Launcher@main] Found classpath entry '/C:/Users/pablo/.m2/repository/org/codehaus/mojo/animal-sniffer-annotations/1.14/animal-sniffer-annotations-1.14.jar' 
2022-03-19 18:59:59.393 DEBUG [acme.Launcher@main] Found classpath entry '/C:/Users/pablo/.m2/repository/com/squareup/okhttp3/okhttp/3.14.9/okhttp-3.14.9.jar' 
2022-03-19 18:59:59.393 DEBUG [acme.Launcher@main] Found classpath entry '/C:/Users/pablo/.m2/repository/com/squareup/okio/okio/1.14.0/okio-1.14.0.jar' 
2022-03-19 18:59:59.393 DEBUG [acme.Launcher@main] Found classpath entry '/C:/Users/pablo/.m2/repository/org/apache/commons/commons-lang3/3.11/commons-lang3-3.11.jar' 
2022-03-19 18:59:59.394 DEBUG [acme.Launcher@main] Found classpath entry '/C:/Users/pablo/.m2/repository/org/apache/commons/commons-text/1.8/commons-text-1.8.jar' 
2022-03-19 18:59:59.394 DEBUG [acme.Launcher@main] Found classpath entry '/C:/Users/pablo/.m2/repository/commons-io/commons-io/2.6/commons-io-2.6.jar' 
2022-03-19 18:59:59.394 DEBUG [acme.Launcher@main] Found classpath entry '/C:/Users/pablo/.m2/repository/commons-cli/commons-cli/1.4/commons-cli-1.4.jar' 
2022-03-19 18:59:59.394 DEBUG [acme.Launcher@main] Found classpath entry '/C:/Users/pablo/.m2/repository/org/projectlombok/lombok/1.18.16/lombok-1.18.16.jar' 
2022-03-19 18:59:59.394 DEBUG [acme.Launcher@main] Found classpath entry '/C:/Users/pablo/.m2/repository/com/opencsv/opencsv/5.4/opencsv-5.4.jar' 
2022-03-19 18:59:59.394 DEBUG [acme.Launcher@main] Found classpath entry '/C:/Users/pablo/.m2/repository/commons-beanutils/commons-beanutils/1.9.4/commons-beanutils-1.9.4.jar' 
2022-03-19 18:59:59.394 DEBUG [acme.Launcher@main] Found classpath entry '/C:/Users/pablo/.m2/repository/commons-logging/commons-logging/1.2/commons-logging-1.2.jar' 
2022-03-19 18:59:59.395 DEBUG [acme.Launcher@main] Found classpath entry '/C:/Users/pablo/.m2/repository/commons-collections/commons-collections/3.2.2/commons-collections-3.2.2.jar' 
2022-03-19 18:59:59.395 DEBUG [acme.Launcher@main] Found classpath entry '/C:/Users/pablo/.m2/repository/org/apache/commons/commons-collections4/4.4/commons-collections4-4.4.jar' 
2022-03-19 18:59:59.395 DEBUG [acme.Launcher@main] Found classpath entry '/C:/Users/pablo/Desktop/WDP2/Workspace-22.0/Tools/IDEs/eclipse-jee-2021-12-R/configuration/org.eclipse.osgi/418/0/.cp/lib/javaagent-shaded.jar' 
2022-03-19 18:59:59.477 DEBUG [acme.Launcher@main] Found entity class 'acme.entities.announcement.Announcement 
2022-03-19 18:59:59.477 DEBUG [acme.Launcher@main] Found entity class 'acme.entities.artifacts.Artifact 
2022-03-19 18:59:59.477 DEBUG [acme.Launcher@main] Found entity class 'acme.entities.artifacts.Quantity 
2022-03-19 18:59:59.477 DEBUG [acme.Launcher@main] Found entity class 'acme.entities.artifacts.Toolkit 
2022-03-19 18:59:59.478 DEBUG [acme.Launcher@main] Found entity class 'acme.entities.chirps.Chirp 
2022-03-19 18:59:59.478 DEBUG [acme.Launcher@main] Found entity class 'acme.entities.dashboards.AdministratorDashboard 
2022-03-19 18:59:59.478 DEBUG [acme.Launcher@main] Found entity class 'acme.entities.dashboards.PatronDashboard 
2022-03-19 18:59:59.478 DEBUG [acme.Launcher@main] Found entity class 'acme.entities.data.ConfigData 
2022-03-19 18:59:59.478 DEBUG [acme.Launcher@main] Found entity class 'acme.entities.patronage.Patronage 
2022-03-19 18:59:59.478 DEBUG [acme.Launcher@main] Found entity class 'acme.entities.patronage.PatronageReport 
2022-03-19 18:59:59.479 DEBUG [acme.Launcher@main] Found entity class 'acme.roles.Consumer 
2022-03-19 18:59:59.479 DEBUG [acme.Launcher@main] Found entity class 'acme.roles.Inventor 
2022-03-19 18:59:59.479 DEBUG [acme.Launcher@main] Found entity class 'acme.roles.Patron 
2022-03-19 18:59:59.479 DEBUG [acme.Launcher@main] Found entity class 'acme.roles.Provider 
2022-03-19 18:59:59.479 DEBUG [acme.Launcher@main] Found entity class 'acme.framework.entities.UserAccount 
2022-03-19 18:59:59.479 DEBUG [acme.Launcher@main] Found entity class 'acme.framework.roles.Administrator 
2022-03-19 18:59:59.479 DEBUG [acme.Launcher@main] Found entity class 'acme.framework.roles.Anonymous 
2022-03-19 18:59:59.479 DEBUG [acme.Launcher@main] Found entity class 'acme.framework.roles.Authenticated 
2022-03-19 18:59:59.487 INFO  [acme.Launcher@main] Populating (sample data) 
2022-03-19 18:59:59.488 INFO  [acme.framework.components.database.DatabasePopulator@main] Building database schema 
2022-03-19 18:59:59.568 DEBUG [acme.framework.components.database.DatabaseUtil@main] Executing script. 
2022-03-19 18:59:59.568 DEBUG [acme.framework.components.database.DatabaseUtil@main] Starting new transaction. 
2022-03-19 18:59:59.577 DEBUG [acme.framework.components.database.DatabaseUtil@main] Executing command 'set transaction isolation level read uncommitted;'. 
2022-03-19 18:59:59.595 DEBUG [acme.framework.components.database.DatabaseUtil@main] Starting transaction '1666665846'. 
2022-03-19 18:59:59.596 DEBUG [acme.framework.components.database.DatabaseUtil@main] Executing script command 'set foreign_key_checks=0'. 
2022-03-19 18:59:59.597 DEBUG [acme.framework.components.database.DatabaseUtil@main] Executing script command 'drop table if exists administrator'. 
2022-03-19 18:59:59.623 DEBUG [acme.framework.components.database.DatabaseUtil@main] Executing script command 'drop table if exists administrator_dashboard'. 
2022-03-19 18:59:59.640 DEBUG [acme.framework.components.database.DatabaseUtil@main] Executing script command 'drop table if exists announcement'. 
2022-03-19 18:59:59.652 DEBUG [acme.framework.components.database.DatabaseUtil@main] Executing script command 'drop table if exists anonymous'. 
2022-03-19 18:59:59.664 DEBUG [acme.framework.components.database.DatabaseUtil@main] Executing script command 'drop table if exists artifact'. 
2022-03-19 18:59:59.684 DEBUG [acme.framework.components.database.DatabaseUtil@main] Executing script command 'drop table if exists authenticated'. 
2022-03-19 18:59:59.703 DEBUG [acme.framework.components.database.DatabaseUtil@main] Executing script command 'drop table if exists chirp'. 
2022-03-19 18:59:59.719 DEBUG [acme.framework.components.database.DatabaseUtil@main] Executing script command 'drop table if exists config_data'. 
2022-03-19 18:59:59.733 DEBUG [acme.framework.components.database.DatabaseUtil@main] Executing script command 'drop table if exists consumer'. 
2022-03-19 18:59:59.749 DEBUG [acme.framework.components.database.DatabaseUtil@main] Executing script command 'drop table if exists hibernate_sequence'. 
2022-03-19 18:59:59.763 DEBUG [acme.framework.components.database.DatabaseUtil@main] Executing script command 'drop table if exists inventor'. 
2022-03-19 18:59:59.776 DEBUG [acme.framework.components.database.DatabaseUtil@main] Executing script command 'drop table if exists patron'. 
2022-03-19 18:59:59.788 DEBUG [acme.framework.components.database.DatabaseUtil@main] Executing script command 'drop table if exists patronage'. 
2022-03-19 18:59:59.803 DEBUG [acme.framework.components.database.DatabaseUtil@main] Executing script command 'drop table if exists patronage_report'. 
2022-03-19 18:59:59.818 DEBUG [acme.framework.components.database.DatabaseUtil@main] Executing script command 'drop table if exists patron_dashboard'. 
2022-03-19 18:59:59.833 DEBUG [acme.framework.components.database.DatabaseUtil@main] Executing script command 'drop table if exists provider'. 
2022-03-19 18:59:59.848 DEBUG [acme.framework.components.database.DatabaseUtil@main] Executing script command 'drop table if exists quantity'. 
2022-03-19 18:59:59.861 DEBUG [acme.framework.components.database.DatabaseUtil@main] Executing script command 'drop table if exists toolkit'. 
2022-03-19 18:59:59.873 DEBUG [acme.framework.components.database.DatabaseUtil@main] Executing script command 'drop table if exists user_account'. 
2022-03-19 18:59:59.889 DEBUG [acme.framework.components.database.DatabaseUtil@main] Executing script command 'set foreign_key_checks=1'. 
2022-03-19 18:59:59.890 DEBUG [acme.framework.components.database.DatabaseUtil@main] Committing transaction '1666665846'. 
2022-03-19 18:59:59.907 DEBUG [acme.framework.components.database.DatabaseUtil@main] Executing script. 
2022-03-19 18:59:59.907 DEBUG [acme.framework.components.database.DatabaseUtil@main] Starting new transaction. 
2022-03-19 18:59:59.907 DEBUG [acme.framework.components.database.DatabaseUtil@main] Executing command 'set transaction isolation level read uncommitted;'. 
2022-03-19 18:59:59.908 DEBUG [acme.framework.components.database.DatabaseUtil@main] Starting transaction '2004034406'. 
2022-03-19 18:59:59.908 DEBUG [acme.framework.components.database.DatabaseUtil@main] Executing script command 'set foreign_key_checks=0'. 
2022-03-19 18:59:59.908 DEBUG [acme.framework.components.database.DatabaseUtil@main] Executing script command 'create table administrator (id integer not null, version integer not null, user_account_id integer, primary key (id)) engine=InnoDB'. 
2022-03-19 18:59:59.924 DEBUG [acme.framework.components.database.DatabaseUtil@main] Executing script command 'create table administrator_dashboard (id integer not null, version integer not null, total_number_of_components integer not null, total_number_of_tools integer not null, primary key (id)) engine=InnoDB'. 
2022-03-19 18:59:59.941 DEBUG [acme.framework.components.database.DatabaseUtil@main] Executing script command 'create table announcement (id integer not null, version integer not null, body varchar(255), critical bit not null, link varchar(255), moment datetime, title varchar(255), primary key (id)) engine=InnoDB'. 
2022-03-19 18:59:59.958 DEBUG [acme.framework.components.database.DatabaseUtil@main] Executing script command 'create table anonymous (id integer not null, version integer not null, user_account_id integer, primary key (id)) engine=InnoDB'. 
2022-03-19 18:59:59.974 DEBUG [acme.framework.components.database.DatabaseUtil@main] Executing script command 'create table artifact (id integer not null, version integer not null, artifact_type integer, code varchar(255), description varchar(255), link varchar(255), name varchar(255), retail_price_amount double precision, retail_price_currency varchar(255), technology varchar(255), toolkit_id integer, primary key (id)) engine=InnoDB'. 
2022-03-19 18:59:59.992 DEBUG [acme.framework.components.database.DatabaseUtil@main] Executing script command 'create table authenticated (id integer not null, version integer not null, user_account_id integer, primary key (id)) engine=InnoDB'. 
2022-03-19 19:00:00.008 DEBUG [acme.framework.components.database.DatabaseUtil@main] Executing script command 'create table chirp (id integer not null, version integer not null, author varchar(255), body varchar(255), email varchar(255), moment datetime, title varchar(255), primary key (id)) engine=InnoDB'. 
2022-03-19 19:00:00.028 DEBUG [acme.framework.components.database.DatabaseUtil@main] Executing script command 'create table config_data (id integer not null, version integer not null, accepted_currencies varchar(255), strong_spam_terms varchar(255), strong_spam_treshold integer not null, system_currency varchar(255), weak_spam_terms varchar(255), weak_spam_treshold integer not null, primary key (id)) engine=InnoDB'. 
2022-03-19 19:00:00.048 DEBUG [acme.framework.components.database.DatabaseUtil@main] Executing script command 'create table consumer (id integer not null, version integer not null, user_account_id integer, company varchar(255), sector varchar(255), primary key (id)) engine=InnoDB'. 
2022-03-19 19:00:00.063 DEBUG [acme.framework.components.database.DatabaseUtil@main] Executing script command 'create table hibernate_sequence (next_val bigint) engine=InnoDB'. 
2022-03-19 19:00:00.079 DEBUG [acme.framework.components.database.DatabaseUtil@main] Executing script command 'insert into hibernate_sequence values ( 1 )'. 
2022-03-19 19:00:00.084 DEBUG [acme.framework.components.database.DatabaseUtil@main] Executing script command 'create table inventor (id integer not null, version integer not null, company varchar(255), link varchar(255), statement varchar(255), primary key (id)) engine=InnoDB'. 
2022-03-19 19:00:00.107 DEBUG [acme.framework.components.database.DatabaseUtil@main] Executing script command 'create table patron (id integer not null, version integer not null, company varchar(255), link varchar(255), statement varchar(255), primary key (id)) engine=InnoDB'. 
2022-03-19 19:00:00.122 DEBUG [acme.framework.components.database.DatabaseUtil@main] Executing script command 'create table patronage (id integer not null, version integer not null, budget_amount double precision, budget_currency varchar(255), code varchar(255), finish_date datetime, legal_stuff varchar(255), link varchar(255), start_date datetime, status integer, inventor_id integer not null, patron_id integer not null, primary key (id)) engine=InnoDB'. 
2022-03-19 19:00:00.137 DEBUG [acme.framework.components.database.DatabaseUtil@main] Executing script command 'create table patronage_report (id integer not null, version integer not null, creation_moment datetime, link varchar(255), memorandum varchar(255), patronage_id integer not null, primary key (id)) engine=InnoDB'. 
2022-03-19 19:00:00.159 DEBUG [acme.framework.components.database.DatabaseUtil@main] Executing script command 'create table patron_dashboard (id integer not null, version integer not null, total_numberof_acepted_patronages integer not null, total_numberof_denied_patronages integer not null, total_numberof_proposed_patronages integer not null, primary key (id)) engine=InnoDB'. 
2022-03-19 19:00:00.175 DEBUG [acme.framework.components.database.DatabaseUtil@main] Executing script command 'create table provider (id integer not null, version integer not null, user_account_id integer, company varchar(255), sector varchar(255), primary key (id)) engine=InnoDB'. 
2022-03-19 19:00:00.190 DEBUG [acme.framework.components.database.DatabaseUtil@main] Executing script command 'create table quantity (id integer not null, version integer not null, amount integer not null, artifact_id integer, toolkit_id integer, primary key (id)) engine=InnoDB'. 
2022-03-19 19:00:00.206 DEBUG [acme.framework.components.database.DatabaseUtil@main] Executing script command 'create table toolkit (id integer not null, version integer not null, assembly_notes varchar(255), code varchar(255), description varchar(255), link varchar(255), title varchar(255), primary key (id)) engine=InnoDB'. 
2022-03-19 19:00:00.224 DEBUG [acme.framework.components.database.DatabaseUtil@main] Executing script command 'create table user_account (id integer not null, version integer not null, enabled bit not null, identity blob, password varchar(255), username varchar(255), primary key (id)) engine=InnoDB'. 
2022-03-19 19:00:00.240 DEBUG [acme.framework.components.database.DatabaseUtil@main] Executing script command 'alter table artifact add constraint UK_g1ad0tae8u6y364oiwfi6am2n unique (code)'. 
2022-03-19 19:00:00.264 DEBUG [acme.framework.components.database.DatabaseUtil@main] Executing script command 'alter table patronage add constraint UK_7s289l63ihnn85qwyna5cqbfh unique (code)'. 
2022-03-19 19:00:00.290 DEBUG [acme.framework.components.database.DatabaseUtil@main] Executing script command 'alter table toolkit add constraint UK_qvml9bbjdvicrw1wt0e1bej3c unique (code)'. 
2022-03-19 19:00:00.314 DEBUG [acme.framework.components.database.DatabaseUtil@main] Executing script command 'alter table user_account add constraint UK_castjbvpeeus0r8lbpehiu0e4 unique (username)'. 
2022-03-19 19:00:00.336 DEBUG [acme.framework.components.database.DatabaseUtil@main] Executing script command 'alter table administrator add constraint FK_2a5vcjo3stlfcwadosjfq49l1 foreign key (user_account_id) references user_account (id)'. 
2022-03-19 19:00:00.363 DEBUG [acme.framework.components.database.DatabaseUtil@main] Executing script command 'alter table anonymous add constraint FK_6lnbc6fo3om54vugoh8icg78m foreign key (user_account_id) references user_account (id)'. 
2022-03-19 19:00:00.388 DEBUG [acme.framework.components.database.DatabaseUtil@main] Executing script command 'alter table artifact add constraint FKp95y14h91fu2n0o1exlfj5ptd foreign key (toolkit_id) references toolkit (id)'. 
2022-03-19 19:00:00.409 DEBUG [acme.framework.components.database.DatabaseUtil@main] Executing script command 'alter table authenticated add constraint FK_h52w0f3wjoi68b63wv9vwon57 foreign key (user_account_id) references user_account (id)'. 
2022-03-19 19:00:00.435 DEBUG [acme.framework.components.database.DatabaseUtil@main] Executing script command 'alter table consumer add constraint FK_6cyha9f1wpj0dpbxrrjddrqed foreign key (user_account_id) references user_account (id)'. 
2022-03-19 19:00:00.457 DEBUG [acme.framework.components.database.DatabaseUtil@main] Executing script command 'alter table patronage add constraint FKgkbt6mel1m6joiypsbc2ko6mi foreign key (inventor_id) references inventor (id)'. 
2022-03-19 19:00:00.485 DEBUG [acme.framework.components.database.DatabaseUtil@main] Executing script command 'alter table patronage add constraint FK7d5o2dlu1d9orplkn5g91lsgc foreign key (patron_id) references patron (id)'. 
2022-03-19 19:00:00.507 DEBUG [acme.framework.components.database.DatabaseUtil@main] Executing script command 'alter table patronage_report add constraint FKli7rh2qb2q6bjix6b8o2dpt41 foreign key (patronage_id) references patronage (id)'. 
2022-03-19 19:00:00.532 DEBUG [acme.framework.components.database.DatabaseUtil@main] Executing script command 'alter table provider add constraint FK_b1gwnjqm6ggy9yuiqm0o4rlmd foreign key (user_account_id) references user_account (id)'. 
2022-03-19 19:00:00.556 DEBUG [acme.framework.components.database.DatabaseUtil@main] Executing script command 'alter table quantity add constraint FKc0mpv8ow80mpelvp47h0genwp foreign key (artifact_id) references artifact (id)'. 
2022-03-19 19:00:00.578 DEBUG [acme.framework.components.database.DatabaseUtil@main] Executing script command 'alter table quantity add constraint FKr1l7hfxuemn7o9d0qi4kawlmg foreign key (toolkit_id) references toolkit (id)'. 
2022-03-19 19:00:00.602 DEBUG [acme.framework.components.database.DatabaseUtil@main] Executing script command 'set foreign_key_checks=1'. 
2022-03-19 19:00:00.603 DEBUG [acme.framework.components.database.DatabaseUtil@main] Committing transaction '2004034406'. 
2022-03-19 19:00:00.605 INFO  [acme.framework.components.database.DatabasePopulator@main] Reading entities from 'classpath:/WEB-INF/resources/initial-data' 
2022-03-19 19:00:00.610 DEBUG [acme.framework.components.database.Dataset@main] Reading dataset from 'C:\Users\pablo\Desktop\WDP2\Workspace-22.0\Projects\Acme-Toolkits\target\classes\WEB-INF\resources\initial-data\administrator.csv' 
2022-03-19 19:00:00.683 DEBUG [acme.framework.components.database.Dataset@main] Reading mapping '{key:user-account=user-account-administrator-01, key=administrator-01}' from 'C:\Users\pablo\Desktop\WDP2\Workspace-22.0\Projects\Acme-Toolkits\target\classes\WEB-INF\resources\initial-data\administrator.csv' 
2022-03-19 19:00:00.685 DEBUG [acme.framework.components.database.Dataset@main] Reading dataset from 'C:\Users\pablo\Desktop\WDP2\Workspace-22.0\Projects\Acme-Toolkits\target\classes\WEB-INF\resources\initial-data\anonymous.csv' 
2022-03-19 19:00:00.685 DEBUG [acme.framework.components.database.Dataset@main] Reading mapping '{key:user-account=user-account-anonymous-01, key=anonymous-01}' from 'C:\Users\pablo\Desktop\WDP2\Workspace-22.0\Projects\Acme-Toolkits\target\classes\WEB-INF\resources\initial-data\anonymous.csv' 
2022-03-19 19:00:00.685 DEBUG [acme.framework.components.database.Dataset@main] Reading dataset from 'C:\Users\pablo\Desktop\WDP2\Workspace-22.0\Projects\Acme-Toolkits\target\classes\WEB-INF\resources\initial-data\authenticated.csv' 
2022-03-19 19:00:00.686 DEBUG [acme.framework.components.database.Dataset@main] Reading mapping '{key:user-account=user-account-administrator-01, key=authenticated-administrator-01}' from 'C:\Users\pablo\Desktop\WDP2\Workspace-22.0\Projects\Acme-Toolkits\target\classes\WEB-INF\resources\initial-data\authenticated.csv' 
2022-03-19 19:00:00.686 DEBUG [acme.framework.components.database.Dataset@main] Reading dataset from 'C:\Users\pablo\Desktop\WDP2\Workspace-22.0\Projects\Acme-Toolkits\target\classes\WEB-INF\resources\initial-data\config-data.csv' 
2022-03-19 19:00:00.686 DEBUG [acme.framework.components.database.Dataset@main] Reading mapping '{weak-spam-terms=sexy, nigeria, you've won, has ganado, strong-spam-treshold=10, accepted-currencies=EUR, USD, GBP, weak-spam-treshold=25, system-currency=EUR, strong-spam-terms=sex, hard core, viagra, cialis, sexo, hardcore, key=config-data}' from 'C:\Users\pablo\Desktop\WDP2\Workspace-22.0\Projects\Acme-Toolkits\target\classes\WEB-INF\resources\initial-data\config-data.csv' 
2022-03-19 19:00:00.687 DEBUG [acme.framework.components.database.Dataset@main] Reading dataset from 'C:\Users\pablo\Desktop\WDP2\Workspace-22.0\Projects\Acme-Toolkits\target\classes\WEB-INF\resources\initial-data\user-account.csv' 
2022-03-19 19:00:00.688 DEBUG [acme.framework.components.database.Dataset@main] Reading mapping '{password=HIDDEN-PASSWORD, identity=UserIdentity{name: 'John', surname: 'Doe', email: 'john.doe@acme.com'}, key=user-account-anonymous-01, enabled=false, username=anonymous}' from 'C:\Users\pablo\Desktop\WDP2\Workspace-22.0\Projects\Acme-Toolkits\target\classes\WEB-INF\resources\initial-data\user-account.csv' 
2022-03-19 19:00:00.688 DEBUG [acme.framework.components.database.Dataset@main] Reading mapping '{password=administrator, identity=UserIdentity{name: 'Administrator', surname: 'Acme', email: 'administrator@acme.com'}, key=user-account-administrator-01, enabled=true, username=administrator}' from 'C:\Users\pablo\Desktop\WDP2\Workspace-22.0\Projects\Acme-Toolkits\target\classes\WEB-INF\resources\initial-data\user-account.csv' 
2022-03-19 19:00:00.688 DEBUG [acme.framework.components.database.Dataset@main] Reading mapping '{password=patron1, identity=UserIdentity{name: 'patron', surname: '1', email: 'patron@1.com'}, key=user-account-patron1, enabled=true, username=patron1}' from 'C:\Users\pablo\Desktop\WDP2\Workspace-22.0\Projects\Acme-Toolkits\target\classes\WEB-INF\resources\initial-data\user-account.csv' 
2022-03-19 19:00:00.688 DEBUG [acme.framework.components.database.Dataset@main] Reading mapping '{password=patron2, identity=UserIdentity{name: 'patron', surname: '2', email: 'patron@2.com'}, key=user-account-patron2, enabled=true, username=patron2}' from 'C:\Users\pablo\Desktop\WDP2\Workspace-22.0\Projects\Acme-Toolkits\target\classes\WEB-INF\resources\initial-data\user-account.csv' 
2022-03-19 19:00:00.688 DEBUG [acme.framework.components.database.Dataset@main] Reading mapping '{password=inventor1, identity=UserIdentity{name: 'inventor', surname: '1', email: 'inventor@1.com'}, key=user-account-inventor1, enabled=true, username=inventor1}' from 'C:\Users\pablo\Desktop\WDP2\Workspace-22.0\Projects\Acme-Toolkits\target\classes\WEB-INF\resources\initial-data\user-account.csv' 
2022-03-19 19:00:00.688 DEBUG [acme.framework.components.database.Dataset@main] Reading mapping '{password=inventor2, identity=UserIdentity{name: 'inventor', surname: '2', email: 'inventor@2.com'}, key=user-account-inventor2, enabled=true, username=inventor2}' from 'C:\Users\pablo\Desktop\WDP2\Workspace-22.0\Projects\Acme-Toolkits\target\classes\WEB-INF\resources\initial-data\user-account.csv' 
2022-03-19 19:00:00.689 DEBUG [acme.framework.components.database.EntityWeb@main] Setting attributes of entities of class acme.framework.roles.Authenticated 
2022-03-19 19:00:00.689 DEBUG [acme.framework.components.database.EntityWeb@main] Setting attributes of entities of class acme.entities.data.ConfigData 
2022-03-19 19:00:00.706 DEBUG [acme.framework.components.database.EntityWeb@main] Setting attributes of entities of class acme.framework.roles.Administrator 
2022-03-19 19:00:00.706 DEBUG [acme.framework.components.database.EntityWeb@main] Setting attributes of entities of class acme.framework.roles.Anonymous 
2022-03-19 19:00:00.706 DEBUG [acme.framework.components.database.EntityWeb@main] Setting attributes of entities of class acme.framework.entities.UserAccount 
2022-03-19 19:00:00.970 DEBUG [acme.framework.components.database.EntityWeb@main] Linking entities of class acme.framework.roles.Authenticated 
2022-03-19 19:00:00.979 DEBUG [acme.framework.components.database.EntityWeb@main] Linking entities of class acme.entities.data.ConfigData 
2022-03-19 19:00:00.979 DEBUG [acme.framework.components.database.EntityWeb@main] Linking entities of class acme.framework.roles.Administrator 
2022-03-19 19:00:00.990 DEBUG [acme.framework.components.database.EntityWeb@main] Linking entities of class acme.framework.roles.Anonymous 
2022-03-19 19:00:01.001 DEBUG [acme.framework.components.database.EntityWeb@main] Linking entities of class acme.framework.entities.UserAccount 
2022-03-19 19:00:01.002 INFO  [acme.framework.components.database.DatabasePopulator@main] Reading entities from 'classpath:/WEB-INF/resources/sample-data' 
2022-03-19 19:00:01.004 DEBUG [acme.framework.components.database.Dataset@main] Reading dataset from 'C:\Users\pablo\Desktop\WDP2\Workspace-22.0\Projects\Acme-Toolkits\target\classes\WEB-INF\resources\sample-data\announcement.csv' 
2022-03-19 19:00:01.006 DEBUG [acme.framework.components.database.Dataset@main] Reading mapping '{critical=true, link=thebatman.com, title=The Batman only on cinemas now!, body=Go to the cinemas now, key=announcement-01, moment=2022/03/04 21:45}' from 'C:\Users\pablo\Desktop\WDP2\Workspace-22.0\Projects\Acme-Toolkits\target\classes\WEB-INF\resources\sample-data\announcement.csv' 
2022-03-19 19:00:01.006 DEBUG [acme.framework.components.database.Dataset@main] Reading mapping '{critical=false, link=google.com, title=I don't know what to say!, body=Seriously i have no clue, key=announcement-02, moment=2022/03/05 21:50}' from 'C:\Users\pablo\Desktop\WDP2\Workspace-22.0\Projects\Acme-Toolkits\target\classes\WEB-INF\resources\sample-data\announcement.csv' 
2022-03-19 19:00:01.006 DEBUG [acme.framework.components.database.Dataset@main] Reading dataset from 'C:\Users\pablo\Desktop\WDP2\Workspace-22.0\Projects\Acme-Toolkits\target\classes\WEB-INF\resources\sample-data\artifact.csv' 
2022-03-19 19:00:01.007 DEBUG [acme.framework.components.database.Dataset@main] Reading mapping '{code=FBI123A, link=https://www.arduino.cc/, description=A component developed using Arduino technology, technology=Arduino, type=0, retailPrice=EUR 50.0, key=artifact-01}' from 'C:\Users\pablo\Desktop\WDP2\Workspace-22.0\Projects\Acme-Toolkits\target\classes\WEB-INF\resources\sample-data\artifact.csv' 
2022-03-19 19:00:01.007 DEBUG [acme.framework.components.database.Dataset@main] Reading mapping '{code=ZYX084B, link=adobe.com, description=A fast program for Graphic Desing, technology=photoshop, type=1, retailPrice=GBP 20.0, key=artifact-02}' from 'C:\Users\pablo\Desktop\WDP2\Workspace-22.0\Projects\Acme-Toolkits\target\classes\WEB-INF\resources\sample-data\artifact.csv' 
2022-03-19 19:00:01.008 DEBUG [acme.framework.components.database.Dataset@main] Reading dataset from 'C:\Users\pablo\Desktop\WDP2\Workspace-22.0\Projects\Acme-Toolkits\target\classes\WEB-INF\resources\sample-data\chirp.csv' 
2022-03-19 19:00:01.008 DEBUG [acme.framework.components.database.Dataset@main] Reading mapping '{author=Don Mclean, title=Amazing Chirp, body=What an amazing Chirp!, key=chirp-01, email=amazingChirp@mail.com, moment=2021/05/23 18:33}' from 'C:\Users\pablo\Desktop\WDP2\Workspace-22.0\Projects\Acme-Toolkits\target\classes\WEB-INF\resources\sample-data\chirp.csv' 
2022-03-19 19:00:01.009 DEBUG [acme.framework.components.database.Dataset@main] Reading mapping '{author=Roger Daltrey, title=The Chirp, body=The Roger's Chirp, key=chirp-02, email=rogersChirp@mail.com, moment=2013/02/28 14:23}' from 'C:\Users\pablo\Desktop\WDP2\Workspace-22.0\Projects\Acme-Toolkits\target\classes\WEB-INF\resources\sample-data\chirp.csv' 
2022-03-19 19:00:01.009 DEBUG [acme.framework.components.database.Dataset@main] Reading dataset from 'C:\Users\pablo\Desktop\WDP2\Workspace-22.0\Projects\Acme-Toolkits\target\classes\WEB-INF\resources\sample-data\consumer.csv' 
2022-03-19 19:00:01.010 DEBUG [acme.framework.components.database.Dataset@main] Reading mapping '{key:user-account=user-account-administrator-01, company=Macarena, Inc., sector=Telecommunications, key=consumer-01}' from 'C:\Users\pablo\Desktop\WDP2\Workspace-22.0\Projects\Acme-Toolkits\target\classes\WEB-INF\resources\sample-data\consumer.csv' 
2022-03-19 19:00:01.010 DEBUG [acme.framework.components.database.Dataset@main] Reading dataset from 'C:\Users\pablo\Desktop\WDP2\Workspace-22.0\Projects\Acme-Toolkits\target\classes\WEB-INF\resources\sample-data\inventor.csv' 
2022-03-19 19:00:01.011 DEBUG [acme.framework.components.database.Dataset@main] Reading mapping '{key:user-account=user-account-inventor1, statement=task failed, link=apple.com, company=Apple, key=inventor-01}' from 'C:\Users\pablo\Desktop\WDP2\Workspace-22.0\Projects\Acme-Toolkits\target\classes\WEB-INF\resources\sample-data\inventor.csv' 
2022-03-19 19:00:01.011 DEBUG [acme.framework.components.database.Dataset@main] Reading mapping '{key:user-account=user-account-inventor2, statement=Task failed, link=apple.com, company=Apple, key=inventor-02}' from 'C:\Users\pablo\Desktop\WDP2\Workspace-22.0\Projects\Acme-Toolkits\target\classes\WEB-INF\resources\sample-data\inventor.csv' 
2022-03-19 19:00:01.011 DEBUG [acme.framework.components.database.Dataset@main] Reading dataset from 'C:\Users\pablo\Desktop\WDP2\Workspace-22.0\Projects\Acme-Toolkits\target\classes\WEB-INF\resources\sample-data\patron.csv' 
2022-03-19 19:00:01.012 DEBUG [acme.framework.components.database.Dataset@main] Reading mapping '{key:user-account=user-account-patron1, statement=Task completed, link=thebatman.com, company=Microsoft, key=patron-01}' from 'C:\Users\pablo\Desktop\WDP2\Workspace-22.0\Projects\Acme-Toolkits\target\classes\WEB-INF\resources\sample-data\patron.csv' 
2022-03-19 19:00:01.012 DEBUG [acme.framework.components.database.Dataset@main] Reading mapping '{key:user-account=user-account-patron2, statement=Task completed, link=thebatman.com, company=Microsoft, key=patron-02}' from 'C:\Users\pablo\Desktop\WDP2\Workspace-22.0\Projects\Acme-Toolkits\target\classes\WEB-INF\resources\sample-data\patron.csv' 
2022-03-19 19:00:01.012 DEBUG [acme.framework.components.database.Dataset@main] Reading dataset from 'C:\Users\pablo\Desktop\WDP2\Workspace-22.0\Projects\Acme-Toolkits\target\classes\WEB-INF\resources\sample-data\patronage-report.csv' 
2022-03-19 19:00:01.013 DEBUG [acme.framework.components.database.Dataset@main] Reading mapping '{link=nano.net, sequence-number=ALO-014:0001, creation-moment=2021/12/01 12:00, inventor=inventor-01, memorandum=Patronage accepted!, patronage=patronage-01, key=patronage-report-01}' from 'C:\Users\pablo\Desktop\WDP2\Workspace-22.0\Projects\Acme-Toolkits\target\classes\WEB-INF\resources\sample-data\patronage-report.csv' 
2022-03-19 19:00:01.013 DEBUG [acme.framework.components.database.Dataset@main] Reading mapping '{link=ham.net, sequence-number=FBI-797:0001, creation-moment=2020/12/01 12:00, inventor=inventor-02, memorandum=Patronage denied!, patronage=patronage-02, key=patronage-report-02}' from 'C:\Users\pablo\Desktop\WDP2\Workspace-22.0\Projects\Acme-Toolkits\target\classes\WEB-INF\resources\sample-data\patronage-report.csv' 
2022-03-19 19:00:01.013 DEBUG [acme.framework.components.database.Dataset@main] Reading dataset from 'C:\Users\pablo\Desktop\WDP2\Workspace-22.0\Projects\Acme-Toolkits\target\classes\WEB-INF\resources\sample-data\patronage.csv' 
2022-03-19 19:00:01.014 DEBUG [acme.framework.components.database.Dataset@main] Reading mapping '{key:inventor=inventor-01, code=ALO014A, legal-stuff=Absolutely legal, finish-date=2022/12/31 15:00, link=nano.net, start-date=2021/12/31 12:00, key:patron=patron-01, key=patronage-01, status=ACCEPTED, budget=EUR 250.0}' from 'C:\Users\pablo\Desktop\WDP2\Workspace-22.0\Projects\Acme-Toolkits\target\classes\WEB-INF\resources\sample-data\patronage.csv' 
2022-03-19 19:00:01.014 DEBUG [acme.framework.components.database.Dataset@main] Reading mapping '{key:inventor=inventor-01, code=HAM044B, legal-stuff=Totally illegal, finish-date=2021/12/30 22:47, link=ham.net, start-date=2020/12/31 15:36, key:patron=patron-02, key=patronage-02, status=DENIED, budget=EUR 50.0}' from 'C:\Users\pablo\Desktop\WDP2\Workspace-22.0\Projects\Acme-Toolkits\target\classes\WEB-INF\resources\sample-data\patronage.csv' 
2022-03-19 19:00:01.014 DEBUG [acme.framework.components.database.Dataset@main] Reading dataset from 'C:\Users\pablo\Desktop\WDP2\Workspace-22.0\Projects\Acme-Toolkits\target\classes\WEB-INF\resources\sample-data\provider.csv' 
2022-03-19 19:00:01.015 DEBUG [acme.framework.components.database.Dataset@main] Reading mapping '{key:user-account=user-account-administrator-01, company=Terra Nets, S.A., sector=Internet, key=provider-01}' from 'C:\Users\pablo\Desktop\WDP2\Workspace-22.0\Projects\Acme-Toolkits\target\classes\WEB-INF\resources\sample-data\provider.csv' 
2022-03-19 19:00:01.016 DEBUG [acme.framework.components.database.Dataset@main] Reading dataset from 'C:\Users\pablo\Desktop\WDP2\Workspace-22.0\Projects\Acme-Toolkits\target\classes\WEB-INF\resources\sample-data\quantity.csv' 
2022-03-19 19:00:01.016 DEBUG [acme.framework.components.database.Dataset@main] Reading mapping '{key:artifact=artifact-01, amount=1, key:toolkit=toolkit-01, key=quantity-01}' from 'C:\Users\pablo\Desktop\WDP2\Workspace-22.0\Projects\Acme-Toolkits\target\classes\WEB-INF\resources\sample-data\quantity.csv' 
2022-03-19 19:00:01.017 DEBUG [acme.framework.components.database.Dataset@main] Reading dataset from 'C:\Users\pablo\Desktop\WDP2\Workspace-22.0\Projects\Acme-Toolkits\target\classes\WEB-INF\resources\sample-data\toolkit.csv' 
2022-03-19 19:00:01.017 DEBUG [acme.framework.components.database.Dataset@main] Reading mapping '{assemblyNotes=nothing important, code=LOL909, link=tool.com, description=A complete tech tool kit, title=Tech Tool Kit, key=toolkit-01}' from 'C:\Users\pablo\Desktop\WDP2\Workspace-22.0\Projects\Acme-Toolkits\target\classes\WEB-INF\resources\sample-data\toolkit.csv' 
2022-03-19 19:00:01.017 DEBUG [acme.framework.components.database.Dataset@main] Reading mapping '{assemblyNotes=assembly with caution, code=XDD191, link=null, description=a, title=Awesome Tool Kit, key=toolkit-02}' from 'C:\Users\pablo\Desktop\WDP2\Workspace-22.0\Projects\Acme-Toolkits\target\classes\WEB-INF\resources\sample-data\toolkit.csv' 
2022-03-19 19:00:01.017 DEBUG [acme.framework.components.database.EntityWeb@main] Setting attributes of entities of class acme.entities.artifacts.Toolkit 
2022-03-19 19:00:01.024 DEBUG [acme.framework.components.database.EntityWeb@main] Setting attributes of entities of class acme.entities.announcement.Announcement 
2022-03-19 19:00:01.035 DEBUG [acme.framework.configuration.ExtendedMessageSource@main] Loading properties [C:\Users\pablo\Desktop\WDP2\Workspace-22.0\Projects\Acme-Toolkits\target\classes\WEB-INF\views\administrator\user-account\messages-en.i18n] with encoding 'utf-8' 
2022-03-19 19:00:01.036 DEBUG [acme.framework.configuration.ExtendedMessageSource@main] Loading properties [C:\Users\pablo\Desktop\WDP2\Workspace-22.0\Projects\Acme-Toolkits\target\classes\WEB-INF\views\anonymous\user-account\messages-en.i18n] with encoding 'utf-8' 
2022-03-19 19:00:01.037 DEBUG [acme.framework.configuration.ExtendedMessageSource@main] Loading properties [C:\Users\pablo\Desktop\WDP2\Workspace-22.0\Projects\Acme-Toolkits\target\classes\WEB-INF\views\authenticated\consumer\messsages-en.i18n] with encoding 'utf-8' 
2022-03-19 19:00:01.038 DEBUG [acme.framework.configuration.ExtendedMessageSource@main] Loading properties [C:\Users\pablo\Desktop\WDP2\Workspace-22.0\Projects\Acme-Toolkits\target\classes\WEB-INF\views\authenticated\provider\messsages-en.i18n] with encoding 'utf-8' 
2022-03-19 19:00:01.039 DEBUG [acme.framework.configuration.ExtendedMessageSource@main] Loading properties [C:\Users\pablo\Desktop\WDP2\Workspace-22.0\Projects\Acme-Toolkits\target\classes\WEB-INF\views\authenticated\user-account\messages-en.i18n] with encoding 'utf-8' 
2022-03-19 19:00:01.039 DEBUG [acme.framework.configuration.ExtendedMessageSource@main] Loading properties [C:\Users\pablo\Desktop\WDP2\Workspace-22.0\Projects\Acme-Toolkits\target\classes\WEB-INF\views\fragments\banner-en.i18n] with encoding 'utf-8' 
2022-03-19 19:00:01.041 DEBUG [acme.framework.configuration.ExtendedMessageSource@main] Loading properties [C:\Users\pablo\Desktop\WDP2\Workspace-22.0\Projects\Acme-Toolkits\target\classes\WEB-INF\views\fragments\company-en.i18n] with encoding 'utf-8' 
2022-03-19 19:00:01.042 DEBUG [acme.framework.configuration.ExtendedMessageSource@main] Loading properties [C:\Users\pablo\Desktop\WDP2\Workspace-22.0\Projects\Acme-Toolkits\target\classes\WEB-INF\views\fragments\footer-en.i18n] with encoding 'utf-8' 
2022-03-19 19:00:01.043 DEBUG [acme.framework.configuration.ExtendedMessageSource@main] Loading properties [C:\Users\pablo\Desktop\WDP2\Workspace-22.0\Projects\Acme-Toolkits\target\classes\WEB-INF\views\fragments\license-en.i18n] with encoding 'utf-8' 
2022-03-19 19:00:01.045 DEBUG [acme.framework.configuration.ExtendedMessageSource@main] Loading properties [C:\Users\pablo\Desktop\WDP2\Workspace-22.0\Projects\Acme-Toolkits\target\classes\WEB-INF\views\fragments\menu-en.i18n] with encoding 'utf-8' 
2022-03-19 19:00:01.046 DEBUG [acme.framework.configuration.ExtendedMessageSource@main] Loading properties [C:\Users\pablo\Desktop\WDP2\Workspace-22.0\Projects\Acme-Toolkits\target\classes\WEB-INF\views\fragments\messsages-en.i18n] with encoding 'utf-8' 
2022-03-19 19:00:01.047 DEBUG [acme.framework.configuration.ExtendedMessageSource@main] Loading properties [C:\Users\pablo\Desktop\WDP2\Workspace-22.0\Projects\Acme-Toolkits\target\classes\WEB-INF\views\fragments\title-en.i18n] with encoding 'utf-8' 
2022-03-19 19:00:01.048 DEBUG [acme.framework.configuration.ExtendedMessageSource@main] Loading properties [C:\Users\pablo\Desktop\WDP2\Workspace-22.0\Projects\Acme-Toolkits\target\classes\WEB-INF\views\fragments\welcome-en.i18n] with encoding 'utf-8' 
2022-03-19 19:00:01.049 DEBUG [acme.framework.configuration.ExtendedMessageSource@main] Loading properties [C:\Users\pablo\Desktop\WDP2\Workspace-22.0\Projects\Acme-Toolkits\target\classes\WEB-INF\views\master\defaults-en.i18n] with encoding 'utf-8' 
2022-03-19 19:00:01.051 DEBUG [acme.framework.configuration.ExtendedMessageSource@main] Loading properties [C:\Users\pablo\Desktop\WDP2\Workspace-22.0\Projects\Acme-Toolkits\target\classes\WEB-INF\views\master\master-en.i18n] with encoding 'utf-8' 
2022-03-19 19:00:01.055 DEBUG [acme.framework.configuration.ExtendedMessageSource@main] Loading properties [C:\Users\pablo\Desktop\WDP2\Workspace-22.0\Projects\Acme-Toolkits\target\classes\WEB-INF\views\master\throwables-en.i18n] with encoding 'utf-8' 
2022-03-19 19:00:01.056 DEBUG [acme.framework.configuration.ExtendedMessageSource@main] Loading properties [C:\Users\pablo\Desktop\WDP2\Workspace-22.0\Projects\Acme-Toolkits\target\classes\WEB-INF\views\master\validation-en.i18n] with encoding 'utf-8' 
2022-03-19 19:00:01.059 DEBUG [acme.framework.components.database.EntityWeb@main] Setting attributes of entities of class acme.entities.artifacts.Quantity 
2022-03-19 19:00:01.067 DEBUG [acme.framework.components.database.EntityWeb@main] Setting attributes of entities of class acme.entities.artifacts.Artifact 
2022-03-19 19:00:01.075 ERROR [acme.Launcher@main] acme.framework.components.database.EntityWeb.computeRegularAttributes(EntityWeb.java:252): C:\Users\pablo\Desktop\WDP2\Workspace-22.0\Projects\Acme-Toolkits\target\classes\WEB-INF\resources\sample-data\artifact.csv: cannot read/write property 'acme.entities.artifacts.Artifact::type' 
2022-03-19 19:00:01.076 INFO  [acme.Launcher@main] The application log provides additional debugging messages! 
2022-03-19 19:00:02.356 INFO  [acme.framework.configuration.ShutdownConfiguration@main] The system is shutting down... 
2022-03-19 19:00:02.372 DEBUG [acme.Launcher@main] Exit code = 0 
